{"total": {"lines":{"total":588,"covered":284,"skipped":0,"pct":48.3},"statements":{"total":601,"covered":290,"skipped":0,"pct":48.25},"functions":{"total":148,"covered":81,"skipped":0,"pct":54.73},"branches":{"total":164,"covered":72,"skipped":0,"pct":43.9}}
,"C:\\Users\\Tay\\Desktop\\Coding\\flower-game-phaser3\\src\\App.jsx": {"lines":{"total":1,"covered":1,"skipped":0,"pct":100},"functions":{"total":1,"covered":1,"skipped":0,"pct":100},"statements":{"total":1,"covered":1,"skipped":0,"pct":100},"branches":{"total":0,"covered":0,"skipped":0,"pct":100}}
,"C:\\Users\\Tay\\Desktop\\Coding\\flower-game-phaser3\\src\\exampleState.js": {"lines":{"total":18,"covered":18,"skipped":0,"pct":100},"functions":{"total":0,"covered":0,"skipped":0,"pct":100},"statements":{"total":18,"covered":18,"skipped":0,"pct":100},"branches":{"total":0,"covered":0,"skipped":0,"pct":100}}
,"C:\\Users\\Tay\\Desktop\\Coding\\flower-game-phaser3\\src\\index.js": {"lines":{"total":4,"covered":4,"skipped":0,"pct":100},"functions":{"total":0,"covered":0,"skipped":0,"pct":100},"statements":{"total":4,"covered":4,"skipped":0,"pct":100},"branches":{"total":2,"covered":2,"skipped":0,"pct":100}}
,"C:\\Users\\Tay\\Desktop\\Coding\\flower-game-phaser3\\src\\actions\\indexActions.js": {"lines":{"total":16,"covered":16,"skipped":0,"pct":100},"functions":{"total":8,"covered":8,"skipped":0,"pct":100},"statements":{"total":16,"covered":16,"skipped":0,"pct":100},"branches":{"total":0,"covered":0,"skipped":0,"pct":100}}
,"C:\\Users\\Tay\\Desktop\\Coding\\flower-game-phaser3\\src\\components\\Allele.js": {"lines":{"total":11,"covered":11,"skipped":0,"pct":100},"functions":{"total":4,"covered":4,"skipped":0,"pct":100},"statements":{"total":11,"covered":11,"skipped":0,"pct":100},"branches":{"total":5,"covered":4,"skipped":0,"pct":80}}
,"C:\\Users\\Tay\\Desktop\\Coding\\flower-game-phaser3\\src\\components\\ColorSquare.js": {"lines":{"total":5,"covered":5,"skipped":0,"pct":100},"functions":{"total":1,"covered":1,"skipped":0,"pct":100},"statements":{"total":5,"covered":5,"skipped":0,"pct":100},"branches":{"total":2,"covered":1,"skipped":0,"pct":50}}
,"C:\\Users\\Tay\\Desktop\\Coding\\flower-game-phaser3\\src\\components\\Diploid.js": {"lines":{"total":2,"covered":2,"skipped":0,"pct":100},"functions":{"total":1,"covered":1,"skipped":0,"pct":100},"statements":{"total":2,"covered":2,"skipped":0,"pct":100},"branches":{"total":0,"covered":0,"skipped":0,"pct":100}}
,"C:\\Users\\Tay\\Desktop\\Coding\\flower-game-phaser3\\src\\components\\FlowerShapeIcon.js": {"lines":{"total":11,"covered":9,"skipped":0,"pct":81.82},"functions":{"total":2,"covered":2,"skipped":0,"pct":100},"statements":{"total":11,"covered":9,"skipped":0,"pct":81.82},"branches":{"total":5,"covered":3,"skipped":0,"pct":60}}
,"C:\\Users\\Tay\\Desktop\\Coding\\flower-game-phaser3\\src\\components\\Punnett.js": {"lines":{"total":1,"covered":1,"skipped":0,"pct":100},"functions":{"total":1,"covered":1,"skipped":0,"pct":100},"statements":{"total":1,"covered":1,"skipped":0,"pct":100},"branches":{"total":0,"covered":0,"skipped":0,"pct":100}}
,"C:\\Users\\Tay\\Desktop\\Coding\\flower-game-phaser3\\src\\components\\PunnettTableGene.js": {"lines":{"total":2,"covered":2,"skipped":0,"pct":100},"functions":{"total":1,"covered":1,"skipped":0,"pct":100},"statements":{"total":2,"covered":2,"skipped":0,"pct":100},"branches":{"total":0,"covered":0,"skipped":0,"pct":100}}
,"C:\\Users\\Tay\\Desktop\\Coding\\flower-game-phaser3\\src\\components\\TableAllele.js": {"lines":{"total":6,"covered":6,"skipped":0,"pct":100},"functions":{"total":2,"covered":2,"skipped":0,"pct":100},"statements":{"total":6,"covered":6,"skipped":0,"pct":100},"branches":{"total":0,"covered":0,"skipped":0,"pct":100}}
,"C:\\Users\\Tay\\Desktop\\Coding\\flower-game-phaser3\\src\\components\\AlleleListbox\\AlleleListboxContainer.js": {"lines":{"total":13,"covered":11,"skipped":0,"pct":84.62},"functions":{"total":5,"covered":4,"skipped":0,"pct":80},"statements":{"total":13,"covered":11,"skipped":0,"pct":84.62},"branches":{"total":4,"covered":1,"skipped":0,"pct":25}}
,"C:\\Users\\Tay\\Desktop\\Coding\\flower-game-phaser3\\src\\components\\AlleleListbox\\AlleleListboxOptions.js": {"lines":{"total":9,"covered":2,"skipped":0,"pct":22.22},"functions":{"total":4,"covered":0,"skipped":0,"pct":0},"statements":{"total":9,"covered":2,"skipped":0,"pct":22.22},"branches":{"total":0,"covered":0,"skipped":0,"pct":100}}
,"C:\\Users\\Tay\\Desktop\\Coding\\flower-game-phaser3\\src\\components\\AlleleListbox\\AlleleListboxSelect.js": {"lines":{"total":4,"covered":4,"skipped":0,"pct":100},"functions":{"total":1,"covered":1,"skipped":0,"pct":100},"statements":{"total":4,"covered":4,"skipped":0,"pct":100},"branches":{"total":2,"covered":1,"skipped":0,"pct":50}}
,"C:\\Users\\Tay\\Desktop\\Coding\\flower-game-phaser3\\src\\components\\AlleleListbox\\handlers\\listboxHandlers.js": {"lines":{"total":44,"covered":4,"skipped":0,"pct":9.09},"functions":{"total":15,"covered":0,"skipped":0,"pct":0},"statements":{"total":46,"covered":4,"skipped":0,"pct":8.7},"branches":{"total":22,"covered":0,"skipped":0,"pct":0}}
,"C:\\Users\\Tay\\Desktop\\Coding\\flower-game-phaser3\\src\\components\\Dashboard\\AddRecessiveAllele.js": {"lines":{"total":14,"covered":9,"skipped":0,"pct":64.29},"functions":{"total":6,"covered":4,"skipped":0,"pct":66.67},"statements":{"total":14,"covered":9,"skipped":0,"pct":64.29},"branches":{"total":2,"covered":1,"skipped":0,"pct":50}}
,"C:\\Users\\Tay\\Desktop\\Coding\\flower-game-phaser3\\src\\components\\Dashboard\\BeeCanFlyButton.js": {"lines":{"total":6,"covered":2,"skipped":0,"pct":33.33},"functions":{"total":5,"covered":2,"skipped":0,"pct":40},"statements":{"total":6,"covered":2,"skipped":0,"pct":33.33},"branches":{"total":4,"covered":2,"skipped":0,"pct":50}}
,"C:\\Users\\Tay\\Desktop\\Coding\\flower-game-phaser3\\src\\components\\Dashboard\\ClearLocalStorageButton.js": {"lines":{"total":4,"covered":2,"skipped":0,"pct":50},"functions":{"total":3,"covered":2,"skipped":0,"pct":66.67},"statements":{"total":4,"covered":2,"skipped":0,"pct":50},"branches":{"total":0,"covered":0,"skipped":0,"pct":100}}
,"C:\\Users\\Tay\\Desktop\\Coding\\flower-game-phaser3\\src\\components\\Dashboard\\Dashboard.js": {"lines":{"total":2,"covered":2,"skipped":0,"pct":100},"functions":{"total":1,"covered":1,"skipped":0,"pct":100},"statements":{"total":2,"covered":2,"skipped":0,"pct":100},"branches":{"total":0,"covered":0,"skipped":0,"pct":100}}
,"C:\\Users\\Tay\\Desktop\\Coding\\flower-game-phaser3\\src\\components\\Dashboard\\NewFlowerFromPunnettButton.js": {"lines":{"total":10,"covered":5,"skipped":0,"pct":50},"functions":{"total":3,"covered":2,"skipped":0,"pct":66.67},"statements":{"total":10,"covered":5,"skipped":0,"pct":50},"branches":{"total":4,"covered":4,"skipped":0,"pct":100}}
,"C:\\Users\\Tay\\Desktop\\Coding\\flower-game-phaser3\\src\\components\\Dashboard\\NewRandomFlowerButton.js": {"lines":{"total":5,"covered":2,"skipped":0,"pct":40},"functions":{"total":3,"covered":2,"skipped":0,"pct":66.67},"statements":{"total":5,"covered":2,"skipped":0,"pct":40},"branches":{"total":0,"covered":0,"skipped":0,"pct":100}}
,"C:\\Users\\Tay\\Desktop\\Coding\\flower-game-phaser3\\src\\components\\Dashboard\\RemoveRecessiveAllele.js": {"lines":{"total":12,"covered":6,"skipped":0,"pct":50},"functions":{"total":5,"covered":2,"skipped":0,"pct":40},"statements":{"total":12,"covered":6,"skipped":0,"pct":50},"branches":{"total":2,"covered":1,"skipped":0,"pct":50}}
,"C:\\Users\\Tay\\Desktop\\Coding\\flower-game-phaser3\\src\\components\\Dashboard\\SaveToLocalStorageButton.js": {"lines":{"total":4,"covered":2,"skipped":0,"pct":50},"functions":{"total":3,"covered":2,"skipped":0,"pct":66.67},"statements":{"total":4,"covered":2,"skipped":0,"pct":50},"branches":{"total":0,"covered":0,"skipped":0,"pct":100}}
,"C:\\Users\\Tay\\Desktop\\Coding\\flower-game-phaser3\\src\\components\\FlowerTable\\FlowerName.js": {"lines":{"total":12,"covered":3,"skipped":0,"pct":25},"functions":{"total":5,"covered":1,"skipped":0,"pct":20},"statements":{"total":12,"covered":3,"skipped":0,"pct":25},"branches":{"total":4,"covered":1,"skipped":0,"pct":25}}
,"C:\\Users\\Tay\\Desktop\\Coding\\flower-game-phaser3\\src\\components\\FlowerTable\\FlowerTable.js": {"lines":{"total":5,"covered":5,"skipped":0,"pct":100},"functions":{"total":3,"covered":3,"skipped":0,"pct":100},"statements":{"total":5,"covered":5,"skipped":0,"pct":100},"branches":{"total":2,"covered":1,"skipped":0,"pct":50}}
,"C:\\Users\\Tay\\Desktop\\Coding\\flower-game-phaser3\\src\\components\\FlowerTable\\FlowerTableHeader.js": {"lines":{"total":3,"covered":3,"skipped":0,"pct":100},"functions":{"total":2,"covered":2,"skipped":0,"pct":100},"statements":{"total":3,"covered":3,"skipped":0,"pct":100},"branches":{"total":0,"covered":0,"skipped":0,"pct":100}}
,"C:\\Users\\Tay\\Desktop\\Coding\\flower-game-phaser3\\src\\components\\FlowerTable\\FlowerTableRows.js": {"lines":{"total":7,"covered":7,"skipped":0,"pct":100},"functions":{"total":2,"covered":2,"skipped":0,"pct":100},"statements":{"total":7,"covered":7,"skipped":0,"pct":100},"branches":{"total":0,"covered":0,"skipped":0,"pct":100}}
,"C:\\Users\\Tay\\Desktop\\Coding\\flower-game-phaser3\\src\\determinants\\determineColor.js": {"lines":{"total":20,"covered":19,"skipped":0,"pct":95},"functions":{"total":3,"covered":3,"skipped":0,"pct":100},"statements":{"total":21,"covered":20,"skipped":0,"pct":95.24},"branches":{"total":20,"covered":17,"skipped":0,"pct":85}}
,"C:\\Users\\Tay\\Desktop\\Coding\\flower-game-phaser3\\src\\determinants\\determineFlowerShape.js": {"lines":{"total":8,"covered":8,"skipped":0,"pct":100},"functions":{"total":2,"covered":2,"skipped":0,"pct":100},"statements":{"total":8,"covered":8,"skipped":0,"pct":100},"branches":{"total":2,"covered":2,"skipped":0,"pct":100}}
,"C:\\Users\\Tay\\Desktop\\Coding\\flower-game-phaser3\\src\\determinants\\determineGenotypePhenotype.js": {"lines":{"total":15,"covered":15,"skipped":0,"pct":100},"functions":{"total":5,"covered":5,"skipped":0,"pct":100},"statements":{"total":15,"covered":15,"skipped":0,"pct":100},"branches":{"total":3,"covered":3,"skipped":0,"pct":100}}
,"C:\\Users\\Tay\\Desktop\\Coding\\flower-game-phaser3\\src\\determinants\\determinePosition.js": {"lines":{"total":17,"covered":17,"skipped":0,"pct":100},"functions":{"total":4,"covered":4,"skipped":0,"pct":100},"statements":{"total":18,"covered":18,"skipped":0,"pct":100},"branches":{"total":8,"covered":7,"skipped":0,"pct":87.5}}
,"C:\\Users\\Tay\\Desktop\\Coding\\flower-game-phaser3\\src\\determinants\\determineStem.js": {"lines":{"total":6,"covered":6,"skipped":0,"pct":100},"functions":{"total":2,"covered":2,"skipped":0,"pct":100},"statements":{"total":6,"covered":6,"skipped":0,"pct":100},"branches":{"total":0,"covered":0,"skipped":0,"pct":100}}
,"C:\\Users\\Tay\\Desktop\\Coding\\flower-game-phaser3\\src\\middleware\\indexMiddleware.js": {"lines":{"total":1,"covered":1,"skipped":0,"pct":100},"functions":{"total":0,"covered":0,"skipped":0,"pct":100},"statements":{"total":1,"covered":1,"skipped":0,"pct":100},"branches":{"total":0,"covered":0,"skipped":0,"pct":100}}
,"C:\\Users\\Tay\\Desktop\\Coding\\flower-game-phaser3\\src\\middleware\\logger.js": {"lines":{"total":7,"covered":1,"skipped":0,"pct":14.29},"functions":{"total":3,"covered":2,"skipped":0,"pct":66.67},"statements":{"total":9,"covered":3,"skipped":0,"pct":33.33},"branches":{"total":0,"covered":0,"skipped":0,"pct":100}}
,"C:\\Users\\Tay\\Desktop\\Coding\\flower-game-phaser3\\src\\middleware\\recessivizerMiddleware.js": {"lines":{"total":9,"covered":1,"skipped":0,"pct":11.11},"functions":{"total":3,"covered":2,"skipped":0,"pct":66.67},"statements":{"total":11,"covered":3,"skipped":0,"pct":27.27},"branches":{"total":2,"covered":0,"skipped":0,"pct":0}}
,"C:\\Users\\Tay\\Desktop\\Coding\\flower-game-phaser3\\src\\phaser\\create.js": {"lines":{"total":17,"covered":0,"skipped":0,"pct":0},"functions":{"total":3,"covered":0,"skipped":0,"pct":0},"statements":{"total":17,"covered":0,"skipped":0,"pct":0},"branches":{"total":2,"covered":0,"skipped":0,"pct":0}}
,"C:\\Users\\Tay\\Desktop\\Coding\\flower-game-phaser3\\src\\phaser\\init.js": {"lines":{"total":22,"covered":0,"skipped":0,"pct":0},"functions":{"total":1,"covered":0,"skipped":0,"pct":0},"statements":{"total":22,"covered":0,"skipped":0,"pct":0},"branches":{"total":2,"covered":0,"skipped":0,"pct":0}}
,"C:\\Users\\Tay\\Desktop\\Coding\\flower-game-phaser3\\src\\phaser\\preload.js": {"lines":{"total":36,"covered":0,"skipped":0,"pct":0},"functions":{"total":4,"covered":0,"skipped":0,"pct":0},"statements":{"total":36,"covered":0,"skipped":0,"pct":0},"branches":{"total":2,"covered":0,"skipped":0,"pct":0}}
,"C:\\Users\\Tay\\Desktop\\Coding\\flower-game-phaser3\\src\\phaser\\scene.js": {"lines":{"total":4,"covered":0,"skipped":0,"pct":0},"functions":{"total":4,"covered":0,"skipped":0,"pct":0},"statements":{"total":4,"covered":0,"skipped":0,"pct":0},"branches":{"total":0,"covered":0,"skipped":0,"pct":100}}
,"C:\\Users\\Tay\\Desktop\\Coding\\flower-game-phaser3\\src\\phaser\\update.js": {"lines":{"total":5,"covered":0,"skipped":0,"pct":0},"functions":{"total":1,"covered":0,"skipped":0,"pct":0},"statements":{"total":5,"covered":0,"skipped":0,"pct":0},"branches":{"total":4,"covered":0,"skipped":0,"pct":0}}
,"C:\\Users\\Tay\\Desktop\\Coding\\flower-game-phaser3\\src\\phaser\\utils\\add3dControls.js": {"lines":{"total":18,"covered":0,"skipped":0,"pct":0},"functions":{"total":5,"covered":0,"skipped":0,"pct":0},"statements":{"total":22,"covered":0,"skipped":0,"pct":0},"branches":{"total":8,"covered":0,"skipped":0,"pct":0}}
,"C:\\Users\\Tay\\Desktop\\Coding\\flower-game-phaser3\\src\\phaser\\utils\\add3dFlower.js": {"lines":{"total":7,"covered":0,"skipped":0,"pct":0},"functions":{"total":1,"covered":0,"skipped":0,"pct":0},"statements":{"total":7,"covered":0,"skipped":0,"pct":0},"branches":{"total":0,"covered":0,"skipped":0,"pct":100}}
,"C:\\Users\\Tay\\Desktop\\Coding\\flower-game-phaser3\\src\\phaser\\utils\\addBeeFrameRotation.js": {"lines":{"total":13,"covered":0,"skipped":0,"pct":0},"functions":{"total":3,"covered":0,"skipped":0,"pct":0},"statements":{"total":13,"covered":0,"skipped":0,"pct":0},"branches":{"total":0,"covered":0,"skipped":0,"pct":100}}
,"C:\\Users\\Tay\\Desktop\\Coding\\flower-game-phaser3\\src\\phaser\\utils\\addFlowerToGame.js": {"lines":{"total":9,"covered":0,"skipped":0,"pct":0},"functions":{"total":1,"covered":0,"skipped":0,"pct":0},"statements":{"total":9,"covered":0,"skipped":0,"pct":0},"branches":{"total":0,"covered":0,"skipped":0,"pct":100}}
,"C:\\Users\\Tay\\Desktop\\Coding\\flower-game-phaser3\\src\\phaser\\utils\\addNewFlowers.js": {"lines":{"total":4,"covered":0,"skipped":0,"pct":0},"functions":{"total":1,"covered":0,"skipped":0,"pct":0},"statements":{"total":5,"covered":0,"skipped":0,"pct":0},"branches":{"total":0,"covered":0,"skipped":0,"pct":100}}
,"C:\\Users\\Tay\\Desktop\\Coding\\flower-game-phaser3\\src\\phaser\\utils\\beeOnFlowerCollision.js": {"lines":{"total":17,"covered":0,"skipped":0,"pct":0},"functions":{"total":1,"covered":0,"skipped":0,"pct":0},"statements":{"total":17,"covered":0,"skipped":0,"pct":0},"branches":{"total":6,"covered":0,"skipped":0,"pct":0}}
,"C:\\Users\\Tay\\Desktop\\Coding\\flower-game-phaser3\\src\\phaser\\utils\\checkStore.js": {"lines":{"total":12,"covered":0,"skipped":0,"pct":0},"functions":{"total":2,"covered":0,"skipped":0,"pct":0},"statements":{"total":12,"covered":0,"skipped":0,"pct":0},"branches":{"total":6,"covered":0,"skipped":0,"pct":0}}
,"C:\\Users\\Tay\\Desktop\\Coding\\flower-game-phaser3\\src\\phaser\\utils\\rotation.js": {"lines":{"total":38,"covered":7,"skipped":0,"pct":18.42},"functions":{"total":2,"covered":0,"skipped":0,"pct":0},"statements":{"total":38,"covered":7,"skipped":0,"pct":18.42},"branches":{"total":16,"covered":0,"skipped":0,"pct":0}}
,"C:\\Users\\Tay\\Desktop\\Coding\\flower-game-phaser3\\src\\reducers\\beesReducer.js": {"lines":{"total":6,"covered":6,"skipped":0,"pct":100},"functions":{"total":1,"covered":1,"skipped":0,"pct":100},"statements":{"total":6,"covered":6,"skipped":0,"pct":100},"branches":{"total":4,"covered":4,"skipped":0,"pct":100}}
,"C:\\Users\\Tay\\Desktop\\Coding\\flower-game-phaser3\\src\\reducers\\configReducer.js": {"lines":{"total":9,"covered":9,"skipped":0,"pct":100},"functions":{"total":2,"covered":2,"skipped":0,"pct":100},"statements":{"total":9,"covered":9,"skipped":0,"pct":100},"branches":{"total":5,"covered":5,"skipped":0,"pct":100}}
,"C:\\Users\\Tay\\Desktop\\Coding\\flower-game-phaser3\\src\\reducers\\flowersReducer.js": {"lines":{"total":11,"covered":11,"skipped":0,"pct":100},"functions":{"total":1,"covered":1,"skipped":0,"pct":100},"statements":{"total":11,"covered":11,"skipped":0,"pct":100},"branches":{"total":5,"covered":5,"skipped":0,"pct":100}}
,"C:\\Users\\Tay\\Desktop\\Coding\\flower-game-phaser3\\src\\reducers\\indexReducer.js": {"lines":{"total":1,"covered":1,"skipped":0,"pct":100},"functions":{"total":0,"covered":0,"skipped":0,"pct":100},"statements":{"total":1,"covered":1,"skipped":0,"pct":100},"branches":{"total":0,"covered":0,"skipped":0,"pct":100}}
,"C:\\Users\\Tay\\Desktop\\Coding\\flower-game-phaser3\\src\\reducers\\punnettReducer.js": {"lines":{"total":7,"covered":7,"skipped":0,"pct":100},"functions":{"total":2,"covered":2,"skipped":0,"pct":100},"statements":{"total":7,"covered":7,"skipped":0,"pct":100},"branches":{"total":5,"covered":5,"skipped":0,"pct":100}}
,"C:\\Users\\Tay\\Desktop\\Coding\\flower-game-phaser3\\src\\types\\actions.js": {"lines":{"total":9,"covered":9,"skipped":0,"pct":100},"functions":{"total":0,"covered":0,"skipped":0,"pct":100},"statements":{"total":9,"covered":9,"skipped":0,"pct":100},"branches":{"total":0,"covered":0,"skipped":0,"pct":100}}
,"C:\\Users\\Tay\\Desktop\\Coding\\flower-game-phaser3\\src\\types\\allTypes.js": {"lines":{"total":1,"covered":1,"skipped":0,"pct":100},"functions":{"total":0,"covered":0,"skipped":0,"pct":100},"statements":{"total":1,"covered":1,"skipped":0,"pct":100},"branches":{"total":0,"covered":0,"skipped":0,"pct":100}}
,"C:\\Users\\Tay\\Desktop\\Coding\\flower-game-phaser3\\src\\types\\colors.js": {"lines":{"total":1,"covered":1,"skipped":0,"pct":100},"functions":{"total":0,"covered":0,"skipped":0,"pct":100},"statements":{"total":1,"covered":1,"skipped":0,"pct":100},"branches":{"total":0,"covered":0,"skipped":0,"pct":100}}
,"C:\\Users\\Tay\\Desktop\\Coding\\flower-game-phaser3\\src\\types\\flowerShapes.js": {"lines":{"total":1,"covered":1,"skipped":0,"pct":100},"functions":{"total":0,"covered":0,"skipped":0,"pct":100},"statements":{"total":1,"covered":1,"skipped":0,"pct":100},"branches":{"total":0,"covered":0,"skipped":0,"pct":100}}
,"C:\\Users\\Tay\\Desktop\\Coding\\flower-game-phaser3\\src\\types\\flowerStems.js": {"lines":{"total":1,"covered":1,"skipped":0,"pct":100},"functions":{"total":0,"covered":0,"skipped":0,"pct":100},"statements":{"total":1,"covered":1,"skipped":0,"pct":100},"branches":{"total":0,"covered":0,"skipped":0,"pct":100}}
,"C:\\Users\\Tay\\Desktop\\Coding\\flower-game-phaser3\\src\\utils\\localStorage.js": {"lines":{"total":20,"covered":13,"skipped":0,"pct":65},"functions":{"total":3,"covered":3,"skipped":0,"pct":100},"statements":{"total":20,"covered":13,"skipped":0,"pct":65},"branches":{"total":2,"covered":1,"skipped":0,"pct":50}}
,"C:\\Users\\Tay\\Desktop\\Coding\\flower-game-phaser3\\src\\utils\\screenSize.js": {"lines":{"total":1,"covered":1,"skipped":0,"pct":100},"functions":{"total":0,"covered":0,"skipped":0,"pct":100},"statements":{"total":1,"covered":1,"skipped":0,"pct":100},"branches":{"total":0,"covered":0,"skipped":0,"pct":100}}
,"C:\\Users\\Tay\\Desktop\\Coding\\flower-game-phaser3\\src\\utils\\visualFormatting.js": {"lines":{"total":2,"covered":2,"skipped":0,"pct":100},"functions":{"total":1,"covered":1,"skipped":0,"pct":100},"statements":{"total":2,"covered":2,"skipped":0,"pct":100},"branches":{"total":2,"covered":1,"skipped":0,"pct":50}}
,"C:\\Users\\Tay\\Desktop\\Coding\\flower-game-phaser3\\test\\mocks\\fileMock.js": {"lines":{"total":1,"covered":1,"skipped":0,"pct":100},"functions":{"total":0,"covered":0,"skipped":0,"pct":100},"statements":{"total":1,"covered":1,"skipped":0,"pct":100},"branches":{"total":0,"covered":0,"skipped":0,"pct":100}}
,"C:\\Users\\Tay\\Desktop\\Coding\\flower-game-phaser3\\test\\mocks\\styleMock.js": {"lines":{"total":1,"covered":1,"skipped":0,"pct":100},"functions":{"total":0,"covered":0,"skipped":0,"pct":100},"statements":{"total":1,"covered":1,"skipped":0,"pct":100},"branches":{"total":0,"covered":0,"skipped":0,"pct":100}}
}
