{"C:\\Users\\Tay\\Desktop\\Coding\\flower-game-phaser3\\src\\App.jsx": {"path":"C:\\Users\\Tay\\Desktop\\Coding\\flower-game-phaser3\\src\\App.jsx","statementMap":{"0":{"start":{"line":10,"column":2},"end":{"line":20,"column":4}}},"fnMap":{"0":{"name":"(anonymous_0)","decl":{"start":{"line":9,"column":1},"end":{"line":9,"column":2}},"loc":{"start":{"line":9,"column":10},"end":{"line":21,"column":2}},"line":9}},"branchMap":{},"s":{"0":1},"f":{"0":1},"b":{},"_coverageSchema":"43e27e138ebf9cfc5966b082cf9a028302ed4184","hash":"56ad765c65585c87792d7d174e452791c7321ad0"}
,"C:\\Users\\Tay\\Desktop\\Coding\\flower-game-phaser3\\src\\exampleState.js": {"path":"C:\\Users\\Tay\\Desktop\\Coding\\flower-game-phaser3\\src\\exampleState.js","statementMap":{"0":{"start":{"line":12,"column":15},"end":{"line":12,"column":31}},"1":{"start":{"line":13,"column":15},"end":{"line":13,"column":31}},"2":{"start":{"line":14,"column":15},"end":{"line":14,"column":31}},"3":{"start":{"line":15,"column":15},"end":{"line":15,"column":31}},"4":{"start":{"line":17,"column":15},"end":{"line":17,"column":31}},"5":{"start":{"line":18,"column":15},"end":{"line":18,"column":31}},"6":{"start":{"line":19,"column":15},"end":{"line":19,"column":31}},"7":{"start":{"line":20,"column":15},"end":{"line":20,"column":31}},"8":{"start":{"line":22,"column":20},"end":{"line":22,"column":51}},"9":{"start":{"line":23,"column":20},"end":{"line":23,"column":51}},"10":{"start":{"line":24,"column":20},"end":{"line":24,"column":51}},"11":{"start":{"line":25,"column":20},"end":{"line":25,"column":51}},"12":{"start":{"line":27,"column":20},"end":{"line":31,"column":1}},"13":{"start":{"line":33,"column":20},"end":{"line":37,"column":1}},"14":{"start":{"line":39,"column":25},"end":{"line":39,"column":62}},"15":{"start":{"line":41,"column":21},"end":{"line":41,"column":70}},"16":{"start":{"line":43,"column":21},"end":{"line":43,"column":70}},"17":{"start":{"line":45,"column":21},"end":{"line":89,"column":1}}},"fnMap":{},"branchMap":{},"s":{"0":1,"1":1,"2":1,"3":1,"4":1,"5":1,"6":1,"7":1,"8":1,"9":1,"10":1,"11":1,"12":1,"13":1,"14":1,"15":1,"16":1,"17":1},"f":{},"b":{},"_coverageSchema":"43e27e138ebf9cfc5966b082cf9a028302ed4184","hash":"7a014d06bf7aeccf41fc8cfe898ae734ac68d80d"}
,"C:\\Users\\Tay\\Desktop\\Coding\\flower-game-phaser3\\src\\actions\\indexActions.js": {"path":"C:\\Users\\Tay\\Desktop\\Coding\\flower-game-phaser3\\src\\actions\\indexActions.js","statementMap":{"0":{"start":{"line":11,"column":34},"end":{"line":16,"column":1}},"1":{"start":{"line":12,"column":1},"end":{"line":15,"column":3}},"2":{"start":{"line":18,"column":25},"end":{"line":23,"column":1}},"3":{"start":{"line":19,"column":1},"end":{"line":22,"column":3}},"4":{"start":{"line":25,"column":28},"end":{"line":30,"column":1}},"5":{"start":{"line":26,"column":1},"end":{"line":29,"column":3}},"6":{"start":{"line":32,"column":26},"end":{"line":37,"column":1}},"7":{"start":{"line":33,"column":1},"end":{"line":36,"column":3}},"8":{"start":{"line":39,"column":25},"end":{"line":44,"column":1}},"9":{"start":{"line":40,"column":1},"end":{"line":43,"column":3}},"10":{"start":{"line":46,"column":33},"end":{"line":51,"column":1}},"11":{"start":{"line":47,"column":1},"end":{"line":50,"column":3}},"12":{"start":{"line":53,"column":36},"end":{"line":58,"column":1}},"13":{"start":{"line":54,"column":1},"end":{"line":57,"column":3}}},"fnMap":{"0":{"name":"(anonymous_0)","decl":{"start":{"line":11,"column":34},"end":{"line":11,"column":35}},"loc":{"start":{"line":11,"column":42},"end":{"line":16,"column":1}},"line":11},"1":{"name":"(anonymous_1)","decl":{"start":{"line":18,"column":25},"end":{"line":18,"column":26}},"loc":{"start":{"line":18,"column":33},"end":{"line":23,"column":1}},"line":18},"2":{"name":"(anonymous_2)","decl":{"start":{"line":25,"column":28},"end":{"line":25,"column":29}},"loc":{"start":{"line":25,"column":57},"end":{"line":30,"column":1}},"line":25},"3":{"name":"(anonymous_3)","decl":{"start":{"line":32,"column":26},"end":{"line":32,"column":27}},"loc":{"start":{"line":32,"column":35},"end":{"line":37,"column":1}},"line":32},"4":{"name":"(anonymous_4)","decl":{"start":{"line":39,"column":25},"end":{"line":39,"column":26}},"loc":{"start":{"line":39,"column":33},"end":{"line":44,"column":1}},"line":39},"5":{"name":"(anonymous_5)","decl":{"start":{"line":46,"column":33},"end":{"line":46,"column":34}},"loc":{"start":{"line":46,"column":41},"end":{"line":51,"column":1}},"line":46},"6":{"name":"(anonymous_6)","decl":{"start":{"line":53,"column":36},"end":{"line":53,"column":37}},"loc":{"start":{"line":53,"column":44},"end":{"line":58,"column":1}},"line":53}},"branchMap":{},"s":{"0":1,"1":0,"2":1,"3":0,"4":1,"5":0,"6":1,"7":0,"8":1,"9":0,"10":1,"11":0,"12":1,"13":0},"f":{"0":0,"1":0,"2":0,"3":0,"4":0,"5":0,"6":0},"b":{},"_coverageSchema":"43e27e138ebf9cfc5966b082cf9a028302ed4184","hash":"1501a4e45c4f8b3c08ec7613836cdf6dbc2cfa12"}
,"C:\\Users\\Tay\\Desktop\\Coding\\flower-game-phaser3\\src\\components\\Allele.js": {"path":"C:\\Users\\Tay\\Desktop\\Coding\\flower-game-phaser3\\src\\components\\Allele.js","statementMap":{"0":{"start":{"line":8,"column":15},"end":{"line":28,"column":1}},"1":{"start":{"line":9,"column":49},"end":{"line":9,"column":54}},"2":{"start":{"line":10,"column":19},"end":{"line":12,"column":2}},"3":{"start":{"line":13,"column":1},"end":{"line":27,"column":3}},"4":{"start":{"line":17,"column":4},"end":{"line":24,"column":5}},"5":{"start":{"line":19,"column":6},"end":{"line":19,"column":48}},"6":{"start":{"line":21,"column":6},"end":{"line":21,"column":52}},"7":{"start":{"line":23,"column":6},"end":{"line":23,"column":18}},"8":{"start":{"line":32,"column":0},"end":{"line":42,"column":2}},"9":{"start":{"line":34,"column":47},"end":{"line":34,"column":66}},"10":{"start":{"line":39,"column":39},"end":{"line":39,"column":73}}},"fnMap":{"0":{"name":"(anonymous_0)","decl":{"start":{"line":8,"column":15},"end":{"line":8,"column":16}},"loc":{"start":{"line":8,"column":24},"end":{"line":28,"column":1}},"line":8},"1":{"name":"(anonymous_1)","decl":{"start":{"line":16,"column":5},"end":{"line":16,"column":6}},"loc":{"start":{"line":16,"column":11},"end":{"line":25,"column":4}},"line":16},"2":{"name":"(anonymous_2)","decl":{"start":{"line":34,"column":38},"end":{"line":34,"column":39}},"loc":{"start":{"line":34,"column":47},"end":{"line":34,"column":66}},"line":34},"3":{"name":"(anonymous_3)","decl":{"start":{"line":39,"column":31},"end":{"line":39,"column":32}},"loc":{"start":{"line":39,"column":39},"end":{"line":39,"column":73}},"line":39}},"branchMap":{"0":{"loc":{"start":{"line":11,"column":13},"end":{"line":11,"column":42}},"type":"cond-expr","locations":[{"start":{"line":11,"column":27},"end":{"line":11,"column":35}},{"start":{"line":11,"column":38},"end":{"line":11,"column":42}}],"line":11},"1":{"loc":{"start":{"line":17,"column":4},"end":{"line":24,"column":5}},"type":"switch","locations":[{"start":{"line":18,"column":5},"end":{"line":19,"column":48}},{"start":{"line":20,"column":5},"end":{"line":21,"column":52}},{"start":{"line":22,"column":5},"end":{"line":23,"column":18}}],"line":17}},"s":{"0":1,"1":0,"2":0,"3":0,"4":0,"5":0,"6":0,"7":0,"8":1,"9":4,"10":3},"f":{"0":0,"1":0,"2":4,"3":3},"b":{"0":[0,0],"1":[0,0,0]},"_coverageSchema":"43e27e138ebf9cfc5966b082cf9a028302ed4184","hash":"358f3b7512ac214a1156a7909378b53c258d7232"}
,"C:\\Users\\Tay\\Desktop\\Coding\\flower-game-phaser3\\src\\components\\ColorSquare.js": {"path":"C:\\Users\\Tay\\Desktop\\Coding\\flower-game-phaser3\\src\\components\\ColorSquare.js","statementMap":{"0":{"start":{"line":4,"column":20},"end":{"line":20,"column":1}},"1":{"start":{"line":5,"column":19},"end":{"line":5,"column":24}},"2":{"start":{"line":6,"column":18},"end":{"line":6,"column":52}},"3":{"start":{"line":7,"column":1},"end":{"line":19,"column":3}},"4":{"start":{"line":24,"column":0},"end":{"line":26,"column":2}}},"fnMap":{"0":{"name":"(anonymous_0)","decl":{"start":{"line":4,"column":20},"end":{"line":4,"column":21}},"loc":{"start":{"line":4,"column":29},"end":{"line":20,"column":1}},"line":4}},"branchMap":{"0":{"loc":{"start":{"line":9,"column":4},"end":{"line":17,"column":4}},"type":"cond-expr","locations":[{"start":{"line":10,"column":4},"end":{"line":12,"column":11}},{"start":{"line":14,"column":4},"end":{"line":16,"column":11}}],"line":9}},"s":{"0":1,"1":0,"2":0,"3":0,"4":1},"f":{"0":0},"b":{"0":[0,0]},"_coverageSchema":"43e27e138ebf9cfc5966b082cf9a028302ed4184","hash":"907ae5d87911af6ba0822effa14d089827a6b559"}
,"C:\\Users\\Tay\\Desktop\\Coding\\flower-game-phaser3\\src\\components\\Diploid.js": {"path":"C:\\Users\\Tay\\Desktop\\Coding\\flower-game-phaser3\\src\\components\\Diploid.js","statementMap":{"0":{"start":{"line":15,"column":51},"end":{"line":15,"column":61}},"1":{"start":{"line":16,"column":2},"end":{"line":34,"column":4}}},"fnMap":{"0":{"name":"(anonymous_0)","decl":{"start":{"line":14,"column":1},"end":{"line":14,"column":2}},"loc":{"start":{"line":14,"column":10},"end":{"line":35,"column":2}},"line":14}},"branchMap":{},"s":{"0":0,"1":0},"f":{"0":0},"b":{},"_coverageSchema":"43e27e138ebf9cfc5966b082cf9a028302ed4184","hash":"178b1d98bfba1908614b48da6fcc64f1d0615ce5"}
,"C:\\Users\\Tay\\Desktop\\Coding\\flower-game-phaser3\\src\\components\\FlowerShapeIcon.js": {"path":"C:\\Users\\Tay\\Desktop\\Coding\\flower-game-phaser3\\src\\components\\FlowerShapeIcon.js","statementMap":{"0":{"start":{"line":7,"column":24},"end":{"line":37,"column":1}},"1":{"start":{"line":8,"column":19},"end":{"line":8,"column":24}},"2":{"start":{"line":9,"column":19},"end":{"line":9,"column":46}},"3":{"start":{"line":11,"column":1},"end":{"line":36,"column":3}},"4":{"start":{"line":14,"column":4},"end":{"line":33,"column":5}},"5":{"start":{"line":16,"column":6},"end":{"line":18,"column":8}},"6":{"start":{"line":20,"column":6},"end":{"line":22,"column":8}},"7":{"start":{"line":24,"column":6},"end":{"line":26,"column":8}},"8":{"start":{"line":28,"column":6},"end":{"line":30,"column":8}},"9":{"start":{"line":32,"column":6},"end":{"line":32,"column":18}},"10":{"start":{"line":41,"column":0},"end":{"line":43,"column":2}}},"fnMap":{"0":{"name":"(anonymous_0)","decl":{"start":{"line":7,"column":24},"end":{"line":7,"column":25}},"loc":{"start":{"line":7,"column":33},"end":{"line":37,"column":1}},"line":7},"1":{"name":"(anonymous_1)","decl":{"start":{"line":13,"column":5},"end":{"line":13,"column":6}},"loc":{"start":{"line":13,"column":11},"end":{"line":34,"column":4}},"line":13}},"branchMap":{"0":{"loc":{"start":{"line":14,"column":4},"end":{"line":33,"column":5}},"type":"switch","locations":[{"start":{"line":15,"column":5},"end":{"line":18,"column":8}},{"start":{"line":19,"column":5},"end":{"line":22,"column":8}},{"start":{"line":23,"column":5},"end":{"line":26,"column":8}},{"start":{"line":27,"column":5},"end":{"line":30,"column":8}},{"start":{"line":31,"column":5},"end":{"line":32,"column":18}}],"line":14}},"s":{"0":1,"1":0,"2":0,"3":0,"4":0,"5":0,"6":0,"7":0,"8":0,"9":0,"10":1},"f":{"0":0,"1":0},"b":{"0":[0,0,0,0,0]},"_coverageSchema":"43e27e138ebf9cfc5966b082cf9a028302ed4184","hash":"8c3d03e58269c3bfe720e2f103f1ba1e6f018814"}
,"C:\\Users\\Tay\\Desktop\\Coding\\flower-game-phaser3\\src\\components\\Punnett.js": {"path":"C:\\Users\\Tay\\Desktop\\Coding\\flower-game-phaser3\\src\\components\\Punnett.js","statementMap":{"0":{"start":{"line":9,"column":2},"end":{"line":14,"column":4}}},"fnMap":{"0":{"name":"(anonymous_0)","decl":{"start":{"line":8,"column":1},"end":{"line":8,"column":2}},"loc":{"start":{"line":8,"column":10},"end":{"line":15,"column":2}},"line":8}},"branchMap":{},"s":{"0":1},"f":{"0":1},"b":{},"_coverageSchema":"43e27e138ebf9cfc5966b082cf9a028302ed4184","hash":"ba9faaed569790899ba6b6ce6269a610d7adb296"}
,"C:\\Users\\Tay\\Desktop\\Coding\\flower-game-phaser3\\src\\components\\PunnettTableGene.js": {"path":"C:\\Users\\Tay\\Desktop\\Coding\\flower-game-phaser3\\src\\components\\PunnettTableGene.js","statementMap":{"0":{"start":{"line":15,"column":19},"end":{"line":15,"column":29}},"1":{"start":{"line":16,"column":2},"end":{"line":111,"column":4}}},"fnMap":{"0":{"name":"(anonymous_0)","decl":{"start":{"line":14,"column":1},"end":{"line":14,"column":2}},"loc":{"start":{"line":14,"column":10},"end":{"line":112,"column":2}},"line":14}},"branchMap":{},"s":{"0":1,"1":1},"f":{"0":1},"b":{},"_coverageSchema":"43e27e138ebf9cfc5966b082cf9a028302ed4184","hash":"853dc20ef6eb5cd9a9d7bb80584f3249cd6985ae"}
,"C:\\Users\\Tay\\Desktop\\Coding\\flower-game-phaser3\\src\\components\\TableAllele.js": {"path":"C:\\Users\\Tay\\Desktop\\Coding\\flower-game-phaser3\\src\\components\\TableAllele.js","statementMap":{"0":{"start":{"line":20,"column":6},"end":{"line":20,"column":16}},"1":{"start":{"line":21,"column":26},"end":{"line":21,"column":60}},"2":{"start":{"line":24,"column":3},"end":{"line":24,"column":57}},"3":{"start":{"line":26,"column":22},"end":{"line":26,"column":58}},"4":{"start":{"line":27,"column":2},"end":{"line":33,"column":4}},"5":{"start":{"line":38,"column":1},"end":{"line":41,"column":3}}},"fnMap":{"0":{"name":"(anonymous_0)","decl":{"start":{"line":13,"column":1},"end":{"line":13,"column":2}},"loc":{"start":{"line":13,"column":10},"end":{"line":34,"column":2}},"line":13},"1":{"name":"mapStateToProps","decl":{"start":{"line":37,"column":9},"end":{"line":37,"column":24}},"loc":{"start":{"line":37,"column":46},"end":{"line":42,"column":1}},"line":37}},"branchMap":{},"s":{"0":0,"1":0,"2":0,"3":0,"4":0,"5":0},"f":{"0":0,"1":0},"b":{},"_coverageSchema":"43e27e138ebf9cfc5966b082cf9a028302ed4184","hash":"36333a080dd2b92f49a78bf8c44ee685f1b3d5bf"}
,"C:\\Users\\Tay\\Desktop\\Coding\\flower-game-phaser3\\src\\components\\AlleleListbox\\AlleleListboxContainer.js": {"path":"C:\\Users\\Tay\\Desktop\\Coding\\flower-game-phaser3\\src\\components\\AlleleListbox\\AlleleListboxContainer.js","statementMap":{"0":{"start":{"line":25,"column":2},"end":{"line":25,"column":15}},"1":{"start":{"line":27,"column":2},"end":{"line":27,"column":37}},"2":{"start":{"line":28,"column":2},"end":{"line":28,"column":31}},"3":{"start":{"line":29,"column":2},"end":{"line":29,"column":61}},"4":{"start":{"line":30,"column":2},"end":{"line":30,"column":47}},"5":{"start":{"line":31,"column":2},"end":{"line":31,"column":56}},"6":{"start":{"line":42,"column":2},"end":{"line":42,"column":31}},"7":{"start":{"line":48,"column":2},"end":{"line":50,"column":3}},"8":{"start":{"line":49,"column":3},"end":{"line":49,"column":41}},"9":{"start":{"line":54,"column":25},"end":{"line":54,"column":35}},"10":{"start":{"line":55,"column":54},"end":{"line":55,"column":64}},"11":{"start":{"line":56,"column":2},"end":{"line":82,"column":4}},"12":{"start":{"line":87,"column":1},"end":{"line":90,"column":3}}},"fnMap":{"0":{"name":"(anonymous_0)","decl":{"start":{"line":24,"column":1},"end":{"line":24,"column":2}},"loc":{"start":{"line":24,"column":20},"end":{"line":32,"column":2}},"line":24},"1":{"name":"(anonymous_1)","decl":{"start":{"line":41,"column":20},"end":{"line":41,"column":21}},"loc":{"start":{"line":41,"column":26},"end":{"line":43,"column":2}},"line":41},"2":{"name":"(anonymous_2)","decl":{"start":{"line":45,"column":16},"end":{"line":45,"column":17}},"loc":{"start":{"line":45,"column":27},"end":{"line":51,"column":2}},"line":45},"3":{"name":"(anonymous_3)","decl":{"start":{"line":53,"column":1},"end":{"line":53,"column":2}},"loc":{"start":{"line":53,"column":10},"end":{"line":83,"column":2}},"line":53},"4":{"name":"mapStateToProps","decl":{"start":{"line":86,"column":9},"end":{"line":86,"column":24}},"loc":{"start":{"line":86,"column":47},"end":{"line":91,"column":1}},"line":86}},"branchMap":{"0":{"loc":{"start":{"line":48,"column":2},"end":{"line":50,"column":3}},"type":"if","locations":[{"start":{"line":48,"column":2},"end":{"line":50,"column":3}},{"start":{"line":48,"column":2},"end":{"line":50,"column":3}}],"line":48},"1":{"loc":{"start":{"line":68,"column":6},"end":{"line":79,"column":6}},"type":"cond-expr","locations":[{"start":{"line":69,"column":6},"end":{"line":75,"column":8}},{"start":{"line":78,"column":6},"end":{"line":78,"column":37}}],"line":68}},"s":{"0":0,"1":0,"2":0,"3":0,"4":0,"5":0,"6":0,"7":0,"8":0,"9":0,"10":0,"11":0,"12":0},"f":{"0":0,"1":0,"2":0,"3":0,"4":0},"b":{"0":[0,0],"1":[0,0]},"_coverageSchema":"43e27e138ebf9cfc5966b082cf9a028302ed4184","hash":"6d5c9fb032757c0db9b7e5e347ec07dd6b3d9a71"}
,"C:\\Users\\Tay\\Desktop\\Coding\\flower-game-phaser3\\src\\components\\AlleleListbox\\AlleleListboxOptions.js": {"path":"C:\\Users\\Tay\\Desktop\\Coding\\flower-game-phaser3\\src\\components\\AlleleListbox\\AlleleListboxOptions.js","statementMap":{"0":{"start":{"line":6,"column":29},"end":{"line":37,"column":1}},"1":{"start":{"line":12,"column":5},"end":{"line":12,"column":10}},"2":{"start":{"line":13,"column":19},"end":{"line":13,"column":45}},"3":{"start":{"line":14,"column":17},"end":{"line":14,"column":46}},"4":{"start":{"line":15,"column":1},"end":{"line":36,"column":3}},"5":{"start":{"line":18,"column":4},"end":{"line":33,"column":6}},"6":{"start":{"line":25,"column":20},"end":{"line":25,"column":57}},"7":{"start":{"line":26,"column":22},"end":{"line":26,"column":59}},"8":{"start":{"line":41,"column":0},"end":{"line":45,"column":2}}},"fnMap":{"0":{"name":"(anonymous_0)","decl":{"start":{"line":6,"column":29},"end":{"line":6,"column":30}},"loc":{"start":{"line":6,"column":38},"end":{"line":37,"column":1}},"line":6},"1":{"name":"(anonymous_1)","decl":{"start":{"line":17,"column":31},"end":{"line":17,"column":32}},"loc":{"start":{"line":17,"column":50},"end":{"line":34,"column":4}},"line":17},"2":{"name":"(anonymous_2)","decl":{"start":{"line":25,"column":15},"end":{"line":25,"column":16}},"loc":{"start":{"line":25,"column":20},"end":{"line":25,"column":57}},"line":25},"3":{"name":"(anonymous_3)","decl":{"start":{"line":26,"column":17},"end":{"line":26,"column":18}},"loc":{"start":{"line":26,"column":22},"end":{"line":26,"column":59}},"line":26}},"branchMap":{},"s":{"0":1,"1":0,"2":0,"3":0,"4":0,"5":0,"6":0,"7":0,"8":1},"f":{"0":0,"1":0,"2":0,"3":0},"b":{},"_coverageSchema":"43e27e138ebf9cfc5966b082cf9a028302ed4184","hash":"f72f1fb5f63e7a915ec276dd3914764fdb99f22d"}
,"C:\\Users\\Tay\\Desktop\\Coding\\flower-game-phaser3\\src\\components\\AlleleListbox\\AlleleListboxSelect.js": {"path":"C:\\Users\\Tay\\Desktop\\Coding\\flower-game-phaser3\\src\\components\\AlleleListbox\\AlleleListboxSelect.js","statementMap":{"0":{"start":{"line":5,"column":28},"end":{"line":33,"column":1}},"1":{"start":{"line":12,"column":5},"end":{"line":12,"column":10}},"2":{"start":{"line":13,"column":1},"end":{"line":32,"column":3}},"3":{"start":{"line":37,"column":0},"end":{"line":43,"column":2}}},"fnMap":{"0":{"name":"(anonymous_0)","decl":{"start":{"line":5,"column":28},"end":{"line":5,"column":29}},"loc":{"start":{"line":5,"column":37},"end":{"line":33,"column":1}},"line":5}},"branchMap":{"0":{"loc":{"start":{"line":26,"column":4},"end":{"line":30,"column":4}},"type":"cond-expr","locations":[{"start":{"line":27,"column":4},"end":{"line":27,"column":22}},{"start":{"line":29,"column":4},"end":{"line":29,"column":65}}],"line":26}},"s":{"0":1,"1":0,"2":0,"3":1},"f":{"0":0},"b":{"0":[0,0]},"_coverageSchema":"43e27e138ebf9cfc5966b082cf9a028302ed4184","hash":"b021ab366361bd582f75eac00569f47ca3bd3676"}
,"C:\\Users\\Tay\\Desktop\\Coding\\flower-game-phaser3\\src\\components\\AlleleListbox\\handlers\\listboxHandlers.js": {"path":"C:\\Users\\Tay\\Desktop\\Coding\\flower-game-phaser3\\src\\components\\AlleleListbox\\handlers\\listboxHandlers.js","statementMap":{"0":{"start":{"line":3,"column":36},"end":{"line":58,"column":1}},"1":{"start":{"line":4,"column":1},"end":{"line":57,"column":2}},"2":{"start":{"line":6,"column":3},"end":{"line":14,"column":5}},"3":{"start":{"line":7,"column":11},"end":{"line":10,"column":5}},"4":{"start":{"line":12,"column":5},"end":{"line":12,"column":25}},"5":{"start":{"line":15,"column":3},"end":{"line":15,"column":34}},"6":{"start":{"line":16,"column":3},"end":{"line":16,"column":9}},"7":{"start":{"line":18,"column":3},"end":{"line":29,"column":4}},"8":{"start":{"line":19,"column":4},"end":{"line":27,"column":6}},"9":{"start":{"line":20,"column":12},"end":{"line":23,"column":6}},"10":{"start":{"line":25,"column":6},"end":{"line":25,"column":26}},"11":{"start":{"line":28,"column":4},"end":{"line":28,"column":35}},"12":{"start":{"line":30,"column":3},"end":{"line":36,"column":4}},"13":{"start":{"line":31,"column":4},"end":{"line":31,"column":27}},"14":{"start":{"line":32,"column":4},"end":{"line":32,"column":47}},"15":{"start":{"line":33,"column":4},"end":{"line":35,"column":8}},"16":{"start":{"line":33,"column":25},"end":{"line":35,"column":5}},"17":{"start":{"line":37,"column":3},"end":{"line":44,"column":4}},"18":{"start":{"line":38,"column":4},"end":{"line":38,"column":27}},"19":{"start":{"line":39,"column":4},"end":{"line":39,"column":47}},"20":{"start":{"line":40,"column":4},"end":{"line":42,"column":8}},"21":{"start":{"line":40,"column":25},"end":{"line":42,"column":5}},"22":{"start":{"line":43,"column":4},"end":{"line":43,"column":42}},"23":{"start":{"line":45,"column":3},"end":{"line":54,"column":4}},"24":{"start":{"line":46,"column":4},"end":{"line":53,"column":6}},"25":{"start":{"line":48,"column":6},"end":{"line":48,"column":54}},"26":{"start":{"line":51,"column":6},"end":{"line":51,"column":37}},"27":{"start":{"line":55,"column":3},"end":{"line":55,"column":9}},"28":{"start":{"line":60,"column":29},"end":{"line":70,"column":1}},"29":{"start":{"line":61,"column":60},"end":{"line":61,"column":70}},"30":{"start":{"line":62,"column":14},"end":{"line":67,"column":2}},"31":{"start":{"line":69,"column":1},"end":{"line":69,"column":36}},"32":{"start":{"line":71,"column":27},"end":{"line":91,"column":1}},"33":{"start":{"line":72,"column":1},"end":{"line":90,"column":2}},"34":{"start":{"line":73,"column":2},"end":{"line":83,"column":4}},"35":{"start":{"line":75,"column":4},"end":{"line":78,"column":6}},"36":{"start":{"line":81,"column":4},"end":{"line":81,"column":39}},"37":{"start":{"line":85,"column":2},"end":{"line":89,"column":5}},"38":{"start":{"line":86,"column":3},"end":{"line":88,"column":5}},"39":{"start":{"line":92,"column":33},"end":{"line":104,"column":1}},"40":{"start":{"line":93,"column":1},"end":{"line":103,"column":2}},"41":{"start":{"line":95,"column":3},"end":{"line":95,"column":40}},"42":{"start":{"line":96,"column":3},"end":{"line":96,"column":9}},"43":{"start":{"line":98,"column":3},"end":{"line":100,"column":4}},"44":{"start":{"line":99,"column":4},"end":{"line":99,"column":41}},"45":{"start":{"line":101,"column":3},"end":{"line":101,"column":9}}},"fnMap":{"0":{"name":"(anonymous_0)","decl":{"start":{"line":3,"column":36},"end":{"line":3,"column":37}},"loc":{"start":{"line":3,"column":66},"end":{"line":58,"column":1}},"line":3},"1":{"name":"(anonymous_1)","decl":{"start":{"line":7,"column":4},"end":{"line":7,"column":5}},"loc":{"start":{"line":7,"column":11},"end":{"line":10,"column":5}},"line":7},"2":{"name":"(anonymous_2)","decl":{"start":{"line":11,"column":4},"end":{"line":11,"column":5}},"loc":{"start":{"line":11,"column":10},"end":{"line":13,"column":5}},"line":11},"3":{"name":"(anonymous_3)","decl":{"start":{"line":20,"column":5},"end":{"line":20,"column":6}},"loc":{"start":{"line":20,"column":12},"end":{"line":23,"column":6}},"line":20},"4":{"name":"(anonymous_4)","decl":{"start":{"line":24,"column":5},"end":{"line":24,"column":6}},"loc":{"start":{"line":24,"column":11},"end":{"line":26,"column":6}},"line":24},"5":{"name":"(anonymous_5)","decl":{"start":{"line":33,"column":18},"end":{"line":33,"column":19}},"loc":{"start":{"line":33,"column":25},"end":{"line":35,"column":5}},"line":33},"6":{"name":"(anonymous_6)","decl":{"start":{"line":40,"column":18},"end":{"line":40,"column":19}},"loc":{"start":{"line":40,"column":25},"end":{"line":42,"column":5}},"line":40},"7":{"name":"(anonymous_7)","decl":{"start":{"line":47,"column":5},"end":{"line":47,"column":6}},"loc":{"start":{"line":47,"column":11},"end":{"line":49,"column":6}},"line":47},"8":{"name":"(anonymous_8)","decl":{"start":{"line":50,"column":5},"end":{"line":50,"column":6}},"loc":{"start":{"line":50,"column":11},"end":{"line":52,"column":6}},"line":50},"9":{"name":"(anonymous_9)","decl":{"start":{"line":60,"column":29},"end":{"line":60,"column":30}},"loc":{"start":{"line":60,"column":40},"end":{"line":70,"column":1}},"line":60},"10":{"name":"(anonymous_10)","decl":{"start":{"line":71,"column":27},"end":{"line":71,"column":28}},"loc":{"start":{"line":71,"column":43},"end":{"line":91,"column":1}},"line":71},"11":{"name":"(anonymous_11)","decl":{"start":{"line":74,"column":3},"end":{"line":74,"column":4}},"loc":{"start":{"line":74,"column":9},"end":{"line":79,"column":4}},"line":74},"12":{"name":"(anonymous_12)","decl":{"start":{"line":80,"column":3},"end":{"line":80,"column":4}},"loc":{"start":{"line":80,"column":9},"end":{"line":82,"column":4}},"line":80},"13":{"name":"(anonymous_13)","decl":{"start":{"line":85,"column":16},"end":{"line":85,"column":17}},"loc":{"start":{"line":85,"column":22},"end":{"line":89,"column":3}},"line":85},"14":{"name":"(anonymous_14)","decl":{"start":{"line":92,"column":33},"end":{"line":92,"column":34}},"loc":{"start":{"line":92,"column":49},"end":{"line":104,"column":1}},"line":92}},"branchMap":{"0":{"loc":{"start":{"line":4,"column":1},"end":{"line":57,"column":2}},"type":"switch","locations":[{"start":{"line":5,"column":2},"end":{"line":16,"column":9}},{"start":{"line":17,"column":2},"end":{"line":55,"column":9}},{"start":{"line":56,"column":2},"end":{"line":56,"column":10}}],"line":4},"1":{"loc":{"start":{"line":18,"column":3},"end":{"line":29,"column":4}},"type":"if","locations":[{"start":{"line":18,"column":3},"end":{"line":29,"column":4}},{"start":{"line":18,"column":3},"end":{"line":29,"column":4}}],"line":18},"2":{"loc":{"start":{"line":18,"column":7},"end":{"line":18,"column":49}},"type":"binary-expr","locations":[{"start":{"line":18,"column":7},"end":{"line":18,"column":28}},{"start":{"line":18,"column":32},"end":{"line":18,"column":49}}],"line":18},"3":{"loc":{"start":{"line":30,"column":3},"end":{"line":36,"column":4}},"type":"if","locations":[{"start":{"line":30,"column":3},"end":{"line":36,"column":4}},{"start":{"line":30,"column":3},"end":{"line":36,"column":4}}],"line":30},"4":{"loc":{"start":{"line":37,"column":3},"end":{"line":44,"column":4}},"type":"if","locations":[{"start":{"line":37,"column":3},"end":{"line":44,"column":4}},{"start":{"line":37,"column":3},"end":{"line":44,"column":4}}],"line":37},"5":{"loc":{"start":{"line":45,"column":3},"end":{"line":54,"column":4}},"type":"if","locations":[{"start":{"line":45,"column":3},"end":{"line":54,"column":4}},{"start":{"line":45,"column":3},"end":{"line":54,"column":4}}],"line":45},"6":{"loc":{"start":{"line":72,"column":1},"end":{"line":90,"column":2}},"type":"if","locations":[{"start":{"line":72,"column":1},"end":{"line":90,"column":2}},{"start":{"line":72,"column":1},"end":{"line":90,"column":2}}],"line":72},"7":{"loc":{"start":{"line":93,"column":1},"end":{"line":103,"column":2}},"type":"switch","locations":[{"start":{"line":94,"column":2},"end":{"line":96,"column":9}},{"start":{"line":97,"column":2},"end":{"line":101,"column":9}},{"start":{"line":102,"column":2},"end":{"line":102,"column":10}}],"line":93},"8":{"loc":{"start":{"line":98,"column":3},"end":{"line":100,"column":4}},"type":"if","locations":[{"start":{"line":98,"column":3},"end":{"line":100,"column":4}},{"start":{"line":98,"column":3},"end":{"line":100,"column":4}}],"line":98},"9":{"loc":{"start":{"line":98,"column":7},"end":{"line":98,"column":49}},"type":"binary-expr","locations":[{"start":{"line":98,"column":7},"end":{"line":98,"column":28}},{"start":{"line":98,"column":32},"end":{"line":98,"column":49}}],"line":98}},"s":{"0":1,"1":0,"2":0,"3":0,"4":0,"5":0,"6":0,"7":0,"8":0,"9":0,"10":0,"11":0,"12":0,"13":0,"14":0,"15":0,"16":0,"17":0,"18":0,"19":0,"20":0,"21":0,"22":0,"23":0,"24":0,"25":0,"26":0,"27":0,"28":1,"29":0,"30":0,"31":0,"32":1,"33":0,"34":0,"35":0,"36":0,"37":0,"38":0,"39":1,"40":0,"41":0,"42":0,"43":0,"44":0,"45":0},"f":{"0":0,"1":0,"2":0,"3":0,"4":0,"5":0,"6":0,"7":0,"8":0,"9":0,"10":0,"11":0,"12":0,"13":0,"14":0},"b":{"0":[0,0,0],"1":[0,0],"2":[0,0],"3":[0,0],"4":[0,0],"5":[0,0],"6":[0,0],"7":[0,0,0],"8":[0,0],"9":[0,0]},"_coverageSchema":"43e27e138ebf9cfc5966b082cf9a028302ed4184","hash":"344858c19a168bd4209657a69744efc758e5a1ab"}
,"C:\\Users\\Tay\\Desktop\\Coding\\flower-game-phaser3\\src\\components\\Dashboard\\AddRecessiveTrait.js": {"path":"C:\\Users\\Tay\\Desktop\\Coding\\flower-game-phaser3\\src\\components\\Dashboard\\AddRecessiveTrait.js","statementMap":{"0":{"start":{"line":7,"column":1},"end":{"line":10,"column":3}},"1":{"start":{"line":20,"column":2},"end":{"line":20,"column":21}},"2":{"start":{"line":21,"column":23},"end":{"line":21,"column":33}},"3":{"start":{"line":22,"column":2},"end":{"line":22,"column":31}},"4":{"start":{"line":23,"column":2},"end":{"line":28,"column":4}},"5":{"start":{"line":32,"column":2},"end":{"line":32,"column":43}},"6":{"start":{"line":36,"column":41},"end":{"line":36,"column":51}},"7":{"start":{"line":37,"column":26},"end":{"line":37,"column":59}},"8":{"start":{"line":38,"column":28},"end":{"line":40,"column":3}},"9":{"start":{"line":41,"column":26},"end":{"line":43,"column":3}},"10":{"start":{"line":42,"column":12},"end":{"line":42,"column":44}},"11":{"start":{"line":44,"column":22},"end":{"line":44,"column":45}},"12":{"start":{"line":45,"column":2},"end":{"line":67,"column":4}},"13":{"start":{"line":54,"column":6},"end":{"line":54,"column":54}}},"fnMap":{"0":{"name":"mapStateToProps","decl":{"start":{"line":6,"column":9},"end":{"line":6,"column":24}},"loc":{"start":{"line":6,"column":46},"end":{"line":11,"column":1}},"line":6},"1":{"name":"(anonymous_1)","decl":{"start":{"line":19,"column":16},"end":{"line":19,"column":17}},"loc":{"start":{"line":19,"column":21},"end":{"line":29,"column":2}},"line":19},"2":{"name":"(anonymous_2)","decl":{"start":{"line":31,"column":16},"end":{"line":31,"column":17}},"loc":{"start":{"line":31,"column":21},"end":{"line":33,"column":2}},"line":31},"3":{"name":"(anonymous_3)","decl":{"start":{"line":35,"column":1},"end":{"line":35,"column":2}},"loc":{"start":{"line":35,"column":10},"end":{"line":68,"column":2}},"line":35},"4":{"name":"(anonymous_4)","decl":{"start":{"line":42,"column":3},"end":{"line":42,"column":4}},"loc":{"start":{"line":42,"column":12},"end":{"line":42,"column":44}},"line":42},"5":{"name":"(anonymous_5)","decl":{"start":{"line":53,"column":26},"end":{"line":53,"column":27}},"loc":{"start":{"line":53,"column":40},"end":{"line":55,"column":6}},"line":53}},"branchMap":{"0":{"loc":{"start":{"line":61,"column":6},"end":{"line":62,"column":38}},"type":"binary-expr","locations":[{"start":{"line":61,"column":6},"end":{"line":61,"column":29}},{"start":{"line":62,"column":6},"end":{"line":62,"column":38}}],"line":61}},"s":{"0":0,"1":0,"2":0,"3":0,"4":0,"5":0,"6":0,"7":0,"8":0,"9":0,"10":0,"11":0,"12":0,"13":0},"f":{"0":0,"1":0,"2":0,"3":0,"4":0,"5":0},"b":{"0":[0,0]},"_coverageSchema":"43e27e138ebf9cfc5966b082cf9a028302ed4184","hash":"5c5e08d2f8782bbaa71183628b50a29c8d1ae918"}
,"C:\\Users\\Tay\\Desktop\\Coding\\flower-game-phaser3\\src\\components\\Dashboard\\BeeCanFlyButton.js": {"path":"C:\\Users\\Tay\\Desktop\\Coding\\flower-game-phaser3\\src\\components\\Dashboard\\BeeCanFlyButton.js","statementMap":{"0":{"start":{"line":8,"column":1},"end":{"line":10,"column":3}},"1":{"start":{"line":15,"column":23},"end":{"line":15,"column":33}},"2":{"start":{"line":17,"column":2},"end":{"line":24,"column":4}},"3":{"start":{"line":18,"column":10},"end":{"line":20,"column":4}},"4":{"start":{"line":22,"column":4},"end":{"line":22,"column":44}},"5":{"start":{"line":30,"column":2},"end":{"line":46,"column":4}}},"fnMap":{"0":{"name":"mapStateToProps","decl":{"start":{"line":7,"column":9},"end":{"line":7,"column":24}},"loc":{"start":{"line":7,"column":37},"end":{"line":11,"column":1}},"line":7},"1":{"name":"(anonymous_1)","decl":{"start":{"line":14,"column":16},"end":{"line":14,"column":17}},"loc":{"start":{"line":14,"column":22},"end":{"line":25,"column":2}},"line":14},"2":{"name":"(anonymous_2)","decl":{"start":{"line":18,"column":3},"end":{"line":18,"column":4}},"loc":{"start":{"line":18,"column":10},"end":{"line":20,"column":4}},"line":18},"3":{"name":"(anonymous_3)","decl":{"start":{"line":21,"column":3},"end":{"line":21,"column":4}},"loc":{"start":{"line":21,"column":9},"end":{"line":23,"column":4}},"line":21},"4":{"name":"(anonymous_4)","decl":{"start":{"line":29,"column":1},"end":{"line":29,"column":2}},"loc":{"start":{"line":29,"column":10},"end":{"line":47,"column":2}},"line":29}},"branchMap":{"0":{"loc":{"start":{"line":35,"column":5},"end":{"line":37,"column":37}},"type":"cond-expr","locations":[{"start":{"line":36,"column":8},"end":{"line":36,"column":34}},{"start":{"line":37,"column":8},"end":{"line":37,"column":37}}],"line":35},"1":{"loc":{"start":{"line":40,"column":5},"end":{"line":44,"column":5}},"type":"cond-expr","locations":[{"start":{"line":41,"column":5},"end":{"line":41,"column":63}},{"start":{"line":43,"column":5},"end":{"line":43,"column":52}}],"line":40}},"s":{"0":0,"1":0,"2":0,"3":0,"4":0,"5":0},"f":{"0":0,"1":0,"2":0,"3":0,"4":0},"b":{"0":[0,0],"1":[0,0]},"_coverageSchema":"43e27e138ebf9cfc5966b082cf9a028302ed4184","hash":"5067f9b28196722538f15494cc87045fc3763b0e"}
,"C:\\Users\\Tay\\Desktop\\Coding\\flower-game-phaser3\\src\\components\\Dashboard\\Dashboard.js": {"path":"C:\\Users\\Tay\\Desktop\\Coding\\flower-game-phaser3\\src\\components\\Dashboard\\Dashboard.js","statementMap":{"0":{"start":{"line":10,"column":18},"end":{"line":40,"column":1}},"1":{"start":{"line":11,"column":1},"end":{"line":39,"column":3}}},"fnMap":{"0":{"name":"(anonymous_0)","decl":{"start":{"line":10,"column":18},"end":{"line":10,"column":19}},"loc":{"start":{"line":10,"column":27},"end":{"line":40,"column":1}},"line":10}},"branchMap":{},"s":{"0":1,"1":0},"f":{"0":0},"b":{},"_coverageSchema":"43e27e138ebf9cfc5966b082cf9a028302ed4184","hash":"1536275ca4b9a0daa8f0394bf5568816df0488b9"}
,"C:\\Users\\Tay\\Desktop\\Coding\\flower-game-phaser3\\src\\components\\Dashboard\\NewFlowerFromPunnettButton.js": {"path":"C:\\Users\\Tay\\Desktop\\Coding\\flower-game-phaser3\\src\\components\\Dashboard\\NewFlowerFromPunnettButton.js","statementMap":{"0":{"start":{"line":14,"column":1},"end":{"line":16,"column":3}},"1":{"start":{"line":24,"column":32},"end":{"line":24,"column":42}},"2":{"start":{"line":25,"column":18},"end":{"line":25,"column":33}},"3":{"start":{"line":26,"column":18},"end":{"line":26,"column":33}},"4":{"start":{"line":28,"column":15},"end":{"line":51,"column":3}},"5":{"start":{"line":52,"column":2},"end":{"line":52,"column":28}},"6":{"start":{"line":55,"column":22},"end":{"line":55,"column":32}},"7":{"start":{"line":56,"column":18},"end":{"line":56,"column":33}},"8":{"start":{"line":57,"column":18},"end":{"line":57,"column":33}},"9":{"start":{"line":58,"column":2},"end":{"line":71,"column":4}}},"fnMap":{"0":{"name":"mapStateToProps","decl":{"start":{"line":13,"column":9},"end":{"line":13,"column":24}},"loc":{"start":{"line":13,"column":38},"end":{"line":17,"column":1}},"line":13},"1":{"name":"(anonymous_1)","decl":{"start":{"line":23,"column":16},"end":{"line":23,"column":17}},"loc":{"start":{"line":23,"column":22},"end":{"line":53,"column":2}},"line":23},"2":{"name":"(anonymous_2)","decl":{"start":{"line":54,"column":1},"end":{"line":54,"column":2}},"loc":{"start":{"line":54,"column":10},"end":{"line":72,"column":2}},"line":54}},"branchMap":{"0":{"loc":{"start":{"line":63,"column":5},"end":{"line":66,"column":44}},"type":"binary-expr","locations":[{"start":{"line":63,"column":5},"end":{"line":63,"column":44}},{"start":{"line":64,"column":5},"end":{"line":64,"column":44}},{"start":{"line":65,"column":5},"end":{"line":65,"column":44}},{"start":{"line":66,"column":5},"end":{"line":66,"column":44}}],"line":63}},"s":{"0":0,"1":0,"2":0,"3":0,"4":0,"5":0,"6":0,"7":0,"8":0,"9":0},"f":{"0":0,"1":0,"2":0},"b":{"0":[0,0,0,0]},"_coverageSchema":"43e27e138ebf9cfc5966b082cf9a028302ed4184","hash":"4383b143d2cbe3772117d79d4f686ec233688297"}
,"C:\\Users\\Tay\\Desktop\\Coding\\flower-game-phaser3\\src\\components\\Dashboard\\NewRandomFlowerButton.js": {"path":"C:\\Users\\Tay\\Desktop\\Coding\\flower-game-phaser3\\src\\components\\Dashboard\\NewRandomFlowerButton.js","statementMap":{"0":{"start":{"line":17,"column":1},"end":{"line":19,"column":3}},"1":{"start":{"line":24,"column":23},"end":{"line":24,"column":33}},"2":{"start":{"line":26,"column":15},"end":{"line":47,"column":3}},"3":{"start":{"line":48,"column":2},"end":{"line":48,"column":28}},"4":{"start":{"line":51,"column":2},"end":{"line":55,"column":4}}},"fnMap":{"0":{"name":"mapStateToProps","decl":{"start":{"line":16,"column":9},"end":{"line":16,"column":24}},"loc":{"start":{"line":16,"column":38},"end":{"line":20,"column":1}},"line":16},"1":{"name":"(anonymous_1)","decl":{"start":{"line":23,"column":16},"end":{"line":23,"column":17}},"loc":{"start":{"line":23,"column":22},"end":{"line":49,"column":2}},"line":23},"2":{"name":"(anonymous_2)","decl":{"start":{"line":50,"column":1},"end":{"line":50,"column":2}},"loc":{"start":{"line":50,"column":10},"end":{"line":56,"column":2}},"line":50}},"branchMap":{},"s":{"0":0,"1":0,"2":0,"3":0,"4":0},"f":{"0":0,"1":0,"2":0},"b":{},"_coverageSchema":"43e27e138ebf9cfc5966b082cf9a028302ed4184","hash":"5e11def491954dd9ef6bc7dce0a57c778546898a"}
,"C:\\Users\\Tay\\Desktop\\Coding\\flower-game-phaser3\\src\\components\\Dashboard\\RemoveRecessiveTrait.js": {"path":"C:\\Users\\Tay\\Desktop\\Coding\\flower-game-phaser3\\src\\components\\Dashboard\\RemoveRecessiveTrait.js","statementMap":{"0":{"start":{"line":7,"column":1},"end":{"line":9,"column":3}},"1":{"start":{"line":19,"column":2},"end":{"line":19,"column":21}},"2":{"start":{"line":20,"column":23},"end":{"line":20,"column":33}},"3":{"start":{"line":21,"column":2},"end":{"line":21,"column":31}},"4":{"start":{"line":22,"column":2},"end":{"line":27,"column":4}},"5":{"start":{"line":31,"column":2},"end":{"line":31,"column":43}},"6":{"start":{"line":35,"column":32},"end":{"line":35,"column":42}},"7":{"start":{"line":36,"column":26},"end":{"line":36,"column":59}},"8":{"start":{"line":38,"column":22},"end":{"line":38,"column":45}},"9":{"start":{"line":39,"column":31},"end":{"line":39,"column":57}},"10":{"start":{"line":41,"column":2},"end":{"line":65,"column":4}},"11":{"start":{"line":55,"column":6},"end":{"line":55,"column":54}}},"fnMap":{"0":{"name":"mapStateToProps","decl":{"start":{"line":6,"column":9},"end":{"line":6,"column":24}},"loc":{"start":{"line":6,"column":37},"end":{"line":10,"column":1}},"line":6},"1":{"name":"(anonymous_1)","decl":{"start":{"line":18,"column":16},"end":{"line":18,"column":17}},"loc":{"start":{"line":18,"column":21},"end":{"line":28,"column":2}},"line":18},"2":{"name":"(anonymous_2)","decl":{"start":{"line":30,"column":16},"end":{"line":30,"column":17}},"loc":{"start":{"line":30,"column":21},"end":{"line":32,"column":2}},"line":30},"3":{"name":"(anonymous_3)","decl":{"start":{"line":34,"column":1},"end":{"line":34,"column":2}},"loc":{"start":{"line":34,"column":10},"end":{"line":66,"column":2}},"line":34},"4":{"name":"(anonymous_4)","decl":{"start":{"line":54,"column":26},"end":{"line":54,"column":27}},"loc":{"start":{"line":54,"column":40},"end":{"line":56,"column":6}},"line":54}},"branchMap":{"0":{"loc":{"start":{"line":50,"column":7},"end":{"line":52,"column":20}},"type":"cond-expr","locations":[{"start":{"line":51,"column":9},"end":{"line":51,"column":47}},{"start":{"line":52,"column":9},"end":{"line":52,"column":20}}],"line":50}},"s":{"0":0,"1":0,"2":0,"3":0,"4":0,"5":0,"6":0,"7":0,"8":0,"9":0,"10":0,"11":0},"f":{"0":0,"1":0,"2":0,"3":0,"4":0},"b":{"0":[0,0]},"_coverageSchema":"43e27e138ebf9cfc5966b082cf9a028302ed4184","hash":"7d95d76e39d92e45197f4403e96dfb4e6aaa3571"}
,"C:\\Users\\Tay\\Desktop\\Coding\\flower-game-phaser3\\src\\components\\Dashboard\\SaveToLocalStorageButton.js": {"path":"C:\\Users\\Tay\\Desktop\\Coding\\flower-game-phaser3\\src\\components\\Dashboard\\SaveToLocalStorageButton.js","statementMap":{"0":{"start":{"line":8,"column":1},"end":{"line":8,"column":22}},"1":{"start":{"line":13,"column":2},"end":{"line":13,"column":26}},"2":{"start":{"line":14,"column":2},"end":{"line":14,"column":34}},"3":{"start":{"line":17,"column":2},"end":{"line":21,"column":4}}},"fnMap":{"0":{"name":"mapStateToProps","decl":{"start":{"line":7,"column":9},"end":{"line":7,"column":24}},"loc":{"start":{"line":7,"column":36},"end":{"line":9,"column":1}},"line":7},"1":{"name":"(anonymous_1)","decl":{"start":{"line":12,"column":16},"end":{"line":12,"column":17}},"loc":{"start":{"line":12,"column":22},"end":{"line":15,"column":2}},"line":12},"2":{"name":"(anonymous_2)","decl":{"start":{"line":16,"column":1},"end":{"line":16,"column":2}},"loc":{"start":{"line":16,"column":10},"end":{"line":22,"column":2}},"line":16}},"branchMap":{},"s":{"0":0,"1":0,"2":0,"3":0},"f":{"0":0,"1":0,"2":0},"b":{},"_coverageSchema":"43e27e138ebf9cfc5966b082cf9a028302ed4184","hash":"d9f32f08529f722d65d5afceb09424fe83eb9cd5"}
,"C:\\Users\\Tay\\Desktop\\Coding\\flower-game-phaser3\\src\\components\\FlowerTable\\FlowerTable.js": {"path":"C:\\Users\\Tay\\Desktop\\Coding\\flower-game-phaser3\\src\\components\\FlowerTable\\FlowerTable.js","statementMap":{"0":{"start":{"line":11,"column":1},"end":{"line":14,"column":3}},"1":{"start":{"line":22,"column":39},"end":{"line":22,"column":49}},"2":{"start":{"line":23,"column":16},"end":{"line":23,"column":58}},"3":{"start":{"line":24,"column":2},"end":{"line":47,"column":4}},"4":{"start":{"line":33,"column":8},"end":{"line":41,"column":10}}},"fnMap":{"0":{"name":"mapStateToProps","decl":{"start":{"line":10,"column":9},"end":{"line":10,"column":24}},"loc":{"start":{"line":10,"column":46},"end":{"line":15,"column":1}},"line":10},"1":{"name":"(anonymous_1)","decl":{"start":{"line":21,"column":1},"end":{"line":21,"column":2}},"loc":{"start":{"line":21,"column":10},"end":{"line":48,"column":2}},"line":21},"2":{"name":"(anonymous_2)","decl":{"start":{"line":32,"column":27},"end":{"line":32,"column":28}},"loc":{"start":{"line":32,"column":33},"end":{"line":42,"column":8}},"line":32}},"branchMap":{"0":{"loc":{"start":{"line":26,"column":5},"end":{"line":45,"column":12}},"type":"cond-expr","locations":[{"start":{"line":27,"column":5},"end":{"line":44,"column":13}},{"start":{"line":45,"column":8},"end":{"line":45,"column":12}}],"line":26}},"s":{"0":0,"1":0,"2":0,"3":0,"4":0},"f":{"0":0,"1":0,"2":0},"b":{"0":[0,0]},"_coverageSchema":"43e27e138ebf9cfc5966b082cf9a028302ed4184","hash":"6bf9ddac55b03a85d27058a00bb02a8576975752"}
,"C:\\Users\\Tay\\Desktop\\Coding\\flower-game-phaser3\\src\\components\\FlowerTable\\FlowerTableHeader.js": {"path":"C:\\Users\\Tay\\Desktop\\Coding\\flower-game-phaser3\\src\\components\\FlowerTable\\FlowerTableHeader.js","statementMap":{"0":{"start":{"line":10,"column":20},"end":{"line":10,"column":30}},"1":{"start":{"line":11,"column":2},"end":{"line":22,"column":4}},"2":{"start":{"line":15,"column":5},"end":{"line":19,"column":7}}},"fnMap":{"0":{"name":"(anonymous_0)","decl":{"start":{"line":9,"column":1},"end":{"line":9,"column":2}},"loc":{"start":{"line":9,"column":10},"end":{"line":23,"column":2}},"line":9},"1":{"name":"(anonymous_1)","decl":{"start":{"line":14,"column":15},"end":{"line":14,"column":16}},"loc":{"start":{"line":14,"column":23},"end":{"line":20,"column":5}},"line":14}},"branchMap":{},"s":{"0":0,"1":0,"2":0},"f":{"0":0,"1":0},"b":{},"_coverageSchema":"43e27e138ebf9cfc5966b082cf9a028302ed4184","hash":"e2182bd7a132520fedc41bd86014823c21942c0f"}
,"C:\\Users\\Tay\\Desktop\\Coding\\flower-game-phaser3\\src\\components\\FlowerTable\\FlowerTableRows.js": {"path":"C:\\Users\\Tay\\Desktop\\Coding\\flower-game-phaser3\\src\\components\\FlowerTable\\FlowerTableRows.js","statementMap":{"0":{"start":{"line":16,"column":44},"end":{"line":16,"column":54}},"1":{"start":{"line":17,"column":2},"end":{"line":46,"column":4}},"2":{"start":{"line":21,"column":23},"end":{"line":21,"column":57}},"3":{"start":{"line":22,"column":23},"end":{"line":22,"column":57}},"4":{"start":{"line":23,"column":26},"end":{"line":25,"column":6}},"5":{"start":{"line":26,"column":26},"end":{"line":28,"column":6}},"6":{"start":{"line":29,"column":5},"end":{"line":43,"column":7}}},"fnMap":{"0":{"name":"(anonymous_0)","decl":{"start":{"line":15,"column":1},"end":{"line":15,"column":2}},"loc":{"start":{"line":15,"column":10},"end":{"line":47,"column":2}},"line":15},"1":{"name":"(anonymous_1)","decl":{"start":{"line":20,"column":15},"end":{"line":20,"column":16}},"loc":{"start":{"line":20,"column":23},"end":{"line":44,"column":5}},"line":20}},"branchMap":{},"s":{"0":0,"1":0,"2":0,"3":0,"4":0,"5":0,"6":0},"f":{"0":0,"1":0},"b":{},"_coverageSchema":"43e27e138ebf9cfc5966b082cf9a028302ed4184","hash":"255d013cbde7905ae41737e0de25f95d3fafed1a"}
,"C:\\Users\\Tay\\Desktop\\Coding\\flower-game-phaser3\\src\\determinants\\determineColor.js": {"path":"C:\\Users\\Tay\\Desktop\\Coding\\flower-game-phaser3\\src\\determinants\\determineColor.js","statementMap":{"0":{"start":{"line":2,"column":19},"end":{"line":2,"column":38}},"1":{"start":{"line":3,"column":21},"end":{"line":3,"column":38}},"2":{"start":{"line":7,"column":25},"end":{"line":7,"column":41}},"3":{"start":{"line":8,"column":26},"end":{"line":8,"column":31}},"4":{"start":{"line":9,"column":26},"end":{"line":9,"column":31}},"5":{"start":{"line":12,"column":1},"end":{"line":19,"column":2}},"6":{"start":{"line":12,"column":14},"end":{"line":12,"column":15}},"7":{"start":{"line":13,"column":2},"end":{"line":15,"column":3}},"8":{"start":{"line":14,"column":3},"end":{"line":14,"column":29}},"9":{"start":{"line":16,"column":2},"end":{"line":18,"column":3}},"10":{"start":{"line":17,"column":3},"end":{"line":17,"column":29}},"11":{"start":{"line":22,"column":1},"end":{"line":38,"column":2}},"12":{"start":{"line":23,"column":2},"end":{"line":23,"column":59}},"13":{"start":{"line":27,"column":6},"end":{"line":38,"column":2}},"14":{"start":{"line":28,"column":2},"end":{"line":28,"column":59}},"15":{"start":{"line":32,"column":6},"end":{"line":38,"column":2}},"16":{"start":{"line":33,"column":2},"end":{"line":33,"column":35}},"17":{"start":{"line":36,"column":6},"end":{"line":38,"column":2}},"18":{"start":{"line":37,"column":2},"end":{"line":37,"column":35}},"19":{"start":{"line":43,"column":1},"end":{"line":43,"column":33}},"20":{"start":{"line":47,"column":1},"end":{"line":47,"column":61}}},"fnMap":{"0":{"name":"determineColor","decl":{"start":{"line":5,"column":16},"end":{"line":5,"column":30}},"loc":{"start":{"line":5,"column":58},"end":{"line":39,"column":1}},"line":5},"1":{"name":"getHexColor","decl":{"start":{"line":41,"column":16},"end":{"line":41,"column":27}},"loc":{"start":{"line":41,"column":39},"end":{"line":44,"column":1}},"line":41},"2":{"name":"getRandomColor","decl":{"start":{"line":46,"column":16},"end":{"line":46,"column":30}},"loc":{"start":{"line":46,"column":33},"end":{"line":48,"column":1}},"line":46}},"branchMap":{"0":{"loc":{"start":{"line":13,"column":2},"end":{"line":15,"column":3}},"type":"if","locations":[{"start":{"line":13,"column":2},"end":{"line":15,"column":3}},{"start":{"line":13,"column":2},"end":{"line":15,"column":3}}],"line":13},"1":{"loc":{"start":{"line":16,"column":2},"end":{"line":18,"column":3}},"type":"if","locations":[{"start":{"line":16,"column":2},"end":{"line":18,"column":3}},{"start":{"line":16,"column":2},"end":{"line":18,"column":3}}],"line":16},"2":{"loc":{"start":{"line":22,"column":1},"end":{"line":38,"column":2}},"type":"if","locations":[{"start":{"line":22,"column":1},"end":{"line":38,"column":2}},{"start":{"line":22,"column":1},"end":{"line":38,"column":2}}],"line":22},"3":{"loc":{"start":{"line":22,"column":5},"end":{"line":22,"column":47}},"type":"binary-expr","locations":[{"start":{"line":22,"column":5},"end":{"line":22,"column":24}},{"start":{"line":22,"column":28},"end":{"line":22,"column":47}}],"line":22},"4":{"loc":{"start":{"line":27,"column":6},"end":{"line":38,"column":2}},"type":"if","locations":[{"start":{"line":27,"column":6},"end":{"line":38,"column":2}},{"start":{"line":27,"column":6},"end":{"line":38,"column":2}}],"line":27},"5":{"loc":{"start":{"line":27,"column":10},"end":{"line":27,"column":50}},"type":"binary-expr","locations":[{"start":{"line":27,"column":10},"end":{"line":27,"column":28}},{"start":{"line":27,"column":32},"end":{"line":27,"column":50}}],"line":27},"6":{"loc":{"start":{"line":32,"column":6},"end":{"line":38,"column":2}},"type":"if","locations":[{"start":{"line":32,"column":6},"end":{"line":38,"column":2}},{"start":{"line":32,"column":6},"end":{"line":38,"column":2}}],"line":32},"7":{"loc":{"start":{"line":32,"column":10},"end":{"line":32,"column":51}},"type":"binary-expr","locations":[{"start":{"line":32,"column":10},"end":{"line":32,"column":29}},{"start":{"line":32,"column":33},"end":{"line":32,"column":51}}],"line":32},"8":{"loc":{"start":{"line":36,"column":6},"end":{"line":38,"column":2}},"type":"if","locations":[{"start":{"line":36,"column":6},"end":{"line":38,"column":2}},{"start":{"line":36,"column":6},"end":{"line":38,"column":2}}],"line":36},"9":{"loc":{"start":{"line":36,"column":10},"end":{"line":36,"column":51}},"type":"binary-expr","locations":[{"start":{"line":36,"column":10},"end":{"line":36,"column":28}},{"start":{"line":36,"column":32},"end":{"line":36,"column":51}}],"line":36}},"s":{"0":4,"1":4,"2":6,"3":6,"4":6,"5":6,"6":6,"7":6,"8":2,"9":6,"10":1,"11":6,"12":4,"13":2,"14":1,"15":1,"16":0,"17":1,"18":1,"19":1,"20":5},"f":{"0":6,"1":1,"2":5},"b":{"0":[2,4],"1":[1,5],"2":[4,2],"3":[6,4],"4":[1,1],"5":[2,2],"6":[0,1],"7":[1,0],"8":[1,0],"9":[1,1]},"_coverageSchema":"43e27e138ebf9cfc5966b082cf9a028302ed4184","hash":"3b04eebf72f8099c053aa4642069cf04f851ced4"}
,"C:\\Users\\Tay\\Desktop\\Coding\\flower-game-phaser3\\src\\determinants\\determineFlowerShape.js": {"path":"C:\\Users\\Tay\\Desktop\\Coding\\flower-game-phaser3\\src\\determinants\\determineFlowerShape.js","statementMap":{"0":{"start":{"line":2,"column":36},"end":{"line":7,"column":1}},"1":{"start":{"line":3,"column":1},"end":{"line":5,"column":2}},"2":{"start":{"line":4,"column":2},"end":{"line":4,"column":24}},"3":{"start":{"line":6,"column":1},"end":{"line":6,"column":50}},"4":{"start":{"line":9,"column":19},"end":{"line":9,"column":38}},"5":{"start":{"line":10,"column":21},"end":{"line":10,"column":38}},"6":{"start":{"line":12,"column":30},"end":{"line":14,"column":1}},"7":{"start":{"line":13,"column":1},"end":{"line":13,"column":69}}},"fnMap":{"0":{"name":"(anonymous_0)","decl":{"start":{"line":2,"column":36},"end":{"line":2,"column":37}},"loc":{"start":{"line":2,"column":48},"end":{"line":7,"column":1}},"line":2},"1":{"name":"(anonymous_1)","decl":{"start":{"line":12,"column":30},"end":{"line":12,"column":31}},"loc":{"start":{"line":12,"column":36},"end":{"line":14,"column":1}},"line":12}},"branchMap":{"0":{"loc":{"start":{"line":3,"column":1},"end":{"line":5,"column":2}},"type":"if","locations":[{"start":{"line":3,"column":1},"end":{"line":5,"column":2}},{"start":{"line":3,"column":1},"end":{"line":5,"column":2}}],"line":3}},"s":{"0":3,"1":3,"2":2,"3":1,"4":3,"5":3,"6":3,"7":4},"f":{"0":3,"1":4},"b":{"0":[2,1]},"_coverageSchema":"43e27e138ebf9cfc5966b082cf9a028302ed4184","hash":"758e0ea98b2b455661b54db71463c52a1c6e6241"}
,"C:\\Users\\Tay\\Desktop\\Coding\\flower-game-phaser3\\src\\determinants\\determineGenotypePhenotype.js": {"path":"C:\\Users\\Tay\\Desktop\\Coding\\flower-game-phaser3\\src\\determinants\\determineGenotypePhenotype.js","statementMap":{"0":{"start":{"line":3,"column":33},"end":{"line":13,"column":1}},"1":{"start":{"line":4,"column":19},"end":{"line":4,"column":21}},"2":{"start":{"line":5,"column":1},"end":{"line":10,"column":4}},"3":{"start":{"line":7,"column":2},"end":{"line":9,"column":68}},"4":{"start":{"line":12,"column":1},"end":{"line":12,"column":20}},"5":{"start":{"line":15,"column":34},"end":{"line":31,"column":1}},"6":{"start":{"line":16,"column":17},"end":{"line":16,"column":19}},"7":{"start":{"line":17,"column":1},"end":{"line":29,"column":4}},"8":{"start":{"line":18,"column":2},"end":{"line":28,"column":3}},"9":{"start":{"line":20,"column":4},"end":{"line":20,"column":64}},"10":{"start":{"line":23,"column":4},"end":{"line":24,"column":53}},"11":{"start":{"line":26,"column":4},"end":{"line":27,"column":53}},"12":{"start":{"line":30,"column":1},"end":{"line":30,"column":18}},"13":{"start":{"line":33,"column":24},"end":{"line":35,"column":1}},"14":{"start":{"line":34,"column":1},"end":{"line":34,"column":47}}},"fnMap":{"0":{"name":"(anonymous_0)","decl":{"start":{"line":3,"column":33},"end":{"line":3,"column":34}},"loc":{"start":{"line":3,"column":63},"end":{"line":13,"column":1}},"line":3},"1":{"name":"(anonymous_1)","decl":{"start":{"line":5,"column":34},"end":{"line":5,"column":35}},"loc":{"start":{"line":5,"column":42},"end":{"line":10,"column":2}},"line":5},"2":{"name":"(anonymous_2)","decl":{"start":{"line":15,"column":34},"end":{"line":15,"column":35}},"loc":{"start":{"line":15,"column":59},"end":{"line":31,"column":1}},"line":15},"3":{"name":"(anonymous_3)","decl":{"start":{"line":17,"column":31},"end":{"line":17,"column":32}},"loc":{"start":{"line":17,"column":39},"end":{"line":29,"column":2}},"line":17},"4":{"name":"(anonymous_4)","decl":{"start":{"line":33,"column":24},"end":{"line":33,"column":25}},"loc":{"start":{"line":33,"column":31},"end":{"line":35,"column":1}},"line":33}},"branchMap":{"0":{"loc":{"start":{"line":18,"column":2},"end":{"line":28,"column":3}},"type":"switch","locations":[{"start":{"line":19,"column":3},"end":{"line":20,"column":64}},{"start":{"line":21,"column":3},"end":{"line":24,"column":53}},{"start":{"line":25,"column":3},"end":{"line":27,"column":53}}],"line":18}},"s":{"0":2,"1":1,"2":1,"3":3,"4":1,"5":2,"6":3,"7":3,"8":9,"9":3,"10":6,"11":9,"12":3,"13":2,"14":21},"f":{"0":1,"1":3,"2":3,"3":9,"4":21},"b":{"0":[3,6,9]},"_coverageSchema":"43e27e138ebf9cfc5966b082cf9a028302ed4184","hash":"1302d7f8f0384128650be9962e6540530c0a308e"}
,"C:\\Users\\Tay\\Desktop\\Coding\\flower-game-phaser3\\src\\determinants\\determinePosition.js": {"path":"C:\\Users\\Tay\\Desktop\\Coding\\flower-game-phaser3\\src\\determinants\\determinePosition.js","statementMap":{"0":{"start":{"line":1,"column":35},"end":{"line":3,"column":1}},"1":{"start":{"line":2,"column":1},"end":{"line":2,"column":57}},"2":{"start":{"line":4,"column":35},"end":{"line":6,"column":1}},"3":{"start":{"line":5,"column":1},"end":{"line":5,"column":58}},"4":{"start":{"line":8,"column":33},"end":{"line":47,"column":1}},"5":{"start":{"line":13,"column":28},"end":{"line":18,"column":2}},"6":{"start":{"line":20,"column":15},"end":{"line":20,"column":44}},"7":{"start":{"line":22,"column":1},"end":{"line":39,"column":2}},"8":{"start":{"line":22,"column":14},"end":{"line":22,"column":15}},"9":{"start":{"line":23,"column":16},"end":{"line":28,"column":4}},"10":{"start":{"line":24,"column":3},"end":{"line":27,"column":5}},"11":{"start":{"line":31,"column":3},"end":{"line":34,"column":48}},"12":{"start":{"line":36,"column":2},"end":{"line":38,"column":3}},"13":{"start":{"line":37,"column":3},"end":{"line":37,"column":63}},"14":{"start":{"line":41,"column":2},"end":{"line":43,"column":3}},"15":{"start":{"line":44,"column":1},"end":{"line":44,"column":60}},"16":{"start":{"line":45,"column":1},"end":{"line":45,"column":26}},"17":{"start":{"line":46,"column":1},"end":{"line":46,"column":16}}},"fnMap":{"0":{"name":"(anonymous_0)","decl":{"start":{"line":1,"column":35},"end":{"line":1,"column":36}},"loc":{"start":{"line":1,"column":49},"end":{"line":3,"column":1}},"line":1},"1":{"name":"(anonymous_1)","decl":{"start":{"line":4,"column":35},"end":{"line":4,"column":36}},"loc":{"start":{"line":4,"column":49},"end":{"line":6,"column":1}},"line":4},"2":{"name":"(anonymous_2)","decl":{"start":{"line":8,"column":33},"end":{"line":8,"column":34}},"loc":{"start":{"line":12,"column":5},"end":{"line":47,"column":1}},"line":12},"3":{"name":"(anonymous_3)","decl":{"start":{"line":23,"column":34},"end":{"line":23,"column":35}},"loc":{"start":{"line":23,"column":49},"end":{"line":28,"column":3}},"line":23}},"branchMap":{"0":{"loc":{"start":{"line":31,"column":3},"end":{"line":34,"column":48}},"type":"binary-expr","locations":[{"start":{"line":31,"column":3},"end":{"line":31,"column":32}},{"start":{"line":32,"column":3},"end":{"line":32,"column":32}},{"start":{"line":33,"column":3},"end":{"line":33,"column":47}},{"start":{"line":34,"column":3},"end":{"line":34,"column":48}}],"line":31},"1":{"loc":{"start":{"line":36,"column":2},"end":{"line":38,"column":3}},"type":"if","locations":[{"start":{"line":36,"column":2},"end":{"line":38,"column":3}},{"start":{"line":36,"column":2},"end":{"line":38,"column":3}}],"line":36},"2":{"loc":{"start":{"line":36,"column":6},"end":{"line":36,"column":32}},"type":"binary-expr","locations":[{"start":{"line":36,"column":6},"end":{"line":36,"column":14}},{"start":{"line":36,"column":18},"end":{"line":36,"column":32}}],"line":36}},"s":{"0":3,"1":3,"2":3,"3":3,"4":3,"5":1,"6":1,"7":1,"8":1,"9":4,"10":8,"11":4,"12":4,"13":4,"14":1,"15":1,"16":1,"17":1},"f":{"0":3,"1":3,"2":1,"3":8},"b":{"0":[4,4,4,4],"1":[4,0],"2":[4,4]},"_coverageSchema":"43e27e138ebf9cfc5966b082cf9a028302ed4184","hash":"b803c8af8c1dab221aaafcb25007e9303eee5fa5"}
,"C:\\Users\\Tay\\Desktop\\Coding\\flower-game-phaser3\\src\\determinants\\determineStem.js": {"path":"C:\\Users\\Tay\\Desktop\\Coding\\flower-game-phaser3\\src\\determinants\\determineStem.js","statementMap":{"0":{"start":{"line":1,"column":29},"end":{"line":5,"column":1}},"1":{"start":{"line":2,"column":12},"end":{"line":2,"column":26}},"2":{"start":{"line":4,"column":1},"end":{"line":4,"column":13}},"3":{"start":{"line":7,"column":29},"end":{"line":11,"column":1}},"4":{"start":{"line":8,"column":12},"end":{"line":8,"column":26}},"5":{"start":{"line":10,"column":1},"end":{"line":10,"column":13}}},"fnMap":{"0":{"name":"(anonymous_0)","decl":{"start":{"line":1,"column":29},"end":{"line":1,"column":30}},"loc":{"start":{"line":1,"column":41},"end":{"line":5,"column":1}},"line":1},"1":{"name":"(anonymous_1)","decl":{"start":{"line":7,"column":29},"end":{"line":7,"column":30}},"loc":{"start":{"line":7,"column":41},"end":{"line":11,"column":1}},"line":7}},"branchMap":{},"s":{"0":2,"1":1,"2":1,"3":2,"4":1,"5":1},"f":{"0":1,"1":1},"b":{},"_coverageSchema":"43e27e138ebf9cfc5966b082cf9a028302ed4184","hash":"95de966ea7d2af422a4776ed10b2c5ac642c6d73"}
,"C:\\Users\\Tay\\Desktop\\Coding\\flower-game-phaser3\\src\\reducers\\configReducer.js": {"path":"C:\\Users\\Tay\\Desktop\\Coding\\flower-game-phaser3\\src\\reducers\\configReducer.js","statementMap":{"0":{"start":{"line":9,"column":1},"end":{"line":45,"column":2}},"1":{"start":{"line":11,"column":20},"end":{"line":11,"column":26}},"2":{"start":{"line":12,"column":3},"end":{"line":15,"column":5}},"3":{"start":{"line":20,"column":32},"end":{"line":20,"column":43}},"4":{"start":{"line":22,"column":3},"end":{"line":28,"column":5}},"5":{"start":{"line":31,"column":32},"end":{"line":31,"column":43}},"6":{"start":{"line":32,"column":3},"end":{"line":40,"column":5}},"7":{"start":{"line":37,"column":24},"end":{"line":37,"column":39}},"8":{"start":{"line":44,"column":3},"end":{"line":44,"column":16}}},"fnMap":{"0":{"name":"configReducer","decl":{"start":{"line":8,"column":16},"end":{"line":8,"column":29}},"loc":{"start":{"line":8,"column":67},"end":{"line":46,"column":1}},"line":8},"1":{"name":"(anonymous_1)","decl":{"start":{"line":37,"column":6},"end":{"line":37,"column":7}},"loc":{"start":{"line":37,"column":24},"end":{"line":37,"column":39}},"line":37}},"branchMap":{"0":{"loc":{"start":{"line":8,"column":30},"end":{"line":8,"column":57}},"type":"default-arg","locations":[{"start":{"line":8,"column":38},"end":{"line":8,"column":57}}],"line":8},"1":{"loc":{"start":{"line":9,"column":1},"end":{"line":45,"column":2}},"type":"switch","locations":[{"start":{"line":10,"column":2},"end":{"line":16,"column":3}},{"start":{"line":17,"column":2},"end":{"line":29,"column":3}},{"start":{"line":30,"column":2},"end":{"line":41,"column":3}},{"start":{"line":43,"column":2},"end":{"line":44,"column":16}}],"line":9}},"s":{"0":1,"1":1,"2":1,"3":0,"4":0,"5":0,"6":0,"7":0,"8":0},"f":{"0":1,"1":0},"b":{"0":[0],"1":[1,0,0,0]},"_coverageSchema":"43e27e138ebf9cfc5966b082cf9a028302ed4184","hash":"d37a585de0ed8d2902dd47db7f660ef77f9d43ed"}
,"C:\\Users\\Tay\\Desktop\\Coding\\flower-game-phaser3\\src\\types\\actions.js": {"path":"C:\\Users\\Tay\\Desktop\\Coding\\flower-game-phaser3\\src\\types\\actions.js","statementMap":{"0":{"start":{"line":1,"column":29},"end":{"line":1,"column":44}},"1":{"start":{"line":2,"column":26},"end":{"line":2,"column":38}},"2":{"start":{"line":3,"column":23},"end":{"line":3,"column":32}},"3":{"start":{"line":5,"column":29},"end":{"line":5,"column":44}},"4":{"start":{"line":6,"column":27},"end":{"line":6,"column":40}},"5":{"start":{"line":8,"column":27},"end":{"line":8,"column":40}},"6":{"start":{"line":10,"column":35},"end":{"line":10,"column":56}},"7":{"start":{"line":11,"column":38},"end":{"line":11,"column":62}}},"fnMap":{},"branchMap":{},"s":{"0":2,"1":2,"2":2,"3":2,"4":2,"5":2,"6":2,"7":2},"f":{},"b":{},"_coverageSchema":"43e27e138ebf9cfc5966b082cf9a028302ed4184","hash":"2f1bbef1ebdcc19ce331224bf35a5ff0966ee239"}
,"C:\\Users\\Tay\\Desktop\\Coding\\flower-game-phaser3\\src\\types\\allTypes.js": {"path":"C:\\Users\\Tay\\Desktop\\Coding\\flower-game-phaser3\\src\\types\\allTypes.js","statementMap":{"0":{"start":{"line":4,"column":24},"end":{"line":4,"column":49}}},"fnMap":{},"branchMap":{},"s":{"0":2},"f":{},"b":{},"_coverageSchema":"43e27e138ebf9cfc5966b082cf9a028302ed4184","hash":"3b9ebcc2433c27f4f52de1e321e9c13a5b98e14a"}
,"C:\\Users\\Tay\\Desktop\\Coding\\flower-game-phaser3\\src\\types\\colors.js": {"path":"C:\\Users\\Tay\\Desktop\\Coding\\flower-game-phaser3\\src\\types\\colors.js","statementMap":{"0":{"start":{"line":1,"column":22},"end":{"line":150,"column":1}}},"fnMap":{},"branchMap":{},"s":{"0":4},"f":{},"b":{},"_coverageSchema":"43e27e138ebf9cfc5966b082cf9a028302ed4184","hash":"d2198d2e0cb6b9f6887917983104a398a7ac2ac7"}
,"C:\\Users\\Tay\\Desktop\\Coding\\flower-game-phaser3\\src\\types\\flowerShapes.js": {"path":"C:\\Users\\Tay\\Desktop\\Coding\\flower-game-phaser3\\src\\types\\flowerShapes.js","statementMap":{"0":{"start":{"line":1,"column":22},"end":{"line":6,"column":1}}},"fnMap":{},"branchMap":{},"s":{"0":4},"f":{},"b":{},"_coverageSchema":"43e27e138ebf9cfc5966b082cf9a028302ed4184","hash":"56308c202cd6bcfd4fd2197b2187f06e0e9959c6"}
,"C:\\Users\\Tay\\Desktop\\Coding\\flower-game-phaser3\\src\\types\\flowerStems.js": {"path":"C:\\Users\\Tay\\Desktop\\Coding\\flower-game-phaser3\\src\\types\\flowerStems.js","statementMap":{"0":{"start":{"line":1,"column":21},"end":{"line":3,"column":1}}},"fnMap":{},"branchMap":{},"s":{"0":3},"f":{},"b":{},"_coverageSchema":"43e27e138ebf9cfc5966b082cf9a028302ed4184","hash":"15e3b0458ec6f58c2bb4f3fb95764298a4d42f2f"}
,"C:\\Users\\Tay\\Desktop\\Coding\\flower-game-phaser3\\src\\utils\\localStorage.js": {"path":"C:\\Users\\Tay\\Desktop\\Coding\\flower-game-phaser3\\src\\utils\\localStorage.js","statementMap":{"0":{"start":{"line":1,"column":25},"end":{"line":13,"column":1}},"1":{"start":{"line":2,"column":1},"end":{"line":12,"column":2}},"2":{"start":{"line":3,"column":26},"end":{"line":3,"column":55}},"3":{"start":{"line":4,"column":2},"end":{"line":7,"column":3}},"4":{"start":{"line":6,"column":3},"end":{"line":6,"column":20}},"5":{"start":{"line":8,"column":2},"end":{"line":8,"column":37}},"6":{"start":{"line":10,"column":2},"end":{"line":10,"column":19}},"7":{"start":{"line":11,"column":2},"end":{"line":11,"column":19}},"8":{"start":{"line":15,"column":25},"end":{"line":23,"column":1}},"9":{"start":{"line":16,"column":1},"end":{"line":22,"column":2}},"10":{"start":{"line":17,"column":26},"end":{"line":17,"column":47}},"11":{"start":{"line":18,"column":2},"end":{"line":18,"column":49}},"12":{"start":{"line":20,"column":2},"end":{"line":20,"column":42}},"13":{"start":{"line":21,"column":2},"end":{"line":21,"column":19}}},"fnMap":{"0":{"name":"(anonymous_0)","decl":{"start":{"line":1,"column":25},"end":{"line":1,"column":26}},"loc":{"start":{"line":1,"column":31},"end":{"line":13,"column":1}},"line":1},"1":{"name":"(anonymous_1)","decl":{"start":{"line":15,"column":25},"end":{"line":15,"column":26}},"loc":{"start":{"line":15,"column":34},"end":{"line":23,"column":1}},"line":15}},"branchMap":{"0":{"loc":{"start":{"line":4,"column":2},"end":{"line":7,"column":3}},"type":"if","locations":[{"start":{"line":4,"column":2},"end":{"line":7,"column":3}},{"start":{"line":4,"column":2},"end":{"line":7,"column":3}}],"line":4}},"s":{"0":2,"1":0,"2":0,"3":0,"4":0,"5":0,"6":0,"7":0,"8":2,"9":0,"10":0,"11":0,"12":0,"13":0},"f":{"0":0,"1":0},"b":{"0":[0,0]},"_coverageSchema":"43e27e138ebf9cfc5966b082cf9a028302ed4184","hash":"a0296005299f54635fdab345201ebada7834db2a"}
,"C:\\Users\\Tay\\Desktop\\Coding\\flower-game-phaser3\\src\\utils\\screenSize.js": {"path":"C:\\Users\\Tay\\Desktop\\Coding\\flower-game-phaser3\\src\\utils\\screenSize.js","statementMap":{"0":{"start":{"line":1,"column":26},"end":{"line":4,"column":1}}},"fnMap":{},"branchMap":{},"s":{"0":2},"f":{},"b":{},"_coverageSchema":"43e27e138ebf9cfc5966b082cf9a028302ed4184","hash":"89ed60465082ae452f04b12ff73227567fb465c1"}
,"C:\\Users\\Tay\\Desktop\\Coding\\flower-game-phaser3\\src\\utils\\visualFormatting.js": {"path":"C:\\Users\\Tay\\Desktop\\Coding\\flower-game-phaser3\\src\\utils\\visualFormatting.js","statementMap":{"0":{"start":{"line":1,"column":37},"end":{"line":3,"column":1}},"1":{"start":{"line":2,"column":1},"end":{"line":2,"column":67}}},"fnMap":{"0":{"name":"(anonymous_0)","decl":{"start":{"line":1,"column":37},"end":{"line":1,"column":38}},"loc":{"start":{"line":1,"column":44},"end":{"line":3,"column":1}},"line":1}},"branchMap":{"0":{"loc":{"start":{"line":2,"column":8},"end":{"line":2,"column":66}},"type":"cond-expr","locations":[{"start":{"line":2,"column":17},"end":{"line":2,"column":61}},{"start":{"line":2,"column":64},"end":{"line":2,"column":66}}],"line":2}},"s":{"0":1,"1":1},"f":{"0":1},"b":{"0":[1,0]},"_coverageSchema":"43e27e138ebf9cfc5966b082cf9a028302ed4184","hash":"28d039680ead84afeb03e6f6106b0bdab5cdab47"}
,"C:\\Users\\Tay\\Desktop\\Coding\\flower-game-phaser3\\test\\mocks\\fileMock.js": {"path":"C:\\Users\\Tay\\Desktop\\Coding\\flower-game-phaser3\\test\\mocks\\fileMock.js","statementMap":{"0":{"start":{"line":1,"column":0},"end":{"line":1,"column":34}}},"fnMap":{},"branchMap":{},"s":{"0":1},"f":{},"b":{},"_coverageSchema":"43e27e138ebf9cfc5966b082cf9a028302ed4184","hash":"220d8575aee806dfecbcc6a52627567a0d6c0597"}
,"C:\\Users\\Tay\\Desktop\\Coding\\flower-game-phaser3\\test\\mocks\\styleMock.js": {"path":"C:\\Users\\Tay\\Desktop\\Coding\\flower-game-phaser3\\test\\mocks\\styleMock.js","statementMap":{"0":{"start":{"line":1,"column":0},"end":{"line":1,"column":20}}},"fnMap":{},"branchMap":{},"s":{"0":1},"f":{},"b":{},"_coverageSchema":"43e27e138ebf9cfc5966b082cf9a028302ed4184","hash":"1765c0a24d8a6097ebdfba04cb0aa818a8ad51a1"}
}
