{"total": {"lines":{"total":716,"covered":254,"skipped":0,"pct":35.47},"statements":{"total":730,"covered":259,"skipped":0,"pct":35.48},"functions":{"total":165,"covered":71,"skipped":0,"pct":43.03},"branches":{"total":207,"covered":57,"skipped":0,"pct":27.54}}
,"C:\\Users\\Tay\\Desktop\\Coding\\flower-game-phaser3\\src\\App.jsx": {"lines":{"total":1,"covered":1,"skipped":0,"pct":100},"functions":{"total":1,"covered":1,"skipped":0,"pct":100},"statements":{"total":1,"covered":1,"skipped":0,"pct":100},"branches":{"total":0,"covered":0,"skipped":0,"pct":100}}
,"C:\\Users\\Tay\\Desktop\\Coding\\flower-game-phaser3\\src\\exampleState.js": {"lines":{"total":14,"covered":14,"skipped":0,"pct":100},"functions":{"total":0,"covered":0,"skipped":0,"pct":100},"statements":{"total":14,"covered":14,"skipped":0,"pct":100},"branches":{"total":0,"covered":0,"skipped":0,"pct":100}}
,"C:\\Users\\Tay\\Desktop\\Coding\\flower-game-phaser3\\src\\index.js": {"lines":{"total":4,"covered":4,"skipped":0,"pct":100},"functions":{"total":0,"covered":0,"skipped":0,"pct":100},"statements":{"total":4,"covered":4,"skipped":0,"pct":100},"branches":{"total":2,"covered":2,"skipped":0,"pct":100}}
,"C:\\Users\\Tay\\Desktop\\Coding\\flower-game-phaser3\\src\\actions\\beeActions.js": {"lines":{"total":4,"covered":2,"skipped":0,"pct":50},"functions":{"total":2,"covered":0,"skipped":0,"pct":0},"statements":{"total":4,"covered":2,"skipped":0,"pct":50},"branches":{"total":0,"covered":0,"skipped":0,"pct":100}}
,"C:\\Users\\Tay\\Desktop\\Coding\\flower-game-phaser3\\src\\actions\\configActions.js": {"lines":{"total":10,"covered":5,"skipped":0,"pct":50},"functions":{"total":5,"covered":0,"skipped":0,"pct":0},"statements":{"total":10,"covered":5,"skipped":0,"pct":50},"branches":{"total":0,"covered":0,"skipped":0,"pct":100}}
,"C:\\Users\\Tay\\Desktop\\Coding\\flower-game-phaser3\\src\\actions\\flowerActions.js": {"lines":{"total":9,"covered":4,"skipped":0,"pct":44.44},"functions":{"total":4,"covered":0,"skipped":0,"pct":0},"statements":{"total":9,"covered":4,"skipped":0,"pct":44.44},"branches":{"total":0,"covered":0,"skipped":0,"pct":100}}
,"C:\\Users\\Tay\\Desktop\\Coding\\flower-game-phaser3\\src\\actions\\punnettActions.js": {"lines":{"total":2,"covered":1,"skipped":0,"pct":50},"functions":{"total":1,"covered":0,"skipped":0,"pct":0},"statements":{"total":2,"covered":1,"skipped":0,"pct":50},"branches":{"total":0,"covered":0,"skipped":0,"pct":100}}
,"C:\\Users\\Tay\\Desktop\\Coding\\flower-game-phaser3\\src\\actions\\tileActions.js": {"lines":{"total":4,"covered":2,"skipped":0,"pct":50},"functions":{"total":2,"covered":0,"skipped":0,"pct":0},"statements":{"total":4,"covered":2,"skipped":0,"pct":50},"branches":{"total":0,"covered":0,"skipped":0,"pct":100}}
,"C:\\Users\\Tay\\Desktop\\Coding\\flower-game-phaser3\\src\\components\\Allele.js": {"lines":{"total":12,"covered":12,"skipped":0,"pct":100},"functions":{"total":5,"covered":5,"skipped":0,"pct":100},"statements":{"total":12,"covered":12,"skipped":0,"pct":100},"branches":{"total":5,"covered":4,"skipped":0,"pct":80}}
,"C:\\Users\\Tay\\Desktop\\Coding\\flower-game-phaser3\\src\\components\\ColorSquare.js": {"lines":{"total":5,"covered":5,"skipped":0,"pct":100},"functions":{"total":1,"covered":1,"skipped":0,"pct":100},"statements":{"total":5,"covered":5,"skipped":0,"pct":100},"branches":{"total":2,"covered":1,"skipped":0,"pct":50}}
,"C:\\Users\\Tay\\Desktop\\Coding\\flower-game-phaser3\\src\\components\\Diploid.js": {"lines":{"total":2,"covered":2,"skipped":0,"pct":100},"functions":{"total":1,"covered":1,"skipped":0,"pct":100},"statements":{"total":2,"covered":2,"skipped":0,"pct":100},"branches":{"total":0,"covered":0,"skipped":0,"pct":100}}
,"C:\\Users\\Tay\\Desktop\\Coding\\flower-game-phaser3\\src\\components\\FlowerShapeIcon.js": {"lines":{"total":11,"covered":8,"skipped":0,"pct":72.73},"functions":{"total":2,"covered":2,"skipped":0,"pct":100},"statements":{"total":11,"covered":8,"skipped":0,"pct":72.73},"branches":{"total":5,"covered":2,"skipped":0,"pct":40}}
,"C:\\Users\\Tay\\Desktop\\Coding\\flower-game-phaser3\\src\\components\\Punnett.js": {"lines":{"total":1,"covered":1,"skipped":0,"pct":100},"functions":{"total":1,"covered":1,"skipped":0,"pct":100},"statements":{"total":1,"covered":1,"skipped":0,"pct":100},"branches":{"total":0,"covered":0,"skipped":0,"pct":100}}
,"C:\\Users\\Tay\\Desktop\\Coding\\flower-game-phaser3\\src\\components\\PunnettTableGene.js": {"lines":{"total":2,"covered":2,"skipped":0,"pct":100},"functions":{"total":1,"covered":1,"skipped":0,"pct":100},"statements":{"total":2,"covered":2,"skipped":0,"pct":100},"branches":{"total":0,"covered":0,"skipped":0,"pct":100}}
,"C:\\Users\\Tay\\Desktop\\Coding\\flower-game-phaser3\\src\\components\\TableAllele.js": {"lines":{"total":6,"covered":6,"skipped":0,"pct":100},"functions":{"total":2,"covered":2,"skipped":0,"pct":100},"statements":{"total":6,"covered":6,"skipped":0,"pct":100},"branches":{"total":0,"covered":0,"skipped":0,"pct":100}}
,"C:\\Users\\Tay\\Desktop\\Coding\\flower-game-phaser3\\src\\components\\Tooltip.js": {"lines":{"total":4,"covered":4,"skipped":0,"pct":100},"functions":{"total":3,"covered":3,"skipped":0,"pct":100},"statements":{"total":4,"covered":4,"skipped":0,"pct":100},"branches":{"total":2,"covered":1,"skipped":0,"pct":50}}
,"C:\\Users\\Tay\\Desktop\\Coding\\flower-game-phaser3\\src\\components\\AlleleListbox\\AlleleListboxContainer.js": {"lines":{"total":13,"covered":11,"skipped":0,"pct":84.62},"functions":{"total":5,"covered":4,"skipped":0,"pct":80},"statements":{"total":13,"covered":11,"skipped":0,"pct":84.62},"branches":{"total":4,"covered":1,"skipped":0,"pct":25}}
,"C:\\Users\\Tay\\Desktop\\Coding\\flower-game-phaser3\\src\\components\\AlleleListbox\\AlleleListboxOptions.js": {"lines":{"total":9,"covered":2,"skipped":0,"pct":22.22},"functions":{"total":4,"covered":0,"skipped":0,"pct":0},"statements":{"total":9,"covered":2,"skipped":0,"pct":22.22},"branches":{"total":0,"covered":0,"skipped":0,"pct":100}}
,"C:\\Users\\Tay\\Desktop\\Coding\\flower-game-phaser3\\src\\components\\AlleleListbox\\AlleleListboxSelect.js": {"lines":{"total":4,"covered":4,"skipped":0,"pct":100},"functions":{"total":1,"covered":1,"skipped":0,"pct":100},"statements":{"total":4,"covered":4,"skipped":0,"pct":100},"branches":{"total":2,"covered":1,"skipped":0,"pct":50}}
,"C:\\Users\\Tay\\Desktop\\Coding\\flower-game-phaser3\\src\\components\\AlleleListbox\\handlers\\listboxHandlers.js": {"lines":{"total":43,"covered":4,"skipped":0,"pct":9.3},"functions":{"total":15,"covered":0,"skipped":0,"pct":0},"statements":{"total":45,"covered":4,"skipped":0,"pct":8.89},"branches":{"total":22,"covered":0,"skipped":0,"pct":0}}
,"C:\\Users\\Tay\\Desktop\\Coding\\flower-game-phaser3\\src\\components\\Dashboard\\AddRecessiveAllele.js": {"lines":{"total":14,"covered":9,"skipped":0,"pct":64.29},"functions":{"total":6,"covered":4,"skipped":0,"pct":66.67},"statements":{"total":14,"covered":9,"skipped":0,"pct":64.29},"branches":{"total":2,"covered":1,"skipped":0,"pct":50}}
,"C:\\Users\\Tay\\Desktop\\Coding\\flower-game-phaser3\\src\\components\\Dashboard\\BeeCanFlyButton.js": {"lines":{"total":6,"covered":2,"skipped":0,"pct":33.33},"functions":{"total":5,"covered":2,"skipped":0,"pct":40},"statements":{"total":6,"covered":2,"skipped":0,"pct":33.33},"branches":{"total":4,"covered":2,"skipped":0,"pct":50}}
,"C:\\Users\\Tay\\Desktop\\Coding\\flower-game-phaser3\\src\\components\\Dashboard\\ClearLocalStorageButton.js": {"lines":{"total":4,"covered":2,"skipped":0,"pct":50},"functions":{"total":3,"covered":2,"skipped":0,"pct":66.67},"statements":{"total":4,"covered":2,"skipped":0,"pct":50},"branches":{"total":0,"covered":0,"skipped":0,"pct":100}}
,"C:\\Users\\Tay\\Desktop\\Coding\\flower-game-phaser3\\src\\components\\Dashboard\\Dashboard.js": {"lines":{"total":2,"covered":2,"skipped":0,"pct":100},"functions":{"total":1,"covered":1,"skipped":0,"pct":100},"statements":{"total":2,"covered":2,"skipped":0,"pct":100},"branches":{"total":0,"covered":0,"skipped":0,"pct":100}}
,"C:\\Users\\Tay\\Desktop\\Coding\\flower-game-phaser3\\src\\components\\Dashboard\\NewFlowerFromPunnettButton.js": {"lines":{"total":13,"covered":5,"skipped":0,"pct":38.46},"functions":{"total":3,"covered":2,"skipped":0,"pct":66.67},"statements":{"total":13,"covered":5,"skipped":0,"pct":38.46},"branches":{"total":4,"covered":4,"skipped":0,"pct":100}}
,"C:\\Users\\Tay\\Desktop\\Coding\\flower-game-phaser3\\src\\components\\Dashboard\\NewRandomFlowerButton.js": {"lines":{"total":8,"covered":2,"skipped":0,"pct":25},"functions":{"total":3,"covered":2,"skipped":0,"pct":66.67},"statements":{"total":8,"covered":2,"skipped":0,"pct":25},"branches":{"total":0,"covered":0,"skipped":0,"pct":100}}
,"C:\\Users\\Tay\\Desktop\\Coding\\flower-game-phaser3\\src\\components\\Dashboard\\RemoveRecessiveAllele.js": {"lines":{"total":12,"covered":6,"skipped":0,"pct":50},"functions":{"total":5,"covered":2,"skipped":0,"pct":40},"statements":{"total":12,"covered":6,"skipped":0,"pct":50},"branches":{"total":2,"covered":1,"skipped":0,"pct":50}}
,"C:\\Users\\Tay\\Desktop\\Coding\\flower-game-phaser3\\src\\components\\Dashboard\\SaveToLocalStorageButton.js": {"lines":{"total":4,"covered":2,"skipped":0,"pct":50},"functions":{"total":3,"covered":2,"skipped":0,"pct":66.67},"statements":{"total":4,"covered":2,"skipped":0,"pct":50},"branches":{"total":0,"covered":0,"skipped":0,"pct":100}}
,"C:\\Users\\Tay\\Desktop\\Coding\\flower-game-phaser3\\src\\components\\FlowerTable\\FlowerName.js": {"lines":{"total":12,"covered":3,"skipped":0,"pct":25},"functions":{"total":5,"covered":1,"skipped":0,"pct":20},"statements":{"total":12,"covered":3,"skipped":0,"pct":25},"branches":{"total":4,"covered":1,"skipped":0,"pct":25}}
,"C:\\Users\\Tay\\Desktop\\Coding\\flower-game-phaser3\\src\\components\\FlowerTable\\FlowerTable.js": {"lines":{"total":5,"covered":5,"skipped":0,"pct":100},"functions":{"total":3,"covered":3,"skipped":0,"pct":100},"statements":{"total":5,"covered":5,"skipped":0,"pct":100},"branches":{"total":2,"covered":1,"skipped":0,"pct":50}}
,"C:\\Users\\Tay\\Desktop\\Coding\\flower-game-phaser3\\src\\components\\FlowerTable\\FlowerTableHeader.js": {"lines":{"total":3,"covered":3,"skipped":0,"pct":100},"functions":{"total":2,"covered":2,"skipped":0,"pct":100},"statements":{"total":3,"covered":3,"skipped":0,"pct":100},"branches":{"total":0,"covered":0,"skipped":0,"pct":100}}
,"C:\\Users\\Tay\\Desktop\\Coding\\flower-game-phaser3\\src\\components\\FlowerTable\\FlowerTableRows.js": {"lines":{"total":7,"covered":7,"skipped":0,"pct":100},"functions":{"total":2,"covered":2,"skipped":0,"pct":100},"statements":{"total":7,"covered":7,"skipped":0,"pct":100},"branches":{"total":0,"covered":0,"skipped":0,"pct":100}}
,"C:\\Users\\Tay\\Desktop\\Coding\\flower-game-phaser3\\src\\determinants\\determineColor.js": {"lines":{"total":20,"covered":19,"skipped":0,"pct":95},"functions":{"total":3,"covered":3,"skipped":0,"pct":100},"statements":{"total":21,"covered":20,"skipped":0,"pct":95.24},"branches":{"total":20,"covered":17,"skipped":0,"pct":85}}
,"C:\\Users\\Tay\\Desktop\\Coding\\flower-game-phaser3\\src\\determinants\\determineFlowerShape.js": {"lines":{"total":14,"covered":10,"skipped":0,"pct":71.43},"functions":{"total":2,"covered":2,"skipped":0,"pct":100},"statements":{"total":14,"covered":10,"skipped":0,"pct":71.43},"branches":{"total":7,"covered":3,"skipped":0,"pct":42.86}}
,"C:\\Users\\Tay\\Desktop\\Coding\\flower-game-phaser3\\src\\determinants\\determineGenotypePhenotype.js": {"lines":{"total":15,"covered":15,"skipped":0,"pct":100},"functions":{"total":5,"covered":5,"skipped":0,"pct":100},"statements":{"total":15,"covered":15,"skipped":0,"pct":100},"branches":{"total":3,"covered":3,"skipped":0,"pct":100}}
,"C:\\Users\\Tay\\Desktop\\Coding\\flower-game-phaser3\\src\\determinants\\determinePosition.js": {"lines":{"total":19,"covered":5,"skipped":0,"pct":26.32},"functions":{"total":3,"covered":1,"skipped":0,"pct":33.33},"statements":{"total":19,"covered":5,"skipped":0,"pct":26.32},"branches":{"total":2,"covered":0,"skipped":0,"pct":0}}
,"C:\\Users\\Tay\\Desktop\\Coding\\flower-game-phaser3\\src\\determinants\\determineShapeOfGarden.js": {"lines":{"total":6,"covered":1,"skipped":0,"pct":16.67},"functions":{"total":2,"covered":0,"skipped":0,"pct":0},"statements":{"total":6,"covered":1,"skipped":0,"pct":16.67},"branches":{"total":3,"covered":0,"skipped":0,"pct":0}}
,"C:\\Users\\Tay\\Desktop\\Coding\\flower-game-phaser3\\src\\determinants\\determineStem.js": {"lines":{"total":6,"covered":6,"skipped":0,"pct":100},"functions":{"total":2,"covered":2,"skipped":0,"pct":100},"statements":{"total":6,"covered":6,"skipped":0,"pct":100},"branches":{"total":0,"covered":0,"skipped":0,"pct":100}}
,"C:\\Users\\Tay\\Desktop\\Coding\\flower-game-phaser3\\src\\middleware\\indexMiddleware.js": {"lines":{"total":1,"covered":1,"skipped":0,"pct":100},"functions":{"total":0,"covered":0,"skipped":0,"pct":100},"statements":{"total":1,"covered":1,"skipped":0,"pct":100},"branches":{"total":0,"covered":0,"skipped":0,"pct":100}}
,"C:\\Users\\Tay\\Desktop\\Coding\\flower-game-phaser3\\src\\middleware\\logger.js": {"lines":{"total":7,"covered":1,"skipped":0,"pct":14.29},"functions":{"total":3,"covered":2,"skipped":0,"pct":66.67},"statements":{"total":9,"covered":3,"skipped":0,"pct":33.33},"branches":{"total":0,"covered":0,"skipped":0,"pct":100}}
,"C:\\Users\\Tay\\Desktop\\Coding\\flower-game-phaser3\\src\\middleware\\recessivizerMiddleware.js": {"lines":{"total":8,"covered":1,"skipped":0,"pct":12.5},"functions":{"total":3,"covered":2,"skipped":0,"pct":66.67},"statements":{"total":10,"covered":3,"skipped":0,"pct":30},"branches":{"total":2,"covered":0,"skipped":0,"pct":0}}
,"C:\\Users\\Tay\\Desktop\\Coding\\flower-game-phaser3\\src\\phaser\\add3dFlower.js": {"lines":{"total":19,"covered":0,"skipped":0,"pct":0},"functions":{"total":1,"covered":0,"skipped":0,"pct":0},"statements":{"total":19,"covered":0,"skipped":0,"pct":0},"branches":{"total":0,"covered":0,"skipped":0,"pct":100}}
,"C:\\Users\\Tay\\Desktop\\Coding\\flower-game-phaser3\\src\\phaser\\gameloop\\addNewFlowersToGame.js": {"lines":{"total":4,"covered":0,"skipped":0,"pct":0},"functions":{"total":1,"covered":0,"skipped":0,"pct":0},"statements":{"total":5,"covered":0,"skipped":0,"pct":0},"branches":{"total":0,"covered":0,"skipped":0,"pct":100}}
,"C:\\Users\\Tay\\Desktop\\Coding\\flower-game-phaser3\\src\\phaser\\gameloop\\checkForPollen.js": {"lines":{"total":7,"covered":0,"skipped":0,"pct":0},"functions":{"total":1,"covered":0,"skipped":0,"pct":0},"statements":{"total":7,"covered":0,"skipped":0,"pct":0},"branches":{"total":4,"covered":0,"skipped":0,"pct":0}}
,"C:\\Users\\Tay\\Desktop\\Coding\\flower-game-phaser3\\src\\phaser\\gameloop\\checkStore.js": {"lines":{"total":12,"covered":0,"skipped":0,"pct":0},"functions":{"total":2,"covered":0,"skipped":0,"pct":0},"statements":{"total":12,"covered":0,"skipped":0,"pct":0},"branches":{"total":6,"covered":0,"skipped":0,"pct":0}}
,"C:\\Users\\Tay\\Desktop\\Coding\\flower-game-phaser3\\src\\phaser\\gameloop\\overlapCb.js": {"lines":{"total":12,"covered":1,"skipped":0,"pct":8.33},"functions":{"total":2,"covered":0,"skipped":0,"pct":0},"statements":{"total":12,"covered":1,"skipped":0,"pct":8.33},"branches":{"total":6,"covered":0,"skipped":0,"pct":0}}
,"C:\\Users\\Tay\\Desktop\\Coding\\flower-game-phaser3\\src\\phaser\\gameloop\\pollinate.js": {"lines":{"total":13,"covered":1,"skipped":0,"pct":7.69},"functions":{"total":1,"covered":0,"skipped":0,"pct":0},"statements":{"total":13,"covered":1,"skipped":0,"pct":7.69},"branches":{"total":2,"covered":0,"skipped":0,"pct":0}}
,"C:\\Users\\Tay\\Desktop\\Coding\\flower-game-phaser3\\src\\phaser\\gameloop\\rotation.js": {"lines":{"total":48,"covered":1,"skipped":0,"pct":2.08},"functions":{"total":2,"covered":0,"skipped":0,"pct":0},"statements":{"total":48,"covered":1,"skipped":0,"pct":2.08},"branches":{"total":38,"covered":0,"skipped":0,"pct":0}}
,"C:\\Users\\Tay\\Desktop\\Coding\\flower-game-phaser3\\src\\phaser\\init\\addTiles.js": {"lines":{"total":26,"covered":2,"skipped":0,"pct":7.69},"functions":{"total":3,"covered":0,"skipped":0,"pct":0},"statements":{"total":28,"covered":2,"skipped":0,"pct":7.14},"branches":{"total":4,"covered":0,"skipped":0,"pct":0}}
,"C:\\Users\\Tay\\Desktop\\Coding\\flower-game-phaser3\\src\\phaser\\init\\buildGarden.js": {"lines":{"total":15,"covered":2,"skipped":0,"pct":13.33},"functions":{"total":1,"covered":0,"skipped":0,"pct":0},"statements":{"total":15,"covered":2,"skipped":0,"pct":13.33},"branches":{"total":4,"covered":0,"skipped":0,"pct":0}}
,"C:\\Users\\Tay\\Desktop\\Coding\\flower-game-phaser3\\src\\phaser\\init\\fillAvailableTiles.js": {"lines":{"total":18,"covered":1,"skipped":0,"pct":5.56},"functions":{"total":3,"covered":0,"skipped":0,"pct":0},"statements":{"total":18,"covered":1,"skipped":0,"pct":5.56},"branches":{"total":0,"covered":0,"skipped":0,"pct":100}}
,"C:\\Users\\Tay\\Desktop\\Coding\\flower-game-phaser3\\src\\phaser\\init\\init.js": {"lines":{"total":15,"covered":0,"skipped":0,"pct":0},"functions":{"total":1,"covered":0,"skipped":0,"pct":0},"statements":{"total":15,"covered":0,"skipped":0,"pct":0},"branches":{"total":0,"covered":0,"skipped":0,"pct":100}}
,"C:\\Users\\Tay\\Desktop\\Coding\\flower-game-phaser3\\src\\phaser\\scenes\\create.js": {"lines":{"total":5,"covered":0,"skipped":0,"pct":0},"functions":{"total":1,"covered":0,"skipped":0,"pct":0},"statements":{"total":5,"covered":0,"skipped":0,"pct":0},"branches":{"total":0,"covered":0,"skipped":0,"pct":100}}
,"C:\\Users\\Tay\\Desktop\\Coding\\flower-game-phaser3\\src\\phaser\\scenes\\preload.js": {"lines":{"total":34,"covered":0,"skipped":0,"pct":0},"functions":{"total":4,"covered":0,"skipped":0,"pct":0},"statements":{"total":34,"covered":0,"skipped":0,"pct":0},"branches":{"total":0,"covered":0,"skipped":0,"pct":100}}
,"C:\\Users\\Tay\\Desktop\\Coding\\flower-game-phaser3\\src\\phaser\\scenes\\scene.js": {"lines":{"total":5,"covered":0,"skipped":0,"pct":0},"functions":{"total":4,"covered":0,"skipped":0,"pct":0},"statements":{"total":5,"covered":0,"skipped":0,"pct":0},"branches":{"total":0,"covered":0,"skipped":0,"pct":100}}
,"C:\\Users\\Tay\\Desktop\\Coding\\flower-game-phaser3\\src\\phaser\\scenes\\update.js": {"lines":{"total":5,"covered":0,"skipped":0,"pct":0},"functions":{"total":1,"covered":0,"skipped":0,"pct":0},"statements":{"total":5,"covered":0,"skipped":0,"pct":0},"branches":{"total":4,"covered":0,"skipped":0,"pct":0}}
,"C:\\Users\\Tay\\Desktop\\Coding\\flower-game-phaser3\\src\\phaser\\utils\\add3dControls.js": {"lines":{"total":18,"covered":0,"skipped":0,"pct":0},"functions":{"total":5,"covered":0,"skipped":0,"pct":0},"statements":{"total":22,"covered":0,"skipped":0,"pct":0},"branches":{"total":8,"covered":0,"skipped":0,"pct":0}}
,"C:\\Users\\Tay\\Desktop\\Coding\\flower-game-phaser3\\src\\phaser\\utils\\createAnims.js": {"lines":{"total":11,"covered":1,"skipped":0,"pct":9.09},"functions":{"total":1,"covered":0,"skipped":0,"pct":0},"statements":{"total":11,"covered":1,"skipped":0,"pct":9.09},"branches":{"total":0,"covered":0,"skipped":0,"pct":100}}
,"C:\\Users\\Tay\\Desktop\\Coding\\flower-game-phaser3\\src\\reducers\\beesReducer.js": {"lines":{"total":6,"covered":2,"skipped":0,"pct":33.33},"functions":{"total":1,"covered":1,"skipped":0,"pct":100},"statements":{"total":6,"covered":2,"skipped":0,"pct":33.33},"branches":{"total":4,"covered":2,"skipped":0,"pct":50}}
,"C:\\Users\\Tay\\Desktop\\Coding\\flower-game-phaser3\\src\\reducers\\configReducer.js": {"lines":{"total":13,"covered":2,"skipped":0,"pct":15.38},"functions":{"total":2,"covered":1,"skipped":0,"pct":50},"statements":{"total":13,"covered":2,"skipped":0,"pct":15.38},"branches":{"total":7,"covered":2,"skipped":0,"pct":28.57}}
,"C:\\Users\\Tay\\Desktop\\Coding\\flower-game-phaser3\\src\\reducers\\flowersReducer.js": {"lines":{"total":12,"covered":2,"skipped":0,"pct":16.67},"functions":{"total":1,"covered":1,"skipped":0,"pct":100},"statements":{"total":12,"covered":2,"skipped":0,"pct":16.67},"branches":{"total":6,"covered":2,"skipped":0,"pct":33.33}}
,"C:\\Users\\Tay\\Desktop\\Coding\\flower-game-phaser3\\src\\reducers\\indexReducer.js": {"lines":{"total":1,"covered":1,"skipped":0,"pct":100},"functions":{"total":0,"covered":0,"skipped":0,"pct":100},"statements":{"total":1,"covered":1,"skipped":0,"pct":100},"branches":{"total":0,"covered":0,"skipped":0,"pct":100}}
,"C:\\Users\\Tay\\Desktop\\Coding\\flower-game-phaser3\\src\\reducers\\punnettReducer.js": {"lines":{"total":7,"covered":2,"skipped":0,"pct":28.57},"functions":{"total":2,"covered":1,"skipped":0,"pct":50},"statements":{"total":7,"covered":2,"skipped":0,"pct":28.57},"branches":{"total":5,"covered":2,"skipped":0,"pct":40}}
,"C:\\Users\\Tay\\Desktop\\Coding\\flower-game-phaser3\\src\\reducers\\tilesReducer.js": {"lines":{"total":18,"covered":2,"skipped":0,"pct":11.11},"functions":{"total":1,"covered":1,"skipped":0,"pct":100},"statements":{"total":18,"covered":2,"skipped":0,"pct":11.11},"branches":{"total":6,"covered":2,"skipped":0,"pct":33.33}}
,"C:\\Users\\Tay\\Desktop\\Coding\\flower-game-phaser3\\src\\types\\actions.js": {"lines":{"total":15,"covered":15,"skipped":0,"pct":100},"functions":{"total":0,"covered":0,"skipped":0,"pct":100},"statements":{"total":15,"covered":15,"skipped":0,"pct":100},"branches":{"total":0,"covered":0,"skipped":0,"pct":100}}
,"C:\\Users\\Tay\\Desktop\\Coding\\flower-game-phaser3\\src\\types\\allTypes.js": {"lines":{"total":1,"covered":1,"skipped":0,"pct":100},"functions":{"total":0,"covered":0,"skipped":0,"pct":100},"statements":{"total":1,"covered":1,"skipped":0,"pct":100},"branches":{"total":0,"covered":0,"skipped":0,"pct":100}}
,"C:\\Users\\Tay\\Desktop\\Coding\\flower-game-phaser3\\src\\types\\colors.js": {"lines":{"total":1,"covered":1,"skipped":0,"pct":100},"functions":{"total":0,"covered":0,"skipped":0,"pct":100},"statements":{"total":1,"covered":1,"skipped":0,"pct":100},"branches":{"total":0,"covered":0,"skipped":0,"pct":100}}
,"C:\\Users\\Tay\\Desktop\\Coding\\flower-game-phaser3\\src\\types\\flowerShapes.js": {"lines":{"total":1,"covered":1,"skipped":0,"pct":100},"functions":{"total":0,"covered":0,"skipped":0,"pct":100},"statements":{"total":1,"covered":1,"skipped":0,"pct":100},"branches":{"total":0,"covered":0,"skipped":0,"pct":100}}
,"C:\\Users\\Tay\\Desktop\\Coding\\flower-game-phaser3\\src\\types\\flowerStems.js": {"lines":{"total":1,"covered":1,"skipped":0,"pct":100},"functions":{"total":0,"covered":0,"skipped":0,"pct":100},"statements":{"total":1,"covered":1,"skipped":0,"pct":100},"branches":{"total":0,"covered":0,"skipped":0,"pct":100}}
,"C:\\Users\\Tay\\Desktop\\Coding\\flower-game-phaser3\\src\\types\\gardenShapes.js": {"lines":{"total":2,"covered":2,"skipped":0,"pct":100},"functions":{"total":0,"covered":0,"skipped":0,"pct":100},"statements":{"total":2,"covered":2,"skipped":0,"pct":100},"branches":{"total":0,"covered":0,"skipped":0,"pct":100}}
,"C:\\Users\\Tay\\Desktop\\Coding\\flower-game-phaser3\\src\\utils\\localStorage.js": {"lines":{"total":20,"covered":7,"skipped":0,"pct":35},"functions":{"total":3,"covered":1,"skipped":0,"pct":33.33},"statements":{"total":20,"covered":7,"skipped":0,"pct":35},"branches":{"total":2,"covered":1,"skipped":0,"pct":50}}
,"C:\\Users\\Tay\\Desktop\\Coding\\flower-game-phaser3\\src\\utils\\screenSize.js": {"lines":{"total":1,"covered":1,"skipped":0,"pct":100},"functions":{"total":0,"covered":0,"skipped":0,"pct":100},"statements":{"total":1,"covered":1,"skipped":0,"pct":100},"branches":{"total":0,"covered":0,"skipped":0,"pct":100}}
,"C:\\Users\\Tay\\Desktop\\Coding\\flower-game-phaser3\\src\\utils\\visualFormatting.js": {"lines":{"total":2,"covered":2,"skipped":0,"pct":100},"functions":{"total":1,"covered":1,"skipped":0,"pct":100},"statements":{"total":2,"covered":2,"skipped":0,"pct":100},"branches":{"total":2,"covered":1,"skipped":0,"pct":50}}
,"C:\\Users\\Tay\\Desktop\\Coding\\flower-game-phaser3\\test\\mocks\\fileMock.js": {"lines":{"total":1,"covered":1,"skipped":0,"pct":100},"functions":{"total":0,"covered":0,"skipped":0,"pct":100},"statements":{"total":1,"covered":1,"skipped":0,"pct":100},"branches":{"total":0,"covered":0,"skipped":0,"pct":100}}
,"C:\\Users\\Tay\\Desktop\\Coding\\flower-game-phaser3\\test\\mocks\\styleMock.js": {"lines":{"total":1,"covered":1,"skipped":0,"pct":100},"functions":{"total":0,"covered":0,"skipped":0,"pct":100},"statements":{"total":1,"covered":1,"skipped":0,"pct":100},"branches":{"total":0,"covered":0,"skipped":0,"pct":100}}
}
