TN:
SF:C:\Users\Tay\Desktop\Coding\flower-game-phaser3\src\App.jsx
FN:9,(anonymous_0)
FNF:1
FNH:1
FNDA:1,(anonymous_0)
DA:10,1
LF:1
LH:1
BRF:0
BRH:0
end_of_record
TN:
SF:C:\Users\Tay\Desktop\Coding\flower-game-phaser3\src\exampleState.js
FNF:0
FNH:0
DA:12,1
DA:13,1
DA:14,1
DA:15,1
DA:17,1
DA:18,1
DA:19,1
DA:20,1
DA:27,1
DA:33,1
DA:39,1
DA:41,1
DA:43,1
DA:45,1
LF:14
LH:14
BRF:0
BRH:0
end_of_record
TN:
SF:C:\Users\Tay\Desktop\Coding\flower-game-phaser3\src\index.js
FNF:0
FNH:0
DA:19,1
DA:21,1
DA:38,1
DA:40,1
LF:4
LH:4
BRDA:44,0,0,1
BRDA:44,0,1,1
BRF:2
BRH:2
end_of_record
TN:
SF:C:\Users\Tay\Desktop\Coding\flower-game-phaser3\src\actions\beeActions.js
FN:3,(anonymous_0)
FN:10,(anonymous_1)
FNF:2
FNH:0
FNDA:0,(anonymous_0)
FNDA:0,(anonymous_1)
DA:3,1
DA:4,0
DA:10,1
DA:11,0
LF:4
LH:2
BRF:0
BRH:0
end_of_record
TN:
SF:C:\Users\Tay\Desktop\Coding\flower-game-phaser3\src\actions\configActions.js
FN:9,(anonymous_0)
FN:16,(anonymous_1)
FN:23,(anonymous_2)
FN:30,(anonymous_3)
FN:40,(anonymous_4)
FNF:5
FNH:0
FNDA:0,(anonymous_0)
FNDA:0,(anonymous_1)
FNDA:0,(anonymous_2)
FNDA:0,(anonymous_3)
FNDA:0,(anonymous_4)
DA:9,1
DA:10,0
DA:16,1
DA:17,0
DA:23,1
DA:24,0
DA:30,1
DA:31,0
DA:40,1
DA:41,0
LF:10
LH:5
BRF:0
BRH:0
end_of_record
TN:
SF:C:\Users\Tay\Desktop\Coding\flower-game-phaser3\src\actions\flowerActions.js
FN:8,(anonymous_0)
FN:16,(anonymous_1)
FN:24,(anonymous_2)
FN:32,(anonymous_3)
FNF:4
FNH:0
FNDA:0,(anonymous_0)
FNDA:0,(anonymous_1)
FNDA:0,(anonymous_2)
FNDA:0,(anonymous_3)
DA:8,1
DA:9,0
DA:10,0
DA:16,1
DA:17,0
DA:24,1
DA:25,0
DA:32,1
DA:33,0
LF:9
LH:4
BRF:0
BRH:0
end_of_record
TN:
SF:C:\Users\Tay\Desktop\Coding\flower-game-phaser3\src\actions\punnettActions.js
FN:3,(anonymous_0)
FNF:1
FNH:0
FNDA:0,(anonymous_0)
DA:3,1
DA:4,0
LF:2
LH:1
BRF:0
BRH:0
end_of_record
TN:
SF:C:\Users\Tay\Desktop\Coding\flower-game-phaser3\src\actions\tileActions.js
FN:7,(anonymous_0)
FN:14,(anonymous_1)
FNF:2
FNH:0
FNDA:0,(anonymous_0)
FNDA:0,(anonymous_1)
DA:7,1
DA:8,0
DA:14,1
DA:15,0
LF:4
LH:2
BRF:0
BRH:0
end_of_record
TN:
SF:C:\Users\Tay\Desktop\Coding\flower-game-phaser3\src\components\Allele.js
FN:8,(anonymous_0)
FN:16,(anonymous_1)
FN:34,(anonymous_2)
FN:35,(anonymous_3)
FN:42,(anonymous_4)
FNF:5
FNH:5
FNDA:36,(anonymous_0)
FNDA:36,(anonymous_1)
FNDA:4,(anonymous_2)
FNDA:4,(anonymous_3)
FNDA:3,(anonymous_4)
DA:8,1
DA:9,36
DA:10,36
DA:13,36
DA:17,36
DA:19,16
DA:21,16
DA:23,4
DA:32,1
DA:34,4
DA:36,4
DA:42,3
LF:12
LH:12
BRDA:11,0,0,0
BRDA:11,0,1,36
BRDA:17,1,0,16
BRDA:17,1,1,16
BRDA:17,1,2,4
BRF:5
BRH:4
end_of_record
TN:
SF:C:\Users\Tay\Desktop\Coding\flower-game-phaser3\src\components\ColorSquare.js
FN:4,(anonymous_0)
FNF:1
FNH:1
FNDA:16,(anonymous_0)
DA:4,1
DA:5,16
DA:6,16
DA:7,16
DA:24,1
LF:5
LH:5
BRDA:9,0,0,0
BRDA:9,0,1,16
BRF:2
BRH:1
end_of_record
TN:
SF:C:\Users\Tay\Desktop\Coding\flower-game-phaser3\src\components\Diploid.js
FN:14,(anonymous_0)
FNF:1
FNH:1
FNDA:8,(anonymous_0)
DA:15,8
DA:16,8
LF:2
LH:2
BRF:0
BRH:0
end_of_record
TN:
SF:C:\Users\Tay\Desktop\Coding\flower-game-phaser3\src\components\FlowerShapeIcon.js
FN:7,(anonymous_0)
FN:13,(anonymous_1)
FNF:2
FNH:2
FNDA:16,(anonymous_0)
FNDA:16,(anonymous_1)
DA:7,1
DA:8,16
DA:9,16
DA:11,16
DA:14,16
DA:16,0
DA:20,8
DA:24,8
DA:28,0
DA:32,0
DA:41,1
LF:11
LH:8
BRDA:14,0,0,0
BRDA:14,0,1,8
BRDA:14,0,2,8
BRDA:14,0,3,0
BRDA:14,0,4,0
BRF:5
BRH:2
end_of_record
TN:
SF:C:\Users\Tay\Desktop\Coding\flower-game-phaser3\src\components\Punnett.js
FN:8,(anonymous_0)
FNF:1
FNH:1
FNDA:1,(anonymous_0)
DA:9,1
LF:1
LH:1
BRF:0
BRH:0
end_of_record
TN:
SF:C:\Users\Tay\Desktop\Coding\flower-game-phaser3\src\components\PunnettTableGene.js
FN:14,(anonymous_0)
FNF:1
FNH:1
FNDA:2,(anonymous_0)
DA:15,2
DA:16,2
LF:2
LH:2
BRF:0
BRH:0
end_of_record
TN:
SF:C:\Users\Tay\Desktop\Coding\flower-game-phaser3\src\components\TableAllele.js
FN:13,(anonymous_0)
FN:37,mapStateToProps
FNF:2
FNH:2
FNDA:16,(anonymous_0)
FNDA:16,mapStateToProps
DA:20,16
DA:21,16
DA:24,16
DA:26,16
DA:27,16
DA:38,16
LF:6
LH:6
BRF:0
BRH:0
end_of_record
TN:
SF:C:\Users\Tay\Desktop\Coding\flower-game-phaser3\src\components\Tooltip.js
FN:27,(anonymous_0)
FN:31,(anonymous_1)
FN:69,mapStateToProps
FNF:3
FNH:3
FNDA:1,(anonymous_0)
FNDA:1,(anonymous_1)
FNDA:1,mapStateToProps
DA:28,1
DA:32,1
DA:34,1
DA:70,1
LF:4
LH:4
BRDA:41,0,0,1
BRDA:41,0,1,0
BRF:2
BRH:1
end_of_record
TN:
SF:C:\Users\Tay\Desktop\Coding\flower-game-phaser3\src\components\AlleleListbox\AlleleListboxContainer.js
FN:24,(anonymous_0)
FN:41,(anonymous_1)
FN:45,(anonymous_2)
FN:53,(anonymous_3)
FN:86,mapStateToProps
FNF:5
FNH:4
FNDA:8,(anonymous_0)
FNDA:8,(anonymous_1)
FNDA:0,(anonymous_2)
FNDA:8,(anonymous_3)
FNDA:8,mapStateToProps
DA:25,8
DA:27,8
DA:28,8
DA:29,8
DA:30,8
DA:31,8
DA:42,8
DA:48,0
DA:49,0
DA:54,8
DA:55,8
DA:56,8
DA:87,8
LF:13
LH:11
BRDA:48,0,0,0
BRDA:48,0,1,0
BRDA:68,1,0,0
BRDA:68,1,1,8
BRF:4
BRH:1
end_of_record
TN:
SF:C:\Users\Tay\Desktop\Coding\flower-game-phaser3\src\components\AlleleListbox\AlleleListboxOptions.js
FN:6,(anonymous_0)
FN:17,(anonymous_1)
FN:25,(anonymous_2)
FN:26,(anonymous_3)
FNF:4
FNH:0
FNDA:0,(anonymous_0)
FNDA:0,(anonymous_1)
FNDA:0,(anonymous_2)
FNDA:0,(anonymous_3)
DA:6,1
DA:12,0
DA:13,0
DA:14,0
DA:15,0
DA:18,0
DA:25,0
DA:26,0
DA:41,1
LF:9
LH:2
BRF:0
BRH:0
end_of_record
TN:
SF:C:\Users\Tay\Desktop\Coding\flower-game-phaser3\src\components\AlleleListbox\AlleleListboxSelect.js
FN:5,(anonymous_0)
FNF:1
FNH:1
FNDA:8,(anonymous_0)
DA:5,1
DA:12,8
DA:13,8
DA:37,1
LF:4
LH:4
BRDA:26,0,0,0
BRDA:26,0,1,8
BRF:2
BRH:1
end_of_record
TN:
SF:C:\Users\Tay\Desktop\Coding\flower-game-phaser3\src\components\AlleleListbox\handlers\listboxHandlers.js
FN:3,(anonymous_0)
FN:7,(anonymous_1)
FN:11,(anonymous_2)
FN:20,(anonymous_3)
FN:24,(anonymous_4)
FN:33,(anonymous_5)
FN:40,(anonymous_6)
FN:47,(anonymous_7)
FN:50,(anonymous_8)
FN:60,(anonymous_9)
FN:71,(anonymous_10)
FN:74,(anonymous_11)
FN:80,(anonymous_12)
FN:85,(anonymous_13)
FN:92,(anonymous_14)
FNF:15
FNH:0
FNDA:0,(anonymous_0)
FNDA:0,(anonymous_1)
FNDA:0,(anonymous_2)
FNDA:0,(anonymous_3)
FNDA:0,(anonymous_4)
FNDA:0,(anonymous_5)
FNDA:0,(anonymous_6)
FNDA:0,(anonymous_7)
FNDA:0,(anonymous_8)
FNDA:0,(anonymous_9)
FNDA:0,(anonymous_10)
FNDA:0,(anonymous_11)
FNDA:0,(anonymous_12)
FNDA:0,(anonymous_13)
FNDA:0,(anonymous_14)
DA:3,1
DA:4,0
DA:6,0
DA:7,0
DA:12,0
DA:15,0
DA:16,0
DA:18,0
DA:19,0
DA:20,0
DA:25,0
DA:28,0
DA:30,0
DA:31,0
DA:32,0
DA:33,0
DA:37,0
DA:38,0
DA:39,0
DA:40,0
DA:45,0
DA:46,0
DA:48,0
DA:51,0
DA:55,0
DA:60,1
DA:61,0
DA:62,0
DA:69,0
DA:71,1
DA:72,0
DA:73,0
DA:75,0
DA:81,0
DA:85,0
DA:86,0
DA:92,1
DA:93,0
DA:95,0
DA:96,0
DA:98,0
DA:99,0
DA:101,0
LF:43
LH:4
BRDA:4,0,0,0
BRDA:4,0,1,0
BRDA:4,0,2,0
BRDA:18,1,0,0
BRDA:18,1,1,0
BRDA:18,2,0,0
BRDA:18,2,1,0
BRDA:30,3,0,0
BRDA:30,3,1,0
BRDA:37,4,0,0
BRDA:37,4,1,0
BRDA:45,5,0,0
BRDA:45,5,1,0
BRDA:72,6,0,0
BRDA:72,6,1,0
BRDA:93,7,0,0
BRDA:93,7,1,0
BRDA:93,7,2,0
BRDA:98,8,0,0
BRDA:98,8,1,0
BRDA:98,9,0,0
BRDA:98,9,1,0
BRF:22
BRH:0
end_of_record
TN:
SF:C:\Users\Tay\Desktop\Coding\flower-game-phaser3\src\components\Dashboard\AddRecessiveAllele.js
FN:6,mapStateToProps
FN:19,(anonymous_1)
FN:31,(anonymous_2)
FN:35,(anonymous_3)
FN:42,(anonymous_4)
FN:53,(anonymous_5)
FNF:6
FNH:4
FNDA:2,mapStateToProps
FNDA:0,(anonymous_1)
FNDA:0,(anonymous_2)
FNDA:2,(anonymous_3)
FNDA:8,(anonymous_4)
FNDA:8,(anonymous_5)
DA:7,2
DA:20,0
DA:21,0
DA:22,0
DA:23,0
DA:32,0
DA:36,2
DA:37,2
DA:38,2
DA:41,2
DA:42,8
DA:44,2
DA:45,2
DA:54,8
LF:14
LH:9
BRDA:61,0,0,2
BRDA:61,0,1,0
BRF:2
BRH:1
end_of_record
TN:
SF:C:\Users\Tay\Desktop\Coding\flower-game-phaser3\src\components\Dashboard\BeeCanFlyButton.js
FN:7,mapStateToProps
FN:14,(anonymous_1)
FN:18,(anonymous_2)
FN:21,(anonymous_3)
FN:29,(anonymous_4)
FNF:5
FNH:2
FNDA:1,mapStateToProps
FNDA:0,(anonymous_1)
FNDA:0,(anonymous_2)
FNDA:0,(anonymous_3)
FNDA:1,(anonymous_4)
DA:8,1
DA:15,0
DA:17,0
DA:18,0
DA:22,0
DA:30,1
LF:6
LH:2
BRDA:35,0,0,0
BRDA:35,0,1,1
BRDA:40,1,0,0
BRDA:40,1,1,1
BRF:4
BRH:2
end_of_record
TN:
SF:C:\Users\Tay\Desktop\Coding\flower-game-phaser3\src\components\Dashboard\ClearLocalStorageButton.js
FN:7,mapStateToProps
FN:12,(anonymous_1)
FN:16,(anonymous_2)
FNF:3
FNH:2
FNDA:1,mapStateToProps
FNDA:0,(anonymous_1)
FNDA:1,(anonymous_2)
DA:8,1
DA:13,0
DA:14,0
DA:17,1
LF:4
LH:2
BRF:0
BRH:0
end_of_record
TN:
SF:C:\Users\Tay\Desktop\Coding\flower-game-phaser3\src\components\Dashboard\Dashboard.js
FN:11,(anonymous_0)
FNF:1
FNH:1
FNDA:1,(anonymous_0)
DA:11,1
DA:12,1
LF:2
LH:2
BRF:0
BRH:0
end_of_record
TN:
SF:C:\Users\Tay\Desktop\Coding\flower-game-phaser3\src\components\Dashboard\NewFlowerFromPunnettButton.js
FN:10,mapStateToProps
FN:21,(anonymous_1)
FN:53,(anonymous_2)
FNF:3
FNH:2
FNDA:1,mapStateToProps
FNDA:0,(anonymous_1)
FNDA:1,(anonymous_2)
DA:11,1
DA:22,0
DA:23,0
DA:24,0
DA:25,0
DA:26,0
DA:27,0
DA:29,0
DA:51,0
DA:54,1
DA:55,1
DA:56,1
DA:57,1
LF:13
LH:5
BRDA:62,0,0,1
BRDA:62,0,1,1
BRDA:62,0,2,1
BRDA:62,0,3,1
BRF:4
BRH:4
end_of_record
TN:
SF:C:\Users\Tay\Desktop\Coding\flower-game-phaser3\src\components\Dashboard\NewRandomFlowerButton.js
FN:13,mapStateToProps
FN:21,(anonymous_1)
FN:49,(anonymous_2)
FNF:3
FNH:2
FNDA:1,mapStateToProps
FNDA:0,(anonymous_1)
FNDA:1,(anonymous_2)
DA:14,1
DA:22,0
DA:23,0
DA:24,0
DA:25,0
DA:27,0
DA:47,0
DA:50,1
LF:8
LH:2
BRF:0
BRH:0
end_of_record
TN:
SF:C:\Users\Tay\Desktop\Coding\flower-game-phaser3\src\components\Dashboard\RemoveRecessiveAllele.js
FN:6,mapStateToProps
FN:18,(anonymous_1)
FN:30,(anonymous_2)
FN:34,(anonymous_3)
FN:54,(anonymous_4)
FNF:5
FNH:2
FNDA:2,mapStateToProps
FNDA:0,(anonymous_1)
FNDA:0,(anonymous_2)
FNDA:2,(anonymous_3)
FNDA:0,(anonymous_4)
DA:7,2
DA:19,0
DA:20,0
DA:21,0
DA:22,0
DA:31,0
DA:35,2
DA:36,2
DA:38,2
DA:39,2
DA:41,2
DA:55,0
LF:12
LH:6
BRDA:50,0,0,2
BRDA:50,0,1,0
BRF:2
BRH:1
end_of_record
TN:
SF:C:\Users\Tay\Desktop\Coding\flower-game-phaser3\src\components\Dashboard\SaveToLocalStorageButton.js
FN:7,mapStateToProps
FN:12,(anonymous_1)
FN:18,(anonymous_2)
FNF:3
FNH:2
FNDA:1,mapStateToProps
FNDA:0,(anonymous_1)
FNDA:1,(anonymous_2)
DA:8,1
DA:13,0
DA:14,0
DA:19,1
LF:4
LH:2
BRF:0
BRH:0
end_of_record
TN:
SF:C:\Users\Tay\Desktop\Coding\flower-game-phaser3\src\components\FlowerTable\FlowerName.js
FN:12,(anonymous_0)
FN:26,(anonymous_1)
FN:29,(anonymous_2)
FN:33,(anonymous_3)
FN:37,(anonymous_4)
FNF:5
FNH:1
FNDA:0,(anonymous_0)
FNDA:0,(anonymous_1)
FNDA:0,(anonymous_2)
FNDA:0,(anonymous_3)
FNDA:2,(anonymous_4)
DA:13,0
DA:14,0
DA:15,0
DA:16,0
DA:17,0
DA:27,0
DA:30,0
DA:31,0
DA:34,0
DA:38,2
DA:39,2
DA:40,2
LF:12
LH:3
BRDA:15,0,0,0
BRDA:15,0,1,0
BRDA:42,1,0,0
BRDA:42,1,1,2
BRF:4
BRH:1
end_of_record
TN:
SF:C:\Users\Tay\Desktop\Coding\flower-game-phaser3\src\components\FlowerTable\FlowerTable.js
FN:10,mapStateToProps
FN:21,(anonymous_1)
FN:35,(anonymous_2)
FNF:3
FNH:3
FNDA:1,mapStateToProps
FNDA:1,(anonymous_1)
FNDA:2,(anonymous_2)
DA:11,1
DA:22,1
DA:23,1
DA:24,1
DA:36,2
LF:5
LH:5
BRDA:29,0,0,1
BRDA:29,0,1,0
BRF:2
BRH:1
end_of_record
TN:
SF:C:\Users\Tay\Desktop\Coding\flower-game-phaser3\src\components\FlowerTable\FlowerTableHeader.js
FN:9,(anonymous_0)
FN:14,(anonymous_1)
FNF:2
FNH:2
FNDA:1,(anonymous_0)
FNDA:3,(anonymous_1)
DA:10,1
DA:11,1
DA:15,3
LF:3
LH:3
BRF:0
BRH:0
end_of_record
TN:
SF:C:\Users\Tay\Desktop\Coding\flower-game-phaser3\src\components\FlowerTable\FlowerTableRows.js
FN:16,(anonymous_0)
FN:28,(anonymous_1)
FNF:2
FNH:2
FNDA:2,(anonymous_0)
FNDA:6,(anonymous_1)
DA:17,2
DA:18,2
DA:29,6
DA:30,6
DA:31,6
DA:34,6
DA:37,6
LF:7
LH:7
BRF:0
BRH:0
end_of_record
TN:
SF:C:\Users\Tay\Desktop\Coding\flower-game-phaser3\src\determinants\determineColor.js
FN:5,determineColor
FN:41,getHexColor
FN:46,getRandomColor
FNF:3
FNH:3
FNDA:6,determineColor
FNDA:1,getHexColor
FNDA:5,getRandomColor
DA:2,3
DA:3,3
DA:7,6
DA:8,6
DA:9,6
DA:12,6
DA:13,6
DA:14,2
DA:16,6
DA:17,1
DA:22,6
DA:23,4
DA:27,2
DA:28,1
DA:32,1
DA:33,0
DA:36,1
DA:37,1
DA:43,1
DA:47,5
LF:20
LH:19
BRDA:13,0,0,2
BRDA:13,0,1,4
BRDA:16,1,0,1
BRDA:16,1,1,5
BRDA:22,2,0,4
BRDA:22,2,1,2
BRDA:22,3,0,6
BRDA:22,3,1,4
BRDA:27,4,0,1
BRDA:27,4,1,1
BRDA:27,5,0,2
BRDA:27,5,1,2
BRDA:32,6,0,0
BRDA:32,6,1,1
BRDA:32,7,0,1
BRDA:32,7,1,0
BRDA:36,8,0,1
BRDA:36,8,1,0
BRDA:36,9,0,1
BRDA:36,9,1,1
BRF:20
BRH:17
end_of_record
TN:
SF:C:\Users\Tay\Desktop\Coding\flower-game-phaser3\src\determinants\determineFlowerShape.js
FN:3,(anonymous_0)
FN:29,(anonymous_1)
FNF:2
FNH:2
FNDA:3,(anonymous_0)
FNDA:4,(anonymous_1)
DA:3,2
DA:4,3
DA:5,2
DA:7,1
DA:8,1
DA:10,0
DA:13,0
DA:16,0
DA:19,0
DA:22,1
DA:26,2
DA:27,2
DA:29,2
DA:30,4
LF:14
LH:10
BRDA:4,0,0,2
BRDA:4,0,1,1
BRDA:8,1,0,0
BRDA:8,1,1,0
BRDA:8,1,2,0
BRDA:8,1,3,0
BRDA:8,1,4,1
BRF:7
BRH:3
end_of_record
TN:
SF:C:\Users\Tay\Desktop\Coding\flower-game-phaser3\src\determinants\determineGenotypePhenotype.js
FN:3,(anonymous_0)
FN:5,(anonymous_1)
FN:15,(anonymous_2)
FN:17,(anonymous_3)
FN:33,(anonymous_4)
FNF:5
FNH:5
FNDA:1,(anonymous_0)
FNDA:3,(anonymous_1)
FNDA:3,(anonymous_2)
FNDA:9,(anonymous_3)
FNDA:21,(anonymous_4)
DA:3,2
DA:4,1
DA:5,1
DA:7,3
DA:12,1
DA:15,2
DA:16,3
DA:17,3
DA:18,9
DA:20,3
DA:23,6
DA:26,9
DA:30,3
DA:33,2
DA:34,21
LF:15
LH:15
BRDA:18,0,0,3
BRDA:18,0,1,6
BRDA:18,0,2,9
BRF:3
BRH:3
end_of_record
TN:
SF:C:\Users\Tay\Desktop\Coding\flower-game-phaser3\src\determinants\determinePosition.js
FN:2,(anonymous_0)
FN:15,(anonymous_1)
FN:21,(anonymous_2)
FNF:3
FNH:1
FNDA:0,(anonymous_0)
FNDA:1,(anonymous_1)
FNDA:0,(anonymous_2)
DA:2,1
DA:3,0
DA:4,0
DA:5,0
DA:6,0
DA:8,0
DA:10,0
DA:12,0
DA:15,1
DA:17,1
DA:18,1
DA:21,1
DA:22,0
DA:24,0
DA:26,0
DA:27,0
DA:41,0
DA:42,0
DA:47,0
LF:19
LH:5
BRDA:4,0,0,0
BRDA:4,0,1,0
BRF:2
BRH:0
end_of_record
TN:
SF:C:\Users\Tay\Desktop\Coding\flower-game-phaser3\src\determinants\determineShapeOfGarden.js
FN:3,(anonymous_0)
FN:7,(anonymous_1)
FNF:2
FNH:0
FNDA:0,(anonymous_0)
FNDA:0,(anonymous_1)
DA:3,1
DA:4,0
DA:5,0
DA:7,0
DA:8,0
DA:14,0
LF:6
LH:1
BRDA:5,0,0,0
BRDA:5,0,1,0
BRDA:5,0,2,0
BRF:3
BRH:0
end_of_record
TN:
SF:C:\Users\Tay\Desktop\Coding\flower-game-phaser3\src\determinants\determineStem.js
FN:1,(anonymous_0)
FN:7,(anonymous_1)
FNF:2
FNH:2
FNDA:1,(anonymous_0)
FNDA:1,(anonymous_1)
DA:1,2
DA:2,1
DA:4,1
DA:7,2
DA:8,1
DA:10,1
LF:6
LH:6
BRF:0
BRH:0
end_of_record
TN:
SF:C:\Users\Tay\Desktop\Coding\flower-game-phaser3\src\middleware\indexMiddleware.js
FNF:0
FNH:0
DA:6,1
LF:1
LH:1
BRF:0
BRH:0
end_of_record
TN:
SF:C:\Users\Tay\Desktop\Coding\flower-game-phaser3\src\middleware\logger.js
FN:1,(anonymous_0)
FN:1,(anonymous_1)
FN:1,(anonymous_2)
FNF:3
FNH:2
FNDA:1,(anonymous_0)
FNDA:1,(anonymous_1)
FNDA:0,(anonymous_2)
DA:1,1
DA:2,0
DA:3,0
DA:4,0
DA:5,0
DA:6,0
DA:7,0
LF:7
LH:1
BRF:0
BRH:0
end_of_record
TN:
SF:C:\Users\Tay\Desktop\Coding\flower-game-phaser3\src\middleware\recessivizerMiddleware.js
FN:3,(anonymous_0)
FN:3,(anonymous_1)
FN:3,(anonymous_2)
FNF:3
FNH:2
FNDA:1,(anonymous_0)
FNDA:1,(anonymous_1)
FNDA:0,(anonymous_2)
DA:3,1
DA:4,0
DA:5,0
DA:6,0
DA:7,0
DA:8,0
DA:9,0
DA:11,0
LF:8
LH:1
BRDA:4,0,0,0
BRDA:4,0,1,0
BRF:2
BRH:0
end_of_record
TN:
SF:C:\Users\Tay\Desktop\Coding\flower-game-phaser3\src\phaser\add3dFlower.js
FN:5,add3dFlower
FNF:1
FNH:0
FNDA:0,add3dFlower
DA:7,0
DA:10,0
DA:11,0
DA:12,0
DA:13,0
DA:14,0
DA:17,0
DA:27,0
DA:30,0
DA:38,0
DA:39,0
DA:44,0
DA:46,0
DA:50,0
DA:53,0
DA:54,0
DA:55,0
DA:56,0
DA:59,0
LF:19
LH:0
BRF:0
BRH:0
end_of_record
TN:
SF:C:\Users\Tay\Desktop\Coding\flower-game-phaser3\src\phaser\gameloop\addNewFlowersToGame.js
FN:2,addNewFlowers
FNF:1
FNH:0
FNDA:0,addNewFlowers
DA:4,0
DA:5,0
DA:6,0
DA:7,0
LF:4
LH:0
BRF:0
BRH:0
end_of_record
TN:
SF:C:\Users\Tay\Desktop\Coding\flower-game-phaser3\src\phaser\gameloop\checkForPollen.js
FN:6,checkForPollen
FNF:1
FNH:0
FNDA:0,checkForPollen
DA:7,0
DA:8,0
DA:10,0
DA:11,0
DA:13,0
DA:16,0
DA:17,0
LF:7
LH:0
BRDA:10,0,0,0
BRDA:10,0,1,0
BRDA:16,1,0,0
BRDA:16,1,1,0
BRF:4
BRH:0
end_of_record
TN:
SF:C:\Users\Tay\Desktop\Coding\flower-game-phaser3\src\phaser\gameloop\checkStore.js
FN:5,checkStore
FN:27,getStoreState
FNF:2
FNH:0
FNDA:0,checkStore
FNDA:0,getStoreState
DA:6,0
DA:7,0
DA:9,0
DA:11,0
DA:13,0
DA:14,0
DA:15,0
DA:16,0
DA:17,0
DA:18,0
DA:22,0
DA:28,0
LF:12
LH:0
BRDA:9,0,0,0
BRDA:9,0,1,0
BRDA:11,1,0,0
BRDA:11,1,1,0
BRDA:15,2,0,0
BRDA:15,2,1,0
BRF:6
BRH:0
end_of_record
TN:
SF:C:\Users\Tay\Desktop\Coding\flower-game-phaser3\src\phaser\gameloop\overlapCb.js
FN:3,(anonymous_0)
FN:23,(anonymous_1)
FNF:2
FNH:0
FNDA:0,(anonymous_0)
FNDA:0,(anonymous_1)
DA:3,1
DA:9,0
DA:10,0
DA:13,0
DA:14,0
DA:15,0
DA:18,0
DA:20,0
DA:21,0
DA:25,0
DA:28,0
DA:33,0
LF:12
LH:1
BRDA:13,0,0,0
BRDA:13,0,1,0
BRDA:13,1,0,0
BRDA:13,1,1,0
BRDA:18,2,0,0
BRDA:18,2,1,0
BRF:6
BRH:0
end_of_record
TN:
SF:C:\Users\Tay\Desktop\Coding\flower-game-phaser3\src\phaser\gameloop\pollinate.js
FN:8,(anonymous_0)
FNF:1
FNH:0
FNDA:0,(anonymous_0)
DA:8,1
DA:10,0
DA:11,0
DA:12,0
DA:14,0
DA:15,0
DA:16,0
DA:28,0
DA:31,0
DA:34,0
DA:50,0
DA:51,0
DA:54,0
LF:13
LH:1
BRDA:28,0,0,0
BRDA:28,0,1,0
BRF:2
BRH:0
end_of_record
TN:
SF:C:\Users\Tay\Desktop\Coding\flower-game-phaser3\src\phaser\gameloop\rotation.js
FN:5,beeFrameRotate
FN:82,beeRotate
FNF:2
FNH:0
FNDA:0,beeFrameRotate
FNDA:0,beeRotate
DA:3,1
DA:7,0
DA:8,0
DA:11,0
DA:12,0
DA:15,0
DA:17,0
DA:29,0
DA:30,0
DA:33,0
DA:34,0
DA:35,0
DA:36,0
DA:37,0
DA:38,0
DA:39,0
DA:40,0
DA:41,0
DA:42,0
DA:43,0
DA:44,0
DA:45,0
DA:46,0
DA:47,0
DA:48,0
DA:49,0
DA:50,0
DA:51,0
DA:52,0
DA:53,0
DA:54,0
DA:55,0
DA:56,0
DA:57,0
DA:58,0
DA:59,0
DA:60,0
DA:61,0
DA:62,0
DA:63,0
DA:64,0
DA:83,0
DA:84,0
DA:86,0
DA:88,0
DA:89,0
DA:90,0
DA:92,0
LF:48
LH:1
BRDA:11,0,0,0
BRDA:11,0,1,0
BRDA:29,1,0,0
BRDA:29,1,1,0
BRDA:33,2,0,0
BRDA:33,2,1,0
BRDA:35,3,0,0
BRDA:35,3,1,0
BRDA:37,4,0,0
BRDA:37,4,1,0
BRDA:39,5,0,0
BRDA:39,5,1,0
BRDA:41,6,0,0
BRDA:41,6,1,0
BRDA:43,7,0,0
BRDA:43,7,1,0
BRDA:45,8,0,0
BRDA:45,8,1,0
BRDA:47,9,0,0
BRDA:47,9,1,0
BRDA:49,10,0,0
BRDA:49,10,1,0
BRDA:51,11,0,0
BRDA:51,11,1,0
BRDA:53,12,0,0
BRDA:53,12,1,0
BRDA:55,13,0,0
BRDA:55,13,1,0
BRDA:57,14,0,0
BRDA:57,14,1,0
BRDA:59,15,0,0
BRDA:59,15,1,0
BRDA:61,16,0,0
BRDA:61,16,1,0
BRDA:63,17,0,0
BRDA:63,17,1,0
BRDA:88,18,0,0
BRDA:88,18,1,0
BRF:38
BRH:0
end_of_record
TN:
SF:C:\Users\Tay\Desktop\Coding\flower-game-phaser3\src\phaser\init\addTiles.js
FN:6,(anonymous_0)
FN:22,(anonymous_1)
FN:32,(anonymous_2)
FNF:3
FNH:0
FNDA:0,(anonymous_0)
FNDA:0,(anonymous_1)
FNDA:0,(anonymous_2)
DA:5,1
DA:6,1
DA:8,0
DA:10,0
DA:11,0
DA:12,0
DA:13,0
DA:14,0
DA:17,0
DA:18,0
DA:22,0
DA:23,0
DA:24,0
DA:26,0
DA:27,0
DA:28,0
DA:32,0
DA:33,0
DA:34,0
DA:35,0
DA:36,0
DA:37,0
DA:42,0
DA:49,0
DA:50,0
DA:53,0
LF:26
LH:2
BRDA:26,0,0,0
BRDA:26,0,1,0
BRDA:35,1,0,0
BRDA:35,1,1,0
BRF:4
BRH:0
end_of_record
TN:
SF:C:\Users\Tay\Desktop\Coding\flower-game-phaser3\src\phaser\init\buildGarden.js
FN:17,(anonymous_0)
FNF:1
FNH:0
FNDA:0,(anonymous_0)
DA:15,1
DA:17,1
DA:18,0
DA:19,0
DA:21,0
DA:22,0
DA:24,0
DA:25,0
DA:28,0
DA:29,0
DA:30,0
DA:33,0
DA:36,0
DA:39,0
DA:40,0
LF:15
LH:2
BRDA:21,0,0,0
BRDA:21,0,1,0
BRDA:24,1,0,0
BRDA:24,1,1,0
BRF:4
BRH:0
end_of_record
TN:
SF:C:\Users\Tay\Desktop\Coding\flower-game-phaser3\src\phaser\init\fillAvailableTiles.js
FN:10,(anonymous_0)
FN:18,(anonymous_1)
FN:42,(anonymous_2)
FNF:3
FNH:0
FNDA:0,(anonymous_0)
FNDA:0,(anonymous_1)
FNDA:0,(anonymous_2)
DA:10,1
DA:11,0
DA:12,0
DA:13,0
DA:15,0
DA:16,0
DA:18,0
DA:19,0
DA:24,0
DA:25,0
DA:32,0
DA:33,0
DA:36,0
DA:38,0
DA:39,0
DA:41,0
DA:42,0
DA:43,0
LF:18
LH:1
BRF:0
BRH:0
end_of_record
TN:
SF:C:\Users\Tay\Desktop\Coding\flower-game-phaser3\src\phaser\init\init.js
FN:7,init
FNF:1
FNH:0
FNDA:0,init
DA:8,0
DA:10,0
DA:12,0
DA:15,0
DA:18,0
DA:19,0
DA:22,0
DA:28,0
DA:29,0
DA:30,0
DA:31,0
DA:32,0
DA:33,0
DA:43,0
DA:46,0
LF:15
LH:0
BRF:0
BRH:0
end_of_record
TN:
SF:C:\Users\Tay\Desktop\Coding\flower-game-phaser3\src\phaser\scenes\create.js
FN:7,create
FNF:1
FNH:0
FNDA:0,create
DA:8,0
DA:11,0
DA:14,0
DA:17,0
DA:24,0
LF:5
LH:0
BRF:0
BRH:0
end_of_record
TN:
SF:C:\Users\Tay\Desktop\Coding\flower-game-phaser3\src\phaser\scenes\preload.js
FN:15,preload
FN:112,(anonymous_1)
FN:120,(anonymous_2)
FN:125,(anonymous_3)
FNF:4
FNH:0
FNDA:0,preload
FNDA:0,(anonymous_1)
FNDA:0,(anonymous_2)
FNDA:0,(anonymous_3)
DA:16,0
DA:22,0
DA:29,0
DA:36,0
DA:42,0
DA:47,0
DA:53,0
DA:60,0
DA:64,0
DA:71,0
DA:72,0
DA:73,0
DA:74,0
DA:76,0
DA:77,0
DA:78,0
DA:87,0
DA:89,0
DA:98,0
DA:100,0
DA:109,0
DA:112,0
DA:113,0
DA:114,0
DA:115,0
DA:116,0
DA:120,0
DA:121,0
DA:125,0
DA:126,0
DA:127,0
DA:128,0
DA:129,0
DA:130,0
LF:34
LH:0
BRF:0
BRH:0
end_of_record
TN:
SF:C:\Users\Tay\Desktop\Coding\flower-game-phaser3\src\phaser\scenes\scene.js
FN:6,(anonymous_0)
FN:13,(anonymous_1)
FN:16,(anonymous_2)
FN:19,(anonymous_3)
FNF:4
FNH:0
FNDA:0,(anonymous_0)
FNDA:0,(anonymous_1)
FNDA:0,(anonymous_2)
FNDA:0,(anonymous_3)
DA:7,0
DA:11,0
DA:14,0
DA:17,0
DA:20,0
LF:5
LH:0
BRF:0
BRH:0
end_of_record
TN:
SF:C:\Users\Tay\Desktop\Coding\flower-game-phaser3\src\phaser\scenes\update.js
FN:4,update
FNF:1
FNH:0
FNDA:0,update
DA:5,0
DA:7,0
DA:8,0
DA:17,0
DA:20,0
LF:5
LH:0
BRDA:5,0,0,0
BRDA:5,0,1,0
BRDA:7,1,0,0
BRDA:7,1,1,0
BRF:4
BRH:0
end_of_record
TN:
SF:C:\Users\Tay\Desktop\Coding\flower-game-phaser3\src\phaser\utils\add3dControls.js
FN:1,add3dControls
FN:3,(anonymous_1)
FN:8,(anonymous_2)
FN:19,(anonymous_3)
FN:23,(anonymous_4)
FNF:5
FNH:0
FNDA:0,add3dControls
FNDA:0,(anonymous_1)
FNDA:0,(anonymous_2)
FNDA:0,(anonymous_3)
FNDA:0,(anonymous_4)
DA:3,0
DA:6,0
DA:8,0
DA:9,0
DA:10,0
DA:11,0
DA:13,0
DA:14,0
DA:15,0
DA:19,0
DA:21,0
DA:23,0
DA:24,0
DA:25,0
DA:26,0
DA:28,0
DA:29,0
DA:30,0
LF:18
LH:0
BRDA:10,0,0,0
BRDA:10,0,1,0
BRDA:14,1,0,0
BRDA:14,1,1,0
BRDA:25,2,0,0
BRDA:25,2,1,0
BRDA:29,3,0,0
BRDA:29,3,1,0
BRF:8
BRH:0
end_of_record
TN:
SF:C:\Users\Tay\Desktop\Coding\flower-game-phaser3\src\phaser\utils\createAnims.js
FN:1,(anonymous_0)
FNF:1
FNH:0
FNDA:0,(anonymous_0)
DA:1,1
DA:4,0
DA:13,0
DA:22,0
DA:31,0
DA:40,0
DA:41,0
DA:42,0
DA:43,0
DA:44,0
DA:45,0
LF:11
LH:1
BRF:0
BRH:0
end_of_record
TN:
SF:C:\Users\Tay\Desktop\Coding\flower-game-phaser3\src\reducers\beesReducer.js
FN:4,beesReducer
FNF:1
FNH:1
FNDA:3,beesReducer
DA:5,3
DA:7,0
DA:8,0
DA:20,0
DA:21,0
DA:32,3
LF:6
LH:2
BRDA:4,0,0,3
BRDA:5,1,0,0
BRDA:5,1,1,0
BRDA:5,1,2,3
BRF:4
BRH:2
end_of_record
TN:
SF:C:\Users\Tay\Desktop\Coding\flower-game-phaser3\src\reducers\configReducer.js
FN:10,configReducer
FN:38,(anonymous_1)
FNF:2
FNH:1
FNDA:3,configReducer
FNDA:0,(anonymous_1)
DA:11,3
DA:13,0
DA:14,0
DA:20,0
DA:21,0
DA:32,0
DA:33,0
DA:38,0
DA:44,0
DA:45,0
DA:56,0
DA:57,0
DA:67,3
LF:13
LH:2
BRDA:10,0,0,3
BRDA:11,1,0,0
BRDA:11,1,1,0
BRDA:11,1,2,0
BRDA:11,1,3,0
BRDA:11,1,4,0
BRDA:11,1,5,3
BRF:7
BRH:2
end_of_record
TN:
SF:C:\Users\Tay\Desktop\Coding\flower-game-phaser3\src\reducers\flowersReducer.js
FN:19,flowersReducer
FNF:1
FNH:1
FNDA:3,flowersReducer
DA:20,3
DA:22,0
DA:24,0
DA:39,0
DA:40,0
DA:42,0
DA:43,0
DA:48,0
DA:67,0
DA:78,0
DA:79,0
DA:89,3
LF:12
LH:2
BRDA:19,0,0,3
BRDA:20,1,0,0
BRDA:20,1,1,0
BRDA:20,1,2,0
BRDA:20,1,3,0
BRDA:20,1,4,3
BRF:6
BRH:2
end_of_record
TN:
SF:C:\Users\Tay\Desktop\Coding\flower-game-phaser3\src\reducers\indexReducer.js
FNF:0
FNH:0
DA:7,1
LF:1
LH:1
BRF:0
BRH:0
end_of_record
TN:
SF:C:\Users\Tay\Desktop\Coding\flower-game-phaser3\src\reducers\punnettReducer.js
FN:4,punnettReducer
FN:21,(anonymous_1)
FNF:2
FNH:1
FNDA:3,punnettReducer
FNDA:0,(anonymous_1)
DA:5,3
DA:12,0
DA:14,0
DA:22,0
DA:23,0
DA:25,0
DA:33,3
LF:7
LH:2
BRDA:4,0,0,3
BRDA:5,1,0,0
BRDA:5,1,1,3
BRDA:22,2,0,0
BRDA:22,2,1,0
BRF:5
BRH:2
end_of_record
TN:
SF:C:\Users\Tay\Desktop\Coding\flower-game-phaser3\src\reducers\tilesReducer.js
FN:10,tilesReducer
FNF:1
FNH:1
FNDA:3,tilesReducer
DA:11,3
DA:13,0
DA:15,0
DA:23,0
DA:24,0
DA:26,0
DA:28,0
DA:30,0
DA:32,0
DA:46,0
DA:48,0
DA:49,0
DA:51,0
DA:53,0
DA:55,0
DA:69,0
DA:71,0
DA:77,3
LF:18
LH:2
BRDA:10,0,0,3
BRDA:11,1,0,0
BRDA:11,1,1,0
BRDA:11,1,2,0
BRDA:11,1,3,0
BRDA:11,1,4,3
BRF:6
BRH:2
end_of_record
TN:
SF:C:\Users\Tay\Desktop\Coding\flower-game-phaser3\src\types\actions.js
FNF:0
FNH:0
DA:1,1
DA:2,1
DA:3,1
DA:4,1
DA:6,1
DA:7,1
DA:9,1
DA:10,1
DA:12,1
DA:13,1
DA:15,1
DA:17,1
DA:18,1
DA:20,1
DA:22,1
LF:15
LH:15
BRF:0
BRH:0
end_of_record
TN:
SF:C:\Users\Tay\Desktop\Coding\flower-game-phaser3\src\types\allTypes.js
FNF:0
FNH:0
DA:4,2
LF:1
LH:1
BRF:0
BRH:0
end_of_record
TN:
SF:C:\Users\Tay\Desktop\Coding\flower-game-phaser3\src\types\colors.js
FNF:0
FNH:0
DA:1,3
LF:1
LH:1
BRF:0
BRH:0
end_of_record
TN:
SF:C:\Users\Tay\Desktop\Coding\flower-game-phaser3\src\types\flowerShapes.js
FNF:0
FNH:0
DA:1,3
LF:1
LH:1
BRF:0
BRH:0
end_of_record
TN:
SF:C:\Users\Tay\Desktop\Coding\flower-game-phaser3\src\types\flowerStems.js
FNF:0
FNH:0
DA:1,3
LF:1
LH:1
BRF:0
BRH:0
end_of_record
TN:
SF:C:\Users\Tay\Desktop\Coding\flower-game-phaser3\src\types\gardenShapes.js
FNF:0
FNH:0
DA:1,1
DA:2,1
LF:2
LH:2
BRF:0
BRH:0
end_of_record
TN:
SF:C:\Users\Tay\Desktop\Coding\flower-game-phaser3\src\utils\localStorage.js
FN:1,(anonymous_0)
FN:15,(anonymous_1)
FN:26,(anonymous_2)
FNF:3
FNH:1
FNDA:1,(anonymous_0)
FNDA:0,(anonymous_1)
FNDA:0,(anonymous_2)
DA:1,1
DA:2,1
DA:3,1
DA:4,1
DA:6,1
DA:8,0
DA:10,0
DA:11,0
DA:15,1
DA:16,0
DA:17,0
DA:18,0
DA:19,0
DA:21,0
DA:22,0
DA:26,1
DA:27,0
DA:28,0
DA:30,0
DA:31,0
LF:20
LH:7
BRDA:4,0,0,1
BRDA:4,0,1,0
BRF:2
BRH:1
end_of_record
TN:
SF:C:\Users\Tay\Desktop\Coding\flower-game-phaser3\src\utils\screenSize.js
FNF:0
FNH:0
DA:1,1
LF:1
LH:1
BRF:0
BRH:0
end_of_record
TN:
SF:C:\Users\Tay\Desktop\Coding\flower-game-phaser3\src\utils\visualFormatting.js
FN:1,(anonymous_0)
FNF:1
FNH:1
FNDA:44,(anonymous_0)
DA:1,1
DA:2,44
LF:2
LH:2
BRDA:2,0,0,44
BRDA:2,0,1,0
BRF:2
BRH:1
end_of_record
TN:
SF:C:\Users\Tay\Desktop\Coding\flower-game-phaser3\test\mocks\fileMock.js
FNF:0
FNH:0
DA:1,1
LF:1
LH:1
BRF:0
BRH:0
end_of_record
TN:
SF:C:\Users\Tay\Desktop\Coding\flower-game-phaser3\test\mocks\styleMock.js
FNF:0
FNH:0
DA:1,1
LF:1
LH:1
BRF:0
BRH:0
end_of_record
