TN:
SF:C:\Users\Tay\Desktop\Coding\flower-game-phaser3\src\App.jsx
FN:9,(anonymous_0)
FNF:1
FNH:1
FNDA:1,(anonymous_0)
DA:10,1
LF:1
LH:1
BRF:0
BRH:0
end_of_record
TN:
SF:C:\Users\Tay\Desktop\Coding\flower-game-phaser3\src\exampleState.js
FNF:0
FNH:0
DA:12,5
DA:13,5
DA:14,5
DA:15,5
DA:17,5
DA:18,5
DA:19,5
DA:20,5
DA:22,5
DA:23,5
DA:24,5
DA:25,5
DA:27,5
DA:33,5
DA:39,5
DA:41,5
DA:43,5
DA:45,5
LF:18
LH:18
BRF:0
BRH:0
end_of_record
TN:
SF:C:\Users\Tay\Desktop\Coding\flower-game-phaser3\src\actions\indexActions.js
FN:11,(anonymous_0)
FN:18,(anonymous_1)
FN:25,(anonymous_2)
FN:32,(anonymous_3)
FN:39,(anonymous_4)
FN:46,(anonymous_5)
FN:53,(anonymous_6)
FNF:7
FNH:7
FNDA:1,(anonymous_0)
FNDA:1,(anonymous_1)
FNDA:1,(anonymous_2)
FNDA:1,(anonymous_3)
FNDA:1,(anonymous_4)
FNDA:1,(anonymous_5)
FNDA:1,(anonymous_6)
DA:11,2
DA:12,1
DA:18,2
DA:19,1
DA:25,2
DA:26,1
DA:32,2
DA:33,1
DA:39,2
DA:40,1
DA:46,2
DA:47,1
DA:53,2
DA:54,1
LF:14
LH:14
BRF:0
BRH:0
end_of_record
TN:
SF:C:\Users\Tay\Desktop\Coding\flower-game-phaser3\src\components\Allele.js
FN:8,(anonymous_0)
FN:16,(anonymous_1)
FN:34,(anonymous_2)
FN:39,(anonymous_3)
FNF:4
FNH:2
FNDA:0,(anonymous_0)
FNDA:0,(anonymous_1)
FNDA:4,(anonymous_2)
FNDA:3,(anonymous_3)
DA:8,1
DA:9,0
DA:10,0
DA:13,0
DA:17,0
DA:19,0
DA:21,0
DA:23,0
DA:32,1
DA:34,4
DA:39,3
LF:11
LH:4
BRDA:11,0,0,0
BRDA:11,0,1,0
BRDA:17,1,0,0
BRDA:17,1,1,0
BRDA:17,1,2,0
BRF:5
BRH:0
end_of_record
TN:
SF:C:\Users\Tay\Desktop\Coding\flower-game-phaser3\src\components\ColorSquare.js
FN:4,(anonymous_0)
FNF:1
FNH:0
FNDA:0,(anonymous_0)
DA:4,1
DA:5,0
DA:6,0
DA:7,0
DA:24,1
LF:5
LH:2
BRDA:9,0,0,0
BRDA:9,0,1,0
BRF:2
BRH:0
end_of_record
TN:
SF:C:\Users\Tay\Desktop\Coding\flower-game-phaser3\src\components\Diploid.js
FN:14,(anonymous_0)
FNF:1
FNH:0
FNDA:0,(anonymous_0)
DA:15,0
DA:16,0
LF:2
LH:0
BRF:0
BRH:0
end_of_record
TN:
SF:C:\Users\Tay\Desktop\Coding\flower-game-phaser3\src\components\FlowerShapeIcon.js
FN:7,(anonymous_0)
FN:13,(anonymous_1)
FNF:2
FNH:0
FNDA:0,(anonymous_0)
FNDA:0,(anonymous_1)
DA:7,1
DA:8,0
DA:9,0
DA:11,0
DA:14,0
DA:16,0
DA:20,0
DA:24,0
DA:28,0
DA:32,0
DA:41,1
LF:11
LH:2
BRDA:14,0,0,0
BRDA:14,0,1,0
BRDA:14,0,2,0
BRDA:14,0,3,0
BRDA:14,0,4,0
BRF:5
BRH:0
end_of_record
TN:
SF:C:\Users\Tay\Desktop\Coding\flower-game-phaser3\src\components\Punnett.js
FN:8,(anonymous_0)
FNF:1
FNH:1
FNDA:1,(anonymous_0)
DA:9,1
LF:1
LH:1
BRF:0
BRH:0
end_of_record
TN:
SF:C:\Users\Tay\Desktop\Coding\flower-game-phaser3\src\components\PunnettTableGene.js
FN:14,(anonymous_0)
FNF:1
FNH:1
FNDA:1,(anonymous_0)
DA:15,1
DA:16,1
LF:2
LH:2
BRF:0
BRH:0
end_of_record
TN:
SF:C:\Users\Tay\Desktop\Coding\flower-game-phaser3\src\components\TableAllele.js
FN:13,(anonymous_0)
FN:37,mapStateToProps
FNF:2
FNH:0
FNDA:0,(anonymous_0)
FNDA:0,mapStateToProps
DA:20,0
DA:21,0
DA:24,0
DA:26,0
DA:27,0
DA:38,0
LF:6
LH:0
BRF:0
BRH:0
end_of_record
TN:
SF:C:\Users\Tay\Desktop\Coding\flower-game-phaser3\src\components\AlleleListbox\AlleleListboxContainer.js
FN:24,(anonymous_0)
FN:41,(anonymous_1)
FN:45,(anonymous_2)
FN:53,(anonymous_3)
FN:86,mapStateToProps
FNF:5
FNH:0
FNDA:0,(anonymous_0)
FNDA:0,(anonymous_1)
FNDA:0,(anonymous_2)
FNDA:0,(anonymous_3)
FNDA:0,mapStateToProps
DA:25,0
DA:27,0
DA:28,0
DA:29,0
DA:30,0
DA:31,0
DA:42,0
DA:48,0
DA:49,0
DA:54,0
DA:55,0
DA:56,0
DA:87,0
LF:13
LH:0
BRDA:48,0,0,0
BRDA:48,0,1,0
BRDA:68,1,0,0
BRDA:68,1,1,0
BRF:4
BRH:0
end_of_record
TN:
SF:C:\Users\Tay\Desktop\Coding\flower-game-phaser3\src\components\AlleleListbox\AlleleListboxOptions.js
FN:6,(anonymous_0)
FN:17,(anonymous_1)
FN:25,(anonymous_2)
FN:26,(anonymous_3)
FNF:4
FNH:0
FNDA:0,(anonymous_0)
FNDA:0,(anonymous_1)
FNDA:0,(anonymous_2)
FNDA:0,(anonymous_3)
DA:6,1
DA:12,0
DA:13,0
DA:14,0
DA:15,0
DA:18,0
DA:25,0
DA:26,0
DA:41,1
LF:9
LH:2
BRF:0
BRH:0
end_of_record
TN:
SF:C:\Users\Tay\Desktop\Coding\flower-game-phaser3\src\components\AlleleListbox\AlleleListboxSelect.js
FN:5,(anonymous_0)
FNF:1
FNH:0
FNDA:0,(anonymous_0)
DA:5,1
DA:12,0
DA:13,0
DA:37,1
LF:4
LH:2
BRDA:26,0,0,0
BRDA:26,0,1,0
BRF:2
BRH:0
end_of_record
TN:
SF:C:\Users\Tay\Desktop\Coding\flower-game-phaser3\src\components\AlleleListbox\handlers\listboxHandlers.js
FN:3,(anonymous_0)
FN:7,(anonymous_1)
FN:11,(anonymous_2)
FN:20,(anonymous_3)
FN:24,(anonymous_4)
FN:33,(anonymous_5)
FN:40,(anonymous_6)
FN:47,(anonymous_7)
FN:50,(anonymous_8)
FN:60,(anonymous_9)
FN:71,(anonymous_10)
FN:74,(anonymous_11)
FN:80,(anonymous_12)
FN:85,(anonymous_13)
FN:92,(anonymous_14)
FNF:15
FNH:0
FNDA:0,(anonymous_0)
FNDA:0,(anonymous_1)
FNDA:0,(anonymous_2)
FNDA:0,(anonymous_3)
FNDA:0,(anonymous_4)
FNDA:0,(anonymous_5)
FNDA:0,(anonymous_6)
FNDA:0,(anonymous_7)
FNDA:0,(anonymous_8)
FNDA:0,(anonymous_9)
FNDA:0,(anonymous_10)
FNDA:0,(anonymous_11)
FNDA:0,(anonymous_12)
FNDA:0,(anonymous_13)
FNDA:0,(anonymous_14)
DA:3,1
DA:4,0
DA:6,0
DA:7,0
DA:12,0
DA:15,0
DA:16,0
DA:18,0
DA:19,0
DA:20,0
DA:25,0
DA:28,0
DA:30,0
DA:31,0
DA:32,0
DA:33,0
DA:37,0
DA:38,0
DA:39,0
DA:40,0
DA:43,0
DA:45,0
DA:46,0
DA:48,0
DA:51,0
DA:55,0
DA:60,1
DA:61,0
DA:62,0
DA:69,0
DA:71,1
DA:72,0
DA:73,0
DA:75,0
DA:81,0
DA:85,0
DA:86,0
DA:92,1
DA:93,0
DA:95,0
DA:96,0
DA:98,0
DA:99,0
DA:101,0
LF:44
LH:4
BRDA:4,0,0,0
BRDA:4,0,1,0
BRDA:4,0,2,0
BRDA:18,1,0,0
BRDA:18,1,1,0
BRDA:18,2,0,0
BRDA:18,2,1,0
BRDA:30,3,0,0
BRDA:30,3,1,0
BRDA:37,4,0,0
BRDA:37,4,1,0
BRDA:45,5,0,0
BRDA:45,5,1,0
BRDA:72,6,0,0
BRDA:72,6,1,0
BRDA:93,7,0,0
BRDA:93,7,1,0
BRDA:93,7,2,0
BRDA:98,8,0,0
BRDA:98,8,1,0
BRDA:98,9,0,0
BRDA:98,9,1,0
BRF:22
BRH:0
end_of_record
TN:
SF:C:\Users\Tay\Desktop\Coding\flower-game-phaser3\src\components\Dashboard\AddRecessiveAllele.js
FN:6,mapStateToProps
FN:19,(anonymous_1)
FN:31,(anonymous_2)
FN:35,(anonymous_3)
FN:42,(anonymous_4)
FN:53,(anonymous_5)
FNF:6
FNH:0
FNDA:0,mapStateToProps
FNDA:0,(anonymous_1)
FNDA:0,(anonymous_2)
FNDA:0,(anonymous_3)
FNDA:0,(anonymous_4)
FNDA:0,(anonymous_5)
DA:7,0
DA:20,0
DA:21,0
DA:22,0
DA:23,0
DA:32,0
DA:36,0
DA:37,0
DA:38,0
DA:41,0
DA:42,0
DA:44,0
DA:45,0
DA:54,0
LF:14
LH:0
BRDA:61,0,0,0
BRDA:61,0,1,0
BRF:2
BRH:0
end_of_record
TN:
SF:C:\Users\Tay\Desktop\Coding\flower-game-phaser3\src\components\Dashboard\BeeCanFlyButton.js
FN:7,mapStateToProps
FN:14,(anonymous_1)
FN:18,(anonymous_2)
FN:21,(anonymous_3)
FN:29,(anonymous_4)
FNF:5
FNH:0
FNDA:0,mapStateToProps
FNDA:0,(anonymous_1)
FNDA:0,(anonymous_2)
FNDA:0,(anonymous_3)
FNDA:0,(anonymous_4)
DA:8,0
DA:15,0
DA:17,0
DA:18,0
DA:22,0
DA:30,0
LF:6
LH:0
BRDA:35,0,0,0
BRDA:35,0,1,0
BRDA:40,1,0,0
BRDA:40,1,1,0
BRF:4
BRH:0
end_of_record
TN:
SF:C:\Users\Tay\Desktop\Coding\flower-game-phaser3\src\components\Dashboard\ClearLocalStorageButton.js
FN:7,mapStateToProps
FN:12,(anonymous_1)
FN:16,(anonymous_2)
FNF:3
FNH:0
FNDA:0,mapStateToProps
FNDA:0,(anonymous_1)
FNDA:0,(anonymous_2)
DA:8,0
DA:13,0
DA:14,0
DA:17,0
LF:4
LH:0
BRF:0
BRH:0
end_of_record
TN:
SF:C:\Users\Tay\Desktop\Coding\flower-game-phaser3\src\components\Dashboard\Dashboard.js
FN:11,(anonymous_0)
FNF:1
FNH:0
FNDA:0,(anonymous_0)
DA:11,1
DA:12,0
LF:2
LH:1
BRF:0
BRH:0
end_of_record
TN:
SF:C:\Users\Tay\Desktop\Coding\flower-game-phaser3\src\components\Dashboard\NewFlowerFromPunnettButton.js
FN:13,mapStateToProps
FN:23,(anonymous_1)
FN:54,(anonymous_2)
FNF:3
FNH:0
FNDA:0,mapStateToProps
FNDA:0,(anonymous_1)
FNDA:0,(anonymous_2)
DA:14,0
DA:24,0
DA:25,0
DA:26,0
DA:28,0
DA:52,0
DA:55,0
DA:56,0
DA:57,0
DA:58,0
LF:10
LH:0
BRDA:63,0,0,0
BRDA:63,0,1,0
BRDA:63,0,2,0
BRDA:63,0,3,0
BRF:4
BRH:0
end_of_record
TN:
SF:C:\Users\Tay\Desktop\Coding\flower-game-phaser3\src\components\Dashboard\NewRandomFlowerButton.js
FN:16,mapStateToProps
FN:23,(anonymous_1)
FN:50,(anonymous_2)
FNF:3
FNH:0
FNDA:0,mapStateToProps
FNDA:0,(anonymous_1)
FNDA:0,(anonymous_2)
DA:17,0
DA:24,0
DA:26,0
DA:48,0
DA:51,0
LF:5
LH:0
BRF:0
BRH:0
end_of_record
TN:
SF:C:\Users\Tay\Desktop\Coding\flower-game-phaser3\src\components\Dashboard\RemoveRecessiveAllele.js
FN:6,mapStateToProps
FN:18,(anonymous_1)
FN:30,(anonymous_2)
FN:34,(anonymous_3)
FN:54,(anonymous_4)
FNF:5
FNH:0
FNDA:0,mapStateToProps
FNDA:0,(anonymous_1)
FNDA:0,(anonymous_2)
FNDA:0,(anonymous_3)
FNDA:0,(anonymous_4)
DA:7,0
DA:19,0
DA:20,0
DA:21,0
DA:22,0
DA:31,0
DA:35,0
DA:36,0
DA:38,0
DA:39,0
DA:41,0
DA:55,0
LF:12
LH:0
BRDA:50,0,0,0
BRDA:50,0,1,0
BRF:2
BRH:0
end_of_record
TN:
SF:C:\Users\Tay\Desktop\Coding\flower-game-phaser3\src\components\Dashboard\SaveToLocalStorageButton.js
FN:7,mapStateToProps
FN:12,(anonymous_1)
FN:18,(anonymous_2)
FNF:3
FNH:0
FNDA:0,mapStateToProps
FNDA:0,(anonymous_1)
FNDA:0,(anonymous_2)
DA:8,0
DA:13,0
DA:14,0
DA:19,0
LF:4
LH:0
BRF:0
BRH:0
end_of_record
TN:
SF:C:\Users\Tay\Desktop\Coding\flower-game-phaser3\src\components\FlowerTable\FlowerTable.js
FN:10,mapStateToProps
FN:21,(anonymous_1)
FN:32,(anonymous_2)
FNF:3
FNH:0
FNDA:0,mapStateToProps
FNDA:0,(anonymous_1)
FNDA:0,(anonymous_2)
DA:11,0
DA:22,0
DA:23,0
DA:24,0
DA:33,0
LF:5
LH:0
BRDA:26,0,0,0
BRDA:26,0,1,0
BRF:2
BRH:0
end_of_record
TN:
SF:C:\Users\Tay\Desktop\Coding\flower-game-phaser3\src\components\FlowerTable\FlowerTableHeader.js
FN:9,(anonymous_0)
FN:14,(anonymous_1)
FNF:2
FNH:0
FNDA:0,(anonymous_0)
FNDA:0,(anonymous_1)
DA:10,0
DA:11,0
DA:15,0
LF:3
LH:0
BRF:0
BRH:0
end_of_record
TN:
SF:C:\Users\Tay\Desktop\Coding\flower-game-phaser3\src\components\FlowerTable\FlowerTableRows.js
FN:15,(anonymous_0)
FN:20,(anonymous_1)
FNF:2
FNH:0
FNDA:0,(anonymous_0)
FNDA:0,(anonymous_1)
DA:16,0
DA:17,0
DA:21,0
DA:22,0
DA:23,0
DA:26,0
DA:29,0
LF:7
LH:0
BRF:0
BRH:0
end_of_record
TN:
SF:C:\Users\Tay\Desktop\Coding\flower-game-phaser3\src\determinants\determineColor.js
FN:5,determineColor
FN:41,getHexColor
FN:46,getRandomColor
FNF:3
FNH:3
FNDA:15,determineColor
FNDA:1,getHexColor
FNDA:21,getRandomColor
DA:2,8
DA:3,8
DA:7,15
DA:8,15
DA:9,15
DA:12,15
DA:13,6
DA:14,2
DA:16,6
DA:17,1
DA:22,15
DA:23,13
DA:27,2
DA:28,1
DA:32,1
DA:33,0
DA:36,1
DA:37,1
DA:43,1
DA:47,21
LF:20
LH:19
BRDA:13,0,0,2
BRDA:13,0,1,4
BRDA:16,1,0,1
BRDA:16,1,1,5
BRDA:22,2,0,13
BRDA:22,2,1,2
BRDA:22,3,0,15
BRDA:22,3,1,13
BRDA:27,4,0,1
BRDA:27,4,1,1
BRDA:27,5,0,2
BRDA:27,5,1,2
BRDA:32,6,0,0
BRDA:32,6,1,1
BRDA:32,7,0,1
BRDA:32,7,1,0
BRDA:36,8,0,1
BRDA:36,8,1,0
BRDA:36,9,0,1
BRDA:36,9,1,1
BRF:20
BRH:17
end_of_record
TN:
SF:C:\Users\Tay\Desktop\Coding\flower-game-phaser3\src\determinants\determineFlowerShape.js
FN:2,(anonymous_0)
FN:12,(anonymous_1)
FNF:2
FNH:2
FNDA:3,(anonymous_0)
FNDA:20,(anonymous_1)
DA:2,7
DA:3,3
DA:4,2
DA:6,1
DA:9,7
DA:10,7
DA:12,7
DA:13,20
LF:8
LH:8
BRDA:3,0,0,2
BRDA:3,0,1,1
BRF:2
BRH:2
end_of_record
TN:
SF:C:\Users\Tay\Desktop\Coding\flower-game-phaser3\src\determinants\determineGenotypePhenotype.js
FN:3,(anonymous_0)
FN:5,(anonymous_1)
FN:15,(anonymous_2)
FN:17,(anonymous_3)
FN:33,(anonymous_4)
FNF:5
FNH:5
FNDA:2,(anonymous_0)
FNDA:6,(anonymous_1)
FNDA:12,(anonymous_2)
FNDA:36,(anonymous_3)
FNDA:72,(anonymous_4)
DA:3,6
DA:4,2
DA:5,2
DA:7,6
DA:12,2
DA:15,6
DA:16,12
DA:17,12
DA:18,36
DA:20,12
DA:23,24
DA:26,36
DA:30,12
DA:33,6
DA:34,72
LF:15
LH:15
BRDA:18,0,0,12
BRDA:18,0,1,24
BRDA:18,0,2,36
BRF:3
BRH:3
end_of_record
TN:
SF:C:\Users\Tay\Desktop\Coding\flower-game-phaser3\src\determinants\determinePosition.js
FN:1,(anonymous_0)
FN:4,(anonymous_1)
FN:8,(anonymous_2)
FN:23,(anonymous_3)
FNF:4
FNH:4
FNDA:11,(anonymous_0)
FNDA:11,(anonymous_1)
FNDA:1,(anonymous_2)
FNDA:8,(anonymous_3)
DA:1,7
DA:2,11
DA:4,7
DA:5,11
DA:8,7
DA:13,1
DA:20,1
DA:22,1
DA:23,4
DA:24,8
DA:31,4
DA:36,4
DA:37,4
DA:41,1
DA:44,1
DA:45,1
DA:46,1
LF:17
LH:17
BRDA:31,0,0,4
BRDA:31,0,1,4
BRDA:31,0,2,4
BRDA:31,0,3,4
BRDA:36,1,0,4
BRDA:36,1,1,0
BRDA:36,2,0,4
BRDA:36,2,1,4
BRF:8
BRH:7
end_of_record
TN:
SF:C:\Users\Tay\Desktop\Coding\flower-game-phaser3\src\determinants\determineStem.js
FN:1,(anonymous_0)
FN:7,(anonymous_1)
FNF:2
FNH:2
FNDA:1,(anonymous_0)
FNDA:1,(anonymous_1)
DA:1,2
DA:2,1
DA:4,1
DA:7,2
DA:8,1
DA:10,1
LF:6
LH:6
BRF:0
BRH:0
end_of_record
TN:
SF:C:\Users\Tay\Desktop\Coding\flower-game-phaser3\src\reducers\beesReducer.js
FN:4,beesReducer
FNF:1
FNH:1
FNDA:2,beesReducer
DA:5,2
DA:7,1
DA:8,1
DA:20,1
DA:21,1
DA:32,0
LF:6
LH:5
BRDA:4,0,0,0
BRDA:5,1,0,1
BRDA:5,1,1,1
BRDA:5,1,2,0
BRF:4
BRH:2
end_of_record
TN:
SF:C:\Users\Tay\Desktop\Coding\flower-game-phaser3\src\reducers\configReducer.js
FN:8,configReducer
FN:36,(anonymous_1)
FNF:2
FNH:2
FNDA:4,configReducer
FNDA:1,(anonymous_1)
DA:9,4
DA:11,2
DA:12,2
DA:18,1
DA:19,1
DA:30,1
DA:31,1
DA:36,1
DA:43,0
LF:9
LH:8
BRDA:8,0,0,0
BRDA:9,1,0,2
BRDA:9,1,1,1
BRDA:9,1,2,1
BRDA:9,1,3,0
BRF:5
BRH:3
end_of_record
TN:
SF:C:\Users\Tay\Desktop\Coding\flower-game-phaser3\src\reducers\flowersReducer.js
FN:13,flowersReducer
FNF:1
FNH:1
FNDA:2,flowersReducer
DA:14,2
DA:16,1
DA:17,1
DA:20,1
DA:24,1
DA:26,1
DA:27,1
DA:32,1
DA:50,0
LF:9
LH:8
BRDA:13,0,0,0
BRDA:14,1,0,1
BRDA:14,1,1,1
BRDA:14,1,2,0
BRF:4
BRH:2
end_of_record
TN:
SF:C:\Users\Tay\Desktop\Coding\flower-game-phaser3\src\reducers\punnettReducer.js
FN:4,punnettReducer
FN:21,(anonymous_1)
FNF:2
FNH:2
FNDA:1,punnettReducer
FNDA:2,(anonymous_1)
DA:5,1
DA:12,1
DA:14,1
DA:22,2
DA:23,1
DA:25,1
DA:33,0
LF:7
LH:6
BRDA:4,0,0,0
BRDA:5,1,0,1
BRDA:5,1,1,0
BRDA:22,2,0,1
BRDA:22,2,1,1
BRF:5
BRH:3
end_of_record
TN:
SF:C:\Users\Tay\Desktop\Coding\flower-game-phaser3\src\types\actions.js
FNF:0
FNH:0
DA:1,6
DA:2,6
DA:3,6
DA:5,6
DA:6,6
DA:8,6
DA:10,6
DA:11,6
LF:8
LH:8
BRF:0
BRH:0
end_of_record
TN:
SF:C:\Users\Tay\Desktop\Coding\flower-game-phaser3\src\types\allTypes.js
FNF:0
FNH:0
DA:4,6
LF:1
LH:1
BRF:0
BRH:0
end_of_record
TN:
SF:C:\Users\Tay\Desktop\Coding\flower-game-phaser3\src\types\colors.js
FNF:0
FNH:0
DA:1,9
LF:1
LH:1
BRF:0
BRH:0
end_of_record
TN:
SF:C:\Users\Tay\Desktop\Coding\flower-game-phaser3\src\types\flowerShapes.js
FNF:0
FNH:0
DA:1,9
LF:1
LH:1
BRF:0
BRH:0
end_of_record
TN:
SF:C:\Users\Tay\Desktop\Coding\flower-game-phaser3\src\types\flowerStems.js
FNF:0
FNH:0
DA:1,7
LF:1
LH:1
BRF:0
BRH:0
end_of_record
TN:
SF:C:\Users\Tay\Desktop\Coding\flower-game-phaser3\src\utils\localStorage.js
FN:1,(anonymous_0)
FN:15,(anonymous_1)
FN:26,(anonymous_2)
FNF:3
FNH:3
FNDA:1,(anonymous_0)
FNDA:1,(anonymous_1)
FNDA:1,(anonymous_2)
DA:1,6
DA:2,1
DA:3,1
DA:4,1
DA:6,1
DA:8,0
DA:10,0
DA:11,0
DA:15,6
DA:16,1
DA:17,1
DA:18,1
DA:19,1
DA:21,0
DA:22,0
DA:26,6
DA:27,1
DA:28,1
DA:30,0
DA:31,0
LF:20
LH:13
BRDA:4,0,0,1
BRDA:4,0,1,0
BRF:2
BRH:1
end_of_record
TN:
SF:C:\Users\Tay\Desktop\Coding\flower-game-phaser3\src\utils\screenSize.js
FNF:0
FNH:0
DA:1,6
LF:1
LH:1
BRF:0
BRH:0
end_of_record
TN:
SF:C:\Users\Tay\Desktop\Coding\flower-game-phaser3\src\utils\visualFormatting.js
FN:1,(anonymous_0)
FNF:1
FNH:1
FNDA:1,(anonymous_0)
DA:1,1
DA:2,1
LF:2
LH:2
BRDA:2,0,0,1
BRDA:2,0,1,0
BRF:2
BRH:1
end_of_record
TN:
SF:C:\Users\Tay\Desktop\Coding\flower-game-phaser3\test\mocks\fileMock.js
FNF:0
FNH:0
DA:1,1
LF:1
LH:1
BRF:0
BRH:0
end_of_record
TN:
SF:C:\Users\Tay\Desktop\Coding\flower-game-phaser3\test\mocks\styleMock.js
FNF:0
FNH:0
DA:1,1
LF:1
LH:1
BRF:0
BRH:0
end_of_record
